#
# A fatal error has been detected by the Java Runtime Environment:
#
#  SIGSEGV (0xb) at pc=0x00007f7d8d3f1333, pid=266840, tid=266867
#
# JRE version: OpenJDK Runtime Environment JBR-11.0.14.1.1-1751.46-jcef (11.0.14.1+1) (build 11.0.14.1+1-b1751.46)
# Java VM: OpenJDK 64-Bit Server VM JBR-11.0.14.1.1-1751.46-jcef (11.0.14.1+1-b1751.46, mixed mode, tiered, compressed oops, g1 gc, linux-amd64)
# Problematic frame:
# v  ~BufferBlob::MethodHandles adapters
#
# Core dump will be written. Default location: Core dumps may be processed with "/usr/share/apport/apport %p %s %c %d %P %E" (or dumping to /home/mike/ParcerForOzon/docker-nginx-php-symfony/core.266840)
#
# If you would like to submit a bug report, please visit:
#   https://bugreport.java.com/bugreport/crash.jsp
#

---------------  S U M M A R Y ------------

Command Line: -Djava.rmi.server.hostname=127.0.0.1 -Duser.timezone=UTC -Xmx750m -Xms128m -Dfile.encoding=UTF-8 com.intellij.database.remote.RemoteJdbcServer com.mysql.cj.jdbc.Driver

Host: AMD Ryzen 5 3600 6-Core Processor, 12 cores, 15G, Ubuntu 20.04.4 LTS
Time: Sun Apr 17 21:16:40 2022 MSK elapsed time: 0.338792 seconds (0d 0h 0m 0s)

---------------  T H R E A D  ---------------

Current thread (0x00007f7d38001000):  JavaThread "RMI TCP Connection(2)-127.0.0.1" daemon [_thread_in_Java, id=266867, stack(0x00007f7d7c456000,0x00007f7d7c557000)]

Stack: [0x00007f7d7c456000,0x00007f7d7c557000],  sp=0x00007f7d7c54fa88,  free space=998k
Native frames: (J=compiled Java code, A=aot compiled Java code, j=interpreted, Vv=VM code, C=native code)
v  ~BufferBlob::MethodHandles adapters
j  java.lang.invoke.Invokers$Holder.linkToTargetMethod(Ljava/lang/Object;Ljava/lang/Object;)Ljava/lang/Object;+5 java.base@11.0.14.1
j  java.util.jar.JarFile.entries()Ljava/util/Enumeration;+5 java.base@11.0.14.1
j  jdk.internal.loader.URLClassPath$JarLoader.validIndex(Ljava/lang/String;)Z+25 java.base@11.0.14.1
j  jdk.internal.loader.URLClassPath$JarLoader.getResource(Ljava/lang/String;ZLjava/util/Set;)Ljdk/internal/loader/Resource;+273 java.base@11.0.14.1
j  jdk.internal.loader.URLClassPath$JarLoader.getResource(Ljava/lang/String;Z)Ljdk/internal/loader/Resource;+61 java.base@11.0.14.1
j  jdk.internal.loader.URLClassPath.getResource(Ljava/lang/String;Z)Ljdk/internal/loader/Resource;+53 java.base@11.0.14.1
j  jdk.internal.loader.BuiltinClassLoader.findClassOnClassPathOrNull(Ljava/lang/String;)Ljava/lang/Class;+26 java.base@11.0.14.1
J 810 c1 jdk.internal.loader.BuiltinClassLoader.loadClassOrNull(Ljava/lang/String;Z)Ljava/lang/Class; java.base@11.0.14.1 (143 bytes) @ 0x00007f7d8da8ab44 [0x00007f7d8da89a80+0x00000000000010c4]
J 847 c1 jdk.internal.loader.BuiltinClassLoader.loadClass(Ljava/lang/String;Z)Ljava/lang/Class; java.base@11.0.14.1 (22 bytes) @ 0x00007f7d8da9d754 [0x00007f7d8da9d660+0x00000000000000f4]
j  jdk.internal.loader.ClassLoaders$AppClassLoader.loadClass(Ljava/lang/String;Z)Ljava/lang/Class;+36 java.base@11.0.14.1
J 846 c1 java.lang.ClassLoader.loadClass(Ljava/lang/String;)Ljava/lang/Class; java.base@11.0.14.1 (7 bytes) @ 0x00007f7d8da9d33c [0x00007f7d8da9d240+0x00000000000000fc]
j  java.util.ResourceBundle$Control.newBundle(Ljava/lang/String;Ljava/util/Locale;Ljava/lang/String;Ljava/lang/ClassLoader;Z)Ljava/util/ResourceBundle;+24 java.base@11.0.14.1
j  java.util.ResourceBundle.loadBundle(Ljava/util/ResourceBundle$CacheKey;Ljava/util/List;Ljava/util/ResourceBundle$Control;Z)Ljava/util/ResourceBundle;+101 java.base@11.0.14.1
j  java.util.ResourceBundle.findBundle(Ljava/lang/Module;Ljava/lang/Module;Ljava/util/ResourceBundle$CacheKey;Ljava/util/List;Ljava/util/List;ILjava/util/ResourceBundle$Control;Ljava/util/ResourceBundle;)Ljava/util/ResourceBundle;+263 java.base@11.0.14.1
j  java.util.ResourceBundle.findBundle(Ljava/lang/Module;Ljava/lang/Module;Ljava/util/ResourceBundle$CacheKey;Ljava/util/List;Ljava/util/List;ILjava/util/ResourceBundle$Control;Ljava/util/ResourceBundle;)Ljava/util/ResourceBundle;+43 java.base@11.0.14.1
j  java.util.ResourceBundle.getBundleImpl(Ljava/lang/Module;Ljava/lang/Module;Ljava/lang/String;Ljava/util/Locale;Ljava/util/ResourceBundle$Control;)Ljava/util/ResourceBundle;+196 java.base@11.0.14.1
j  java.util.ResourceBundle.getBundleImpl(Ljava/lang/String;Ljava/util/Locale;Ljava/lang/Class;Ljava/lang/ClassLoader;Ljava/util/ResourceBundle$Control;)Ljava/util/ResourceBundle;+73 java.base@11.0.14.1
j  java.util.ResourceBundle.getBundle(Ljava/lang/String;Ljava/util/Locale;Ljava/lang/ClassLoader;)Ljava/util/ResourceBundle;+25 java.base@11.0.14.1
j  com.mysql.cj.Messages.<clinit>()V+19
v  ~StubRoutines::call_stub
V  [libjvm.so+0x87b4d3]  JavaCalls::call_helper(JavaValue*, methodHandle const&, JavaCallArguments*, Thread*)+0x313
V  [libjvm.so+0x85a07f]  InstanceKlass::call_class_initializer(Thread*)+0x26f
V  [libjvm.so+0x85a49c]  InstanceKlass::initialize_impl(Thread*)+0x3ac
V  [libjvm.so+0xa41c3d]  LinkResolver::resolve_static_call(CallInfo&, LinkInfo const&, bool, Thread*)+0x9d
V  [libjvm.so+0xa445eb]  LinkResolver::resolve_invoke(CallInfo&, Handle, constantPoolHandle const&, int, Bytecodes::Code, Thread*)+0x11b
V  [libjvm.so+0x874a56]  InterpreterRuntime::resolve_invoke(JavaThread*, Bytecodes::Code)+0x2d6
V  [libjvm.so+0x8750a5]  InterpreterRuntime::resolve_from_cache(JavaThread*, Bytecodes::Code)+0x165
j  com.mysql.cj.Constants.<clinit>()V+8
v  ~StubRoutines::call_stub
V  [libjvm.so+0x87b4d3]  JavaCalls::call_helper(JavaValue*, methodHandle const&, JavaCallArguments*, Thread*)+0x313
V  [libjvm.so+0x85a07f]  InstanceKlass::call_class_initializer(Thread*)+0x26f
V  [libjvm.so+0x85a49c]  InstanceKlass::initialize_impl(Thread*)+0x3ac
V  [libjvm.so+0xa40e8d]  LinkResolver::resolve_field(fieldDescriptor&, LinkInfo const&, Bytecodes::Code, bool, Thread*)+0x16d
V  [libjvm.so+0xa419ab]  LinkResolver::resolve_field_access(fieldDescriptor&, constantPoolHandle const&, int, methodHandle const&, Bytecodes::Code, Thread*)+0xdb
V  [libjvm.so+0x873cb8]  InterpreterRuntime::resolve_get_put(JavaThread*, Bytecodes::Code)+0x198
V  [libjvm.so+0x8750b5]  InterpreterRuntime::resolve_from_cache(JavaThread*, Bytecodes::Code)+0x175
j  com.mysql.cj.util.Util.<clinit>()V+9
v  ~StubRoutines::call_stub
V  [libjvm.so+0x87b4d3]  JavaCalls::call_helper(JavaValue*, methodHandle const&, JavaCallArguments*, Thread*)+0x313
V  [libjvm.so+0x85a07f]  InstanceKlass::call_class_initializer(Thread*)+0x26f
V  [libjvm.so+0x85a49c]  InstanceKlass::initialize_impl(Thread*)+0x3ac
V  [libjvm.so+0xa41c3d]  LinkResolver::resolve_static_call(CallInfo&, LinkInfo const&, bool, Thread*)+0x9d
V  [libjvm.so+0xa445eb]  LinkResolver::resolve_invoke(CallInfo&, Handle, constantPoolHandle const&, int, Bytecodes::Code, Thread*)+0x11b
V  [libjvm.so+0x874a56]  InterpreterRuntime::resolve_invoke(JavaThread*, Bytecodes::Code)+0x2d6
V  [libjvm.so+0x8750a5]  InterpreterRuntime::resolve_from_cache(JavaThread*, Bytecodes::Code)+0x165
j  com.mysql.cj.conf.ConnectionUrl$Type.getImplementingInstance(Lcom/mysql/cj/conf/ConnectionUrlParser;Ljava/util/Properties;)Lcom/mysql/cj/conf/ConnectionUrl;+31
j  com.mysql.cj.conf.ConnectionUrl$Type.getConnectionUrlInstance(Lcom/mysql/cj/conf/ConnectionUrlParser;Ljava/util/Properties;)Lcom/mysql/cj/conf/ConnectionUrl;+167
j  com.mysql.cj.conf.ConnectionUrl.getConnectionUrlInstance(Ljava/lang/String;Ljava/util/Properties;)Lcom/mysql/cj/conf/ConnectionUrl;+102
j  com.mysql.cj.jdbc.NonRegisteringDriver.connect(Ljava/lang/String;Ljava/util/Properties;)Ljava/sql/Connection;+11
j  com.intellij.database.remote.jdbc.helpers.JdbcHelperImpl.connect(Ljava/sql/Driver;Ljava/lang/String;Ljava/util/Properties;Ljava/util/Map;)Ljava/sql/Connection;+273
j  com.intellij.database.remote.jdbc.helpers.MysqlBaseJdbcHelper.connect(Ljava/sql/Driver;Ljava/lang/String;Ljava/util/Properties;Ljava/util/Map;)Ljava/sql/Connection;+41
j  com.intellij.database.remote.jdbc.impl.RemoteDriverImpl.connect(Ljava/lang/String;Ljava/util/Properties;Ljava/util/Map;)Lcom/intellij/database/remote/jdbc/RemoteConnection;+39
v  ~StubRoutines::call_stub
V  [libjvm.so+0x87b4d3]  JavaCalls::call_helper(JavaValue*, methodHandle const&, JavaCallArguments*, Thread*)+0x313
V  [libjvm.so+0xc618fb]  invoke(InstanceKlass*, methodHandle const&, Handle, bool, objArrayHandle, BasicType, objArrayHandle, bool, Thread*) [clone .constprop.169]+0x9db
V  [libjvm.so+0xc621c4]  Reflection::invoke_method(oopDesc*, Handle, objArrayHandle, Thread*)+0x104
V  [libjvm.so+0x922ec7]  JVM_InvokeMethod+0xf7
j  jdk.internal.reflect.NativeMethodAccessorImpl.invoke0(Ljava/lang/reflect/Method;Ljava/lang/Object;[Ljava/lang/Object;)Ljava/lang/Object;+0 java.base@11.0.14.1
j  jdk.internal.reflect.NativeMethodAccessorImpl.invoke(Ljava/lang/Object;[Ljava/lang/Object;)Ljava/lang/Object;+100 java.base@11.0.14.1
j  jdk.internal.reflect.DelegatingMethodAccessorImpl.invoke(Ljava/lang/Object;[Ljava/lang/Object;)Ljava/lang/Object;+6 java.base@11.0.14.1
j  java.lang.reflect.Method.invoke(Ljava/lang/Object;[Ljava/lang/Object;)Ljava/lang/Object;+59 java.base@11.0.14.1
j  sun.rmi.server.UnicastServerRef.dispatch(Ljava/rmi/Remote;Ljava/rmi/server/RemoteCall;)V+264 java.rmi@11.0.14.1
j  sun.rmi.transport.Transport$1.run()Ljava/lang/Void;+23 java.rmi@11.0.14.1
j  sun.rmi.transport.Transport$1.run()Ljava/lang/Object;+1 java.rmi@11.0.14.1
v  ~StubRoutines::call_stub
V  [libjvm.so+0x87b4d3]  JavaCalls::call_helper(JavaValue*, methodHandle const&, JavaCallArguments*, Thread*)+0x313
V  [libjvm.so+0x9264ca]  JVM_DoPrivileged+0x52a
j  java.security.AccessController.doPrivileged(Ljava/security/PrivilegedExceptionAction;Ljava/security/AccessControlContext;)Ljava/lang/Object;+0 java.base@11.0.14.1
j  sun.rmi.transport.Transport.serviceCall(Ljava/rmi/server/RemoteCall;)Z+157 java.rmi@11.0.14.1
j  sun.rmi.transport.tcp.TCPTransport.handleMessages(Lsun/rmi/transport/Connection;Z)V+145 java.rmi@11.0.14.1
j  sun.rmi.transport.tcp.TCPTransport$ConnectionHandler.run0()V+490 java.rmi@11.0.14.1
j  sun.rmi.transport.tcp.TCPTransport$ConnectionHandler.lambda$run$0()Ljava/lang/Void;+1 java.rmi@11.0.14.1
j  sun.rmi.transport.tcp.TCPTransport$ConnectionHandler$$Lambda$41.run()Ljava/lang/Object;+4 java.rmi@11.0.14.1
v  ~StubRoutines::call_stub
V  [libjvm.so+0x87b4d3]  JavaCalls::call_helper(JavaValue*, methodHandle const&, JavaCallArguments*, Thread*)+0x313
V  [libjvm.so+0x9264ca]  JVM_DoPrivileged+0x52a
j  java.security.AccessController.doPrivileged(Ljava/security/PrivilegedAction;Ljava/security/AccessControlContext;)Ljava/lang/Object;+0 java.base@11.0.14.1
j  sun.rmi.transport.tcp.TCPTransport$ConnectionHandler.run()V+37 java.rmi@11.0.14.1
j  java.util.concurrent.ThreadPoolExecutor.runWorker(Ljava/util/concurrent/ThreadPoolExecutor$Worker;)V+92 java.base@11.0.14.1
j  java.util.concurrent.ThreadPoolExecutor$Worker.run()V+5 java.base@11.0.14.1
j  java.lang.Thread.run()V+11 java.base@11.0.14.1
v  ~StubRoutines::call_stub
V  [libjvm.so+0x87b4d3]  JavaCalls::call_helper(JavaValue*, methodHandle const&, JavaCallArguments*, Thread*)+0x313
V  [libjvm.so+0x879770]  JavaCalls::call_virtual(JavaValue*, Klass*, Symbol*, Symbol*, JavaCallArguments*, Thread*)+0x160
V  [libjvm.so+0x879841]  JavaCalls::call_virtual(JavaValue*, Handle, Klass*, Symbol*, Symbol*, Thread*)+0x81
V  [libjvm.so+0x919d4c]  thread_entry(JavaThread*, Thread*)+0x6c
V  [libjvm.so+0xe099a0]  JavaThread::thread_main_inner()+0xd0
V  [libjvm.so+0xe05a89]  Thread::call_run()+0x149
V  [libjvm.so+0xbc9f0e]  thread_native_entry(Thread*)+0xee


siginfo: si_signo: 11 (SIGSEGV), si_code: 2 (SEGV_ACCERR), si_addr: 0x00007f7d78159b60

Register to memory mapping:

RAX=0x00007f7d8d3d4f80 is at code_begin+1664 in an Interpreter codelet
invoke return entry points  [0x00007f7d8d3d4900, 0x00007f7d8d3d52e0]  2528 bytes
RBX=0x00007f7d78159b18 is an unknown value
RCX=0x00007f7d8cc10d58 is pointing into metadata
RDX=0x00007f7d8d3d4f80 is at code_begin+1664 in an Interpreter codelet
invoke return entry points  [0x00007f7d8d3d4900, 0x00007f7d8d3d52e0]  2528 bytes
RSP=0x00007f7d7c54fa88 is pointing into the stack for thread: 0x00007f7d38001000
RBP=0x00007f7d7c54fae0 is pointing into the stack for thread: 0x00007f7d38001000
RSI=0x00000000d831d390 is an oop: java.lang.invoke.DirectMethodHandle 
{0x00000000d831d390} - klass: 'java/lang/invoke/DirectMethodHandle'
RDI=0x00007f7d8ce92e38 is pointing into metadata
R8 =0x00000000d8379110 is an oop: [B 
{0x00000000d8379110} - klass: {type array byte}
 - length: 44
R9 =0x0000000000000004 is an unknown value
R10=0x00007f7da93520a0: <offset 0x00000000014960a0> in /snap/phpstorm/260/jbr/lib/server/libjvm.so at 0x00007f7da7ebc000
R11=0x00007f7d8d9ce840 is at entry_point+0 in (nmethod*)0x00007f7d8d9ce690
R12=0x0 is NULL
R13=0x00007f7d7c54fa88 is pointing into the stack for thread: 0x00007f7d38001000
R14=0x00007f7d7c54fb00 is pointing into the stack for thread: 0x00007f7d38001000
R15=0x00007f7d38001000 is a thread


Registers:
RAX=0x00007f7d8d3d4f80, RBX=0x00007f7d78159b18, RCX=0x00007f7d8cc10d58, RDX=0x00007f7d8d3d4f80
RSP=0x00007f7d7c54fa88, RBP=0x00007f7d7c54fae0, RSI=0x00000000d831d390, RDI=0x00007f7d8ce92e38
R8 =0x00000000d8379110, R9 =0x0000000000000004, R10=0x00007f7da93520a0, R11=0x00007f7d8d9ce840
R12=0x0000000000000000, R13=0x00007f7d7c54fa88, R14=0x00007f7d7c54fb00, R15=0x00007f7d38001000
RIP=0x00007f7d8d3f1333, EFLAGS=0x0000000000010206, CSGSFS=0x002b000000000033, ERR=0x0000000000000004
  TRAPNO=0x000000000000000e

Top of Stack: (sp=0x00007f7d7c54fa88)
0x00007f7d7c54fa88:   00007f7d8d3d4f80 00000000d8f33818
0x00007f7d7c54fa98:   00007f7d7c54fa98 00007f7d8cc0c8fa
0x00007f7d7c54faa8:   00007f7d7c54fb00 00007f7d8cc10d58
0x00007f7d7c54fab8:   0000000000000000 00000000d8f160a0 

Instructions: (pc=0x00007f7d8d3f1333)
0x00007f7d8d3f1233:   8d 7d 7f 00 00 80 8f 3f 8d 7d 7f 00 00 80 12 3f
0x00007f7d8d3f1243:   8d 7d 7f 00 00 80 8f 3f 8d 7d 7f 00 00 78 12 3f
0x00007f7d8d3f1253:   8d 7d 7f 00 00 78 12 3f 8d 7d 7f 00 00 00 00 00
0x00007f7d8d3f1263:   00 00 00 00 00 00 00 00 00 00 00 00 00 90 26 dd
0x00007f7d8d3f1273:   a8 7d 7f 00 00 00 00 00 00 00 00 00 00 f4 66 66
0x00007f7d8d3f1283:   66 0f 1f 84 00 00 00 00 00 66 66 0f 1f 84 00 00
0x00007f7d8d3f1293:   00 00 00 66 66 0f 1f 84 00 00 00 00 00 48 8b 53
0x00007f7d8d3f12a3:   08 0f b7 52 34 48 8b 0c d4 8b 59 14 8b 5b 28 8b
0x00007f7d8d3f12b3:   5b 24 48 8b 5b 10 48 85 db 0f 84 03 00 00 00 ff
0x00007f7d8d3f12c3:   63 48 e9 36 83 00 00 66 66 66 0f 1f 84 00 00 00
0x00007f7d8d3f12d3:   00 00 66 66 66 0f 1f 84 00 00 00 00 00 48 8b 53
0x00007f7d8d3f12e3:   08 0f b7 52 34 48 8b 0c d4 58 5b 50 44 8b 51 08
0x00007f7d8d3f12f3:   49 c1 e2 03 4c 8b 5b 10 4b 8b 9c da d0 01 00 00
0x00007f7d8d3f1303:   48 85 db 0f 84 03 00 00 00 ff 63 48 e9 ec 82 00
0x00007f7d8d3f1313:   00 66 0f 1f 44 00 00 66 0f 1f 44 00 00 58 5b 50
0x00007f7d8d3f1323:   8b 5b 24 48 8b 5b 10 48 85 db 0f 84 03 00 00 00
0x00007f7d8d3f1333:   ff 63 48 e9 c5 82 00 00 0f 1f 44 00 00 48 8b 53
0x00007f7d8d3f1343:   08 0f b7 52 34 48 8b 0c d4 58 5b 50 48 3b 01 8b
0x00007f7d8d3f1353:   5b 24 48 8b 5b 10 48 85 db 0f 84 03 00 00 00 ff
0x00007f7d8d3f1363:   63 48 e9 96 82 00 00 66 66 66 0f 1f 84 00 00 00
0x00007f7d8d3f1373:   00 00 66 66 66 0f 1f 84 00 00 00 00 00 48 8b 53
0x00007f7d8d3f1383:   08 0f b7 52 34 48 8b 0c d4 58 5b 50 44 8b 51 08
0x00007f7d8d3f1393:   49 c1 e2 03 8b 43 18 48 8b 40 50 48 8b 5b 10 45
0x00007f7d8d3f13a3:   8b 9a c4 00 00 00 4f 8d 9c da d0 01 00 00 4d 8d
0x00007f7d8d3f13b3:   14 da 49 8b 1b 48 3b c3 74 15 48 85 db 0f 84 25
0x00007f7d8d3f13c3:   00 00 00 49 83 c3 10 49 8b 1b 48 3b c3 75 eb 45
0x00007f7d8d3f13d3:   8b 5b 08 4b 8b 1c 1a 48 85 db 0f 84 03 00 00 00
0x00007f7d8d3f13e3:   ff 63 48 e9 15 82 00 00 e9 10 7f 00 00 00 00 00
0x00007f7d8d3f13f3:   00 00 00 00 00 00 00 00 00 00 00 00 00 00 00 00
0x00007f7d8d3f1403:   00 00 00 00 00 00 00 00 00 00 00 00 00 00 00 00
0x00007f7d8d3f1413:   00 00 00 00 00 00 00 00 00 00 00 00 00 00 00 00
0x00007f7d8d3f1423:   00 00 00 00 00 00 00 00 00 00 00 00 00 00 00 00 


Stack slot to memory mapping:
stack at sp + 0 slots: 0x00007f7d8d3d4f80 is at code_begin+1664 in an Interpreter codelet
invoke return entry points  [0x00007f7d8d3d4900, 0x00007f7d8d3d52e0]  2528 bytes
stack at sp + 1 slots: 0x00000000d8f33818 is an oop: java.util.jar.JarFile 
{0x00000000d8f33818} - klass: 'java/util/jar/JarFile'
stack at sp + 2 slots: 0x00007f7d7c54fa98 is pointing into the stack for thread: 0x00007f7d38001000
stack at sp + 3 slots: 0x00007f7d8cc0c8fa is pointing into metadata
stack at sp + 4 slots: 0x00007f7d7c54fb00 is pointing into the stack for thread: 0x00007f7d38001000
stack at sp + 5 slots: 0x00007f7d8cc10d58 is pointing into metadata
stack at sp + 6 slots: 0x0 is NULL
stack at sp + 7 slots: 0x00000000d8f160a0 is an oop: java.lang.Class 
{0x00000000d8f160a0} - klass: 'java/lang/Class'

MethodHandle::interpreter_entry::_linkToStatic [0x00007f7d8d3f1314, 0x00007f7d8d3f133b[ (39 bytes)
---------------  P R O C E S S  ---------------

Threads class SMR info:
_java_thread_list=0x00007f7d280a0430, length=19, elements={
0x00007f7da0028000, 0x00007f7da0156800, 0x00007f7da015a800, 0x00007f7da0171000,
0x00007f7da0172800, 0x00007f7da0175000, 0x00007f7da0177000, 0x00007f7da0179000,
0x00007f7da020c800, 0x00007f7d5804e000, 0x00007f7da0289800, 0x00007f7da0332000,
0x00007f7da033b800, 0x00007f7da033d000, 0x00007f7da0342800, 0x00007f7d5c2c2000,
0x00007f7d44001800, 0x00007f7d38001000, 0x00007f7d2809f000
}

Java Threads: ( => current thread )
  0x00007f7da0028000 JavaThread "main" [_thread_blocked, id=266841, stack(0x00007f7da7c6c000,0x00007f7da7d6d000)]
  0x00007f7da0156800 JavaThread "Reference Handler" daemon [_thread_blocked, id=266848, stack(0x00007f7d8c541000,0x00007f7d8c642000)]
  0x00007f7da015a800 JavaThread "Finalizer" daemon [_thread_blocked, id=266849, stack(0x00007f7d8c440000,0x00007f7d8c541000)]
  0x00007f7da0171000 JavaThread "Signal Dispatcher" daemon [_thread_blocked, id=266850, stack(0x00007f7d8c33f000,0x00007f7d8c440000)]
  0x00007f7da0172800 JavaThread "Service Thread" daemon [_thread_blocked, id=266851, stack(0x00007f7d8c23e000,0x00007f7d8c33f000)]
  0x00007f7da0175000 JavaThread "C2 CompilerThread0" daemon [_thread_blocked, id=266852, stack(0x00007f7d8c13d000,0x00007f7d8c23e000)]
  0x00007f7da0177000 JavaThread "C1 CompilerThread0" daemon [_thread_blocked, id=266853, stack(0x00007f7d8c03c000,0x00007f7d8c13d000)]
  0x00007f7da0179000 JavaThread "Sweeper thread" daemon [_thread_blocked, id=266854, stack(0x00007f7d7d98e000,0x00007f7d7da8f000)]
  0x00007f7da020c800 JavaThread "Common-Cleaner" daemon [_thread_blocked, id=266856, stack(0x00007f7d7d78b000,0x00007f7d7d88c000)]
  0x00007f7d5804e000 JavaThread "C2 CompilerThread1" daemon [_thread_blocked, id=266857, stack(0x00007f7d7d263000,0x00007f7d7d364000)]
  0x00007f7da0289800 JavaThread "mysql-cj-abandoned-connection-cleanup" daemon [_thread_blocked, id=266858, stack(0x00007f7d7d162000,0x00007f7d7d263000)]
  0x00007f7da0332000 JavaThread "RMI TCP Accept-48938" daemon [_thread_in_native, id=266859, stack(0x00007f7d7ce5e000,0x00007f7d7cf5f000)]
  0x00007f7da033b800 JavaThread "RMI TCP Accept-0" daemon [_thread_in_native, id=266860, stack(0x00007f7d7cd5d000,0x00007f7d7ce5e000)]
  0x00007f7da033d000 JavaThread "RMI Reaper" [_thread_blocked, id=266861, stack(0x00007f7d7cc5c000,0x00007f7d7cd5d000)]
  0x00007f7da0342800 JavaThread "RMI GC Daemon" daemon [_thread_blocked, id=266862, stack(0x00007f7d7c959000,0x00007f7d7ca5a000)]
  0x00007f7d5c2c2000 JavaThread "C2 CompilerThread2" daemon [_thread_in_native, id=266863, stack(0x00007f7d7c658000,0x00007f7d7c759000)]
  0x00007f7d44001800 JavaThread "RMI TCP Connection(1)-127.0.0.1" daemon [_thread_in_native, id=266864, stack(0x00007f7d7c557000,0x00007f7d7c658000)]
=>0x00007f7d38001000 JavaThread "RMI TCP Connection(2)-127.0.0.1" daemon [_thread_in_Java, id=266867, stack(0x00007f7d7c456000,0x00007f7d7c557000)]
  0x00007f7d2809f000 JavaThread "RMI Scheduler(0)" daemon [_thread_blocked, id=266868, stack(0x00007f7d7c355000,0x00007f7d7c456000)]

Other Threads:
  0x00007f7da014e000 VMThread "VM Thread" [stack: 0x00007f7d8c644000,0x00007f7d8c744000] [id=266847]
  0x00007f7da0200800 WatcherThread [stack: 0x00007f7d7d88e000,0x00007f7d7d98e000] [id=266855]
  0x00007f7da0040000 GCTaskThread "GC Thread#0" [stack: 0x00007f7da7106000,0x00007f7da7206000] [id=266842]
  0x00007f7da0056800 ConcurrentGCThread "G1 Main Marker" [stack: 0x00007f7da49f4000,0x00007f7da4af4000] [id=266843]
  0x00007f7da0058800 ConcurrentGCThread "G1 Conc#0" [stack: 0x00007f7da48f2000,0x00007f7da49f2000] [id=266844]
  0x00007f7da00e8800 ConcurrentGCThread "G1 Refine#0" [stack: 0x00007f7d8d0c9000,0x00007f7d8d1c9000] [id=266845]
  0x00007f7da00ea000 ConcurrentGCThread "G1 Young RemSet Sampling" [stack: 0x00007f7d8cfc7000,0x00007f7d8d0c7000] [id=266846]

Threads with active compile tasks:
C2 CompilerThread2    345  893       4       java.util.Properties::loadConvert (524 bytes)

VM state:not at safepoint (normal execution)

VM Mutex/Monitor currently owned by a thread: None

Heap address: 0x00000000d1200000, size: 750 MB, Compressed Oops mode: 32-bit
Narrow klass base: 0x0000000000000000, Narrow klass shift: 3
Compressed class space size: 1073741824 Address: 0x0000000100000000

Heap:
 garbage-first heap   total 131072K, used 14336K [0x00000000d1200000, 0x0000000100000000)
  region size 1024K, 15 young (15360K), 0 survivors (0K)
 Metaspace       used 12077K, capacity 12619K, committed 12800K, reserved 1060864K
  class space    used 1252K, capacity 1483K, committed 1536K, reserved 1048576K
Heap Regions: E=young(eden), S=young(survivor), O=old, HS=humongous(starts), HC=humongous(continues), CS=collection set, F=free, A=archive, TAMS=top-at-mark-start (previous, next)
|   0|0x00000000d1200000, 0x00000000d1200000, 0x00000000d1300000|  0%| F|  |TAMS 0x00000000d1200000, 0x00000000d1200000| Untracked 
|   1|0x00000000d1300000, 0x00000000d1300000, 0x00000000d1400000|  0%| F|  |TAMS 0x00000000d1300000, 0x00000000d1300000| Untracked 
|   2|0x00000000d1400000, 0x00000000d1400000, 0x00000000d1500000|  0%| F|  |TAMS 0x00000000d1400000, 0x00000000d1400000| Untracked 
|   3|0x00000000d1500000, 0x00000000d1500000, 0x00000000d1600000|  0%| F|  |TAMS 0x00000000d1500000, 0x00000000d1500000| Untracked 
|   4|0x00000000d1600000, 0x00000000d1600000, 0x00000000d1700000|  0%| F|  |TAMS 0x00000000d1600000, 0x00000000d1600000| Untracked 
|   5|0x00000000d1700000, 0x00000000d1700000, 0x00000000d1800000|  0%| F|  |TAMS 0x00000000d1700000, 0x00000000d1700000| Untracked 
|   6|0x00000000d1800000, 0x00000000d1800000, 0x00000000d1900000|  0%| F|  |TAMS 0x00000000d1800000, 0x00000000d1800000| Untracked 
|   7|0x00000000d1900000, 0x00000000d1900000, 0x00000000d1a00000|  0%| F|  |TAMS 0x00000000d1900000, 0x00000000d1900000| Untracked 
|   8|0x00000000d1a00000, 0x00000000d1a00000, 0x00000000d1b00000|  0%| F|  |TAMS 0x00000000d1a00000, 0x00000000d1a00000| Untracked 
|   9|0x00000000d1b00000, 0x00000000d1b00000, 0x00000000d1c00000|  0%| F|  |TAMS 0x00000000d1b00000, 0x00000000d1b00000| Untracked 
|  10|0x00000000d1c00000, 0x00000000d1c00000, 0x00000000d1d00000|  0%| F|  |TAMS 0x00000000d1c00000, 0x00000000d1c00000| Untracked 
|  11|0x00000000d1d00000, 0x00000000d1d00000, 0x00000000d1e00000|  0%| F|  |TAMS 0x00000000d1d00000, 0x00000000d1d00000| Untracked 
|  12|0x00000000d1e00000, 0x00000000d1e00000, 0x00000000d1f00000|  0%| F|  |TAMS 0x00000000d1e00000, 0x00000000d1e00000| Untracked 
|  13|0x00000000d1f00000, 0x00000000d1f00000, 0x00000000d2000000|  0%| F|  |TAMS 0x00000000d1f00000, 0x00000000d1f00000| Untracked 
|  14|0x00000000d2000000, 0x00000000d2000000, 0x00000000d2100000|  0%| F|  |TAMS 0x00000000d2000000, 0x00000000d2000000| Untracked 
|  15|0x00000000d2100000, 0x00000000d2100000, 0x00000000d2200000|  0%| F|  |TAMS 0x00000000d2100000, 0x00000000d2100000| Untracked 
|  16|0x00000000d2200000, 0x00000000d2200000, 0x00000000d2300000|  0%| F|  |TAMS 0x00000000d2200000, 0x00000000d2200000| Untracked 
|  17|0x00000000d2300000, 0x00000000d2300000, 0x00000000d2400000|  0%| F|  |TAMS 0x00000000d2300000, 0x00000000d2300000| Untracked 
|  18|0x00000000d2400000, 0x00000000d2400000, 0x00000000d2500000|  0%| F|  |TAMS 0x00000000d2400000, 0x00000000d2400000| Untracked 
|  19|0x00000000d2500000, 0x00000000d2500000, 0x00000000d2600000|  0%| F|  |TAMS 0x00000000d2500000, 0x00000000d2500000| Untracked 
|  20|0x00000000d2600000, 0x00000000d2600000, 0x00000000d2700000|  0%| F|  |TAMS 0x00000000d2600000, 0x00000000d2600000| Untracked 
|  21|0x00000000d2700000, 0x00000000d2700000, 0x00000000d2800000|  0%| F|  |TAMS 0x00000000d2700000, 0x00000000d2700000| Untracked 
|  22|0x00000000d2800000, 0x00000000d2800000, 0x00000000d2900000|  0%| F|  |TAMS 0x00000000d2800000, 0x00000000d2800000| Untracked 
|  23|0x00000000d2900000, 0x00000000d2900000, 0x00000000d2a00000|  0%| F|  |TAMS 0x00000000d2900000, 0x00000000d2900000| Untracked 
|  24|0x00000000d2a00000, 0x00000000d2a00000, 0x00000000d2b00000|  0%| F|  |TAMS 0x00000000d2a00000, 0x00000000d2a00000| Untracked 
|  25|0x00000000d2b00000, 0x00000000d2b00000, 0x00000000d2c00000|  0%| F|  |TAMS 0x00000000d2b00000, 0x00000000d2b00000| Untracked 
|  26|0x00000000d2c00000, 0x00000000d2c00000, 0x00000000d2d00000|  0%| F|  |TAMS 0x00000000d2c00000, 0x00000000d2c00000| Untracked 
|  27|0x00000000d2d00000, 0x00000000d2d00000, 0x00000000d2e00000|  0%| F|  |TAMS 0x00000000d2d00000, 0x00000000d2d00000| Untracked 
|  28|0x00000000d2e00000, 0x00000000d2e00000, 0x00000000d2f00000|  0%| F|  |TAMS 0x00000000d2e00000, 0x00000000d2e00000| Untracked 
|  29|0x00000000d2f00000, 0x00000000d2f00000, 0x00000000d3000000|  0%| F|  |TAMS 0x00000000d2f00000, 0x00000000d2f00000| Untracked 
|  30|0x00000000d3000000, 0x00000000d3000000, 0x00000000d3100000|  0%| F|  |TAMS 0x00000000d3000000, 0x00000000d3000000| Untracked 
|  31|0x00000000d3100000, 0x00000000d3100000, 0x00000000d3200000|  0%| F|  |TAMS 0x00000000d3100000, 0x00000000d3100000| Untracked 
|  32|0x00000000d3200000, 0x00000000d3200000, 0x00000000d3300000|  0%| F|  |TAMS 0x00000000d3200000, 0x00000000d3200000| Untracked 
|  33|0x00000000d3300000, 0x00000000d3300000, 0x00000000d3400000|  0%| F|  |TAMS 0x00000000d3300000, 0x00000000d3300000| Untracked 
|  34|0x00000000d3400000, 0x00000000d3400000, 0x00000000d3500000|  0%| F|  |TAMS 0x00000000d3400000, 0x00000000d3400000| Untracked 
|  35|0x00000000d3500000, 0x00000000d3500000, 0x00000000d3600000|  0%| F|  |TAMS 0x00000000d3500000, 0x00000000d3500000| Untracked 
|  36|0x00000000d3600000, 0x00000000d3600000, 0x00000000d3700000|  0%| F|  |TAMS 0x00000000d3600000, 0x00000000d3600000| Untracked 
|  37|0x00000000d3700000, 0x00000000d3700000, 0x00000000d3800000|  0%| F|  |TAMS 0x00000000d3700000, 0x00000000d3700000| Untracked 
|  38|0x00000000d3800000, 0x00000000d3800000, 0x00000000d3900000|  0%| F|  |TAMS 0x00000000d3800000, 0x00000000d3800000| Untracked 
|  39|0x00000000d3900000, 0x00000000d3900000, 0x00000000d3a00000|  0%| F|  |TAMS 0x00000000d3900000, 0x00000000d3900000| Untracked 
|  40|0x00000000d3a00000, 0x00000000d3a00000, 0x00000000d3b00000|  0%| F|  |TAMS 0x00000000d3a00000, 0x00000000d3a00000| Untracked 
|  41|0x00000000d3b00000, 0x00000000d3b00000, 0x00000000d3c00000|  0%| F|  |TAMS 0x00000000d3b00000, 0x00000000d3b00000| Untracked 
|  42|0x00000000d3c00000, 0x00000000d3c00000, 0x00000000d3d00000|  0%| F|  |TAMS 0x00000000d3c00000, 0x00000000d3c00000| Untracked 
|  43|0x00000000d3d00000, 0x00000000d3d00000, 0x00000000d3e00000|  0%| F|  |TAMS 0x00000000d3d00000, 0x00000000d3d00000| Untracked 
|  44|0x00000000d3e00000, 0x00000000d3e00000, 0x00000000d3f00000|  0%| F|  |TAMS 0x00000000d3e00000, 0x00000000d3e00000| Untracked 
|  45|0x00000000d3f00000, 0x00000000d3f00000, 0x00000000d4000000|  0%| F|  |TAMS 0x00000000d3f00000, 0x00000000d3f00000| Untracked 
|  46|0x00000000d4000000, 0x00000000d4000000, 0x00000000d4100000|  0%| F|  |TAMS 0x00000000d4000000, 0x00000000d4000000| Untracked 
|  47|0x00000000d4100000, 0x00000000d4100000, 0x00000000d4200000|  0%| F|  |TAMS 0x00000000d4100000, 0x00000000d4100000| Untracked 
|  48|0x00000000d4200000, 0x00000000d4200000, 0x00000000d4300000|  0%| F|  |TAMS 0x00000000d4200000, 0x00000000d4200000| Untracked 
|  49|0x00000000d4300000, 0x00000000d4300000, 0x00000000d4400000|  0%| F|  |TAMS 0x00000000d4300000, 0x00000000d4300000| Untracked 
|  50|0x00000000d4400000, 0x00000000d4400000, 0x00000000d4500000|  0%| F|  |TAMS 0x00000000d4400000, 0x00000000d4400000| Untracked 
|  51|0x00000000d4500000, 0x00000000d4500000, 0x00000000d4600000|  0%| F|  |TAMS 0x00000000d4500000, 0x00000000d4500000| Untracked 
|  52|0x00000000d4600000, 0x00000000d4600000, 0x00000000d4700000|  0%| F|  |TAMS 0x00000000d4600000, 0x00000000d4600000| Untracked 
|  53|0x00000000d4700000, 0x00000000d4700000, 0x00000000d4800000|  0%| F|  |TAMS 0x00000000d4700000, 0x00000000d4700000| Untracked 
|  54|0x00000000d4800000, 0x00000000d4800000, 0x00000000d4900000|  0%| F|  |TAMS 0x00000000d4800000, 0x00000000d4800000| Untracked 
|  55|0x00000000d4900000, 0x00000000d4900000, 0x00000000d4a00000|  0%| F|  |TAMS 0x00000000d4900000, 0x00000000d4900000| Untracked 
|  56|0x00000000d4a00000, 0x00000000d4a00000, 0x00000000d4b00000|  0%| F|  |TAMS 0x00000000d4a00000, 0x00000000d4a00000| Untracked 
|  57|0x00000000d4b00000, 0x00000000d4b00000, 0x00000000d4c00000|  0%| F|  |TAMS 0x00000000d4b00000, 0x00000000d4b00000| Untracked 
|  58|0x00000000d4c00000, 0x00000000d4c00000, 0x00000000d4d00000|  0%| F|  |TAMS 0x00000000d4c00000, 0x00000000d4c00000| Untracked 
|  59|0x00000000d4d00000, 0x00000000d4d00000, 0x00000000d4e00000|  0%| F|  |TAMS 0x00000000d4d00000, 0x00000000d4d00000| Untracked 
|  60|0x00000000d4e00000, 0x00000000d4e00000, 0x00000000d4f00000|  0%| F|  |TAMS 0x00000000d4e00000, 0x00000000d4e00000| Untracked 
|  61|0x00000000d4f00000, 0x00000000d4f00000, 0x00000000d5000000|  0%| F|  |TAMS 0x00000000d4f00000, 0x00000000d4f00000| Untracked 
|  62|0x00000000d5000000, 0x00000000d5000000, 0x00000000d5100000|  0%| F|  |TAMS 0x00000000d5000000, 0x00000000d5000000| Untracked 
|  63|0x00000000d5100000, 0x00000000d5100000, 0x00000000d5200000|  0%| F|  |TAMS 0x00000000d5100000, 0x00000000d5100000| Untracked 
|  64|0x00000000d5200000, 0x00000000d5200000, 0x00000000d5300000|  0%| F|  |TAMS 0x00000000d5200000, 0x00000000d5200000| Untracked 
|  65|0x00000000d5300000, 0x00000000d5300000, 0x00000000d5400000|  0%| F|  |TAMS 0x00000000d5300000, 0x00000000d5300000| Untracked 
|  66|0x00000000d5400000, 0x00000000d5400000, 0x00000000d5500000|  0%| F|  |TAMS 0x00000000d5400000, 0x00000000d5400000| Untracked 
|  67|0x00000000d5500000, 0x00000000d5500000, 0x00000000d5600000|  0%| F|  |TAMS 0x00000000d5500000, 0x00000000d5500000| Untracked 
|  68|0x00000000d5600000, 0x00000000d5600000, 0x00000000d5700000|  0%| F|  |TAMS 0x00000000d5600000, 0x00000000d5600000| Untracked 
|  69|0x00000000d5700000, 0x00000000d5700000, 0x00000000d5800000|  0%| F|  |TAMS 0x00000000d5700000, 0x00000000d5700000| Untracked 
|  70|0x00000000d5800000, 0x00000000d5800000, 0x00000000d5900000|  0%| F|  |TAMS 0x00000000d5800000, 0x00000000d5800000| Untracked 
|  71|0x00000000d5900000, 0x00000000d5900000, 0x00000000d5a00000|  0%| F|  |TAMS 0x00000000d5900000, 0x00000000d5900000| Untracked 
|  72|0x00000000d5a00000, 0x00000000d5a00000, 0x00000000d5b00000|  0%| F|  |TAMS 0x00000000d5a00000, 0x00000000d5a00000| Untracked 
|  73|0x00000000d5b00000, 0x00000000d5b00000, 0x00000000d5c00000|  0%| F|  |TAMS 0x00000000d5b00000, 0x00000000d5b00000| Untracked 
|  74|0x00000000d5c00000, 0x00000000d5c00000, 0x00000000d5d00000|  0%| F|  |TAMS 0x00000000d5c00000, 0x00000000d5c00000| Untracked 
|  75|0x00000000d5d00000, 0x00000000d5d00000, 0x00000000d5e00000|  0%| F|  |TAMS 0x00000000d5d00000, 0x00000000d5d00000| Untracked 
|  76|0x00000000d5e00000, 0x00000000d5e00000, 0x00000000d5f00000|  0%| F|  |TAMS 0x00000000d5e00000, 0x00000000d5e00000| Untracked 
|  77|0x00000000d5f00000, 0x00000000d5f00000, 0x00000000d6000000|  0%| F|  |TAMS 0x00000000d5f00000, 0x00000000d5f00000| Untracked 
|  78|0x00000000d6000000, 0x00000000d6000000, 0x00000000d6100000|  0%| F|  |TAMS 0x00000000d6000000, 0x00000000d6000000| Untracked 
|  79|0x00000000d6100000, 0x00000000d6100000, 0x00000000d6200000|  0%| F|  |TAMS 0x00000000d6100000, 0x00000000d6100000| Untracked 
|  80|0x00000000d6200000, 0x00000000d6200000, 0x00000000d6300000|  0%| F|  |TAMS 0x00000000d6200000, 0x00000000d6200000| Untracked 
|  81|0x00000000d6300000, 0x00000000d6300000, 0x00000000d6400000|  0%| F|  |TAMS 0x00000000d6300000, 0x00000000d6300000| Untracked 
|  82|0x00000000d6400000, 0x00000000d6400000, 0x00000000d6500000|  0%| F|  |TAMS 0x00000000d6400000, 0x00000000d6400000| Untracked 
|  83|0x00000000d6500000, 0x00000000d6500000, 0x00000000d6600000|  0%| F|  |TAMS 0x00000000d6500000, 0x00000000d6500000| Untracked 
|  84|0x00000000d6600000, 0x00000000d6600000, 0x00000000d6700000|  0%| F|  |TAMS 0x00000000d6600000, 0x00000000d6600000| Untracked 
|  85|0x00000000d6700000, 0x00000000d6700000, 0x00000000d6800000|  0%| F|  |TAMS 0x00000000d6700000, 0x00000000d6700000| Untracked 
|  86|0x00000000d6800000, 0x00000000d6800000, 0x00000000d6900000|  0%| F|  |TAMS 0x00000000d6800000, 0x00000000d6800000| Untracked 
|  87|0x00000000d6900000, 0x00000000d6900000, 0x00000000d6a00000|  0%| F|  |TAMS 0x00000000d6900000, 0x00000000d6900000| Untracked 
|  88|0x00000000d6a00000, 0x00000000d6a00000, 0x00000000d6b00000|  0%| F|  |TAMS 0x00000000d6a00000, 0x00000000d6a00000| Untracked 
|  89|0x00000000d6b00000, 0x00000000d6b00000, 0x00000000d6c00000|  0%| F|  |TAMS 0x00000000d6b00000, 0x00000000d6b00000| Untracked 
|  90|0x00000000d6c00000, 0x00000000d6c00000, 0x00000000d6d00000|  0%| F|  |TAMS 0x00000000d6c00000, 0x00000000d6c00000| Untracked 
|  91|0x00000000d6d00000, 0x00000000d6d00000, 0x00000000d6e00000|  0%| F|  |TAMS 0x00000000d6d00000, 0x00000000d6d00000| Untracked 
|  92|0x00000000d6e00000, 0x00000000d6e00000, 0x00000000d6f00000|  0%| F|  |TAMS 0x00000000d6e00000, 0x00000000d6e00000| Untracked 
|  93|0x00000000d6f00000, 0x00000000d6f00000, 0x00000000d7000000|  0%| F|  |TAMS 0x00000000d6f00000, 0x00000000d6f00000| Untracked 
|  94|0x00000000d7000000, 0x00000000d7000000, 0x00000000d7100000|  0%| F|  |TAMS 0x00000000d7000000, 0x00000000d7000000| Untracked 
|  95|0x00000000d7100000, 0x00000000d7100000, 0x00000000d7200000|  0%| F|  |TAMS 0x00000000d7100000, 0x00000000d7100000| Untracked 
|  96|0x00000000d7200000, 0x00000000d7200000, 0x00000000d7300000|  0%| F|  |TAMS 0x00000000d7200000, 0x00000000d7200000| Untracked 
|  97|0x00000000d7300000, 0x00000000d7300000, 0x00000000d7400000|  0%| F|  |TAMS 0x00000000d7300000, 0x00000000d7300000| Untracked 
|  98|0x00000000d7400000, 0x00000000d7400000, 0x00000000d7500000|  0%| F|  |TAMS 0x00000000d7400000, 0x00000000d7400000| Untracked 
|  99|0x00000000d7500000, 0x00000000d7500000, 0x00000000d7600000|  0%| F|  |TAMS 0x00000000d7500000, 0x00000000d7500000| Untracked 
| 100|0x00000000d7600000, 0x00000000d7600000, 0x00000000d7700000|  0%| F|  |TAMS 0x00000000d7600000, 0x00000000d7600000| Untracked 
| 101|0x00000000d7700000, 0x00000000d7700000, 0x00000000d7800000|  0%| F|  |TAMS 0x00000000d7700000, 0x00000000d7700000| Untracked 
| 102|0x00000000d7800000, 0x00000000d7800000, 0x00000000d7900000|  0%| F|  |TAMS 0x00000000d7800000, 0x00000000d7800000| Untracked 
| 103|0x00000000d7900000, 0x00000000d7900000, 0x00000000d7a00000|  0%| F|  |TAMS 0x00000000d7900000, 0x00000000d7900000| Untracked 
| 104|0x00000000d7a00000, 0x00000000d7a00000, 0x00000000d7b00000|  0%| F|  |TAMS 0x00000000d7a00000, 0x00000000d7a00000| Untracked 
| 105|0x00000000d7b00000, 0x00000000d7b00000, 0x00000000d7c00000|  0%| F|  |TAMS 0x00000000d7b00000, 0x00000000d7b00000| Untracked 
| 106|0x00000000d7c00000, 0x00000000d7c00000, 0x00000000d7d00000|  0%| F|  |TAMS 0x00000000d7c00000, 0x00000000d7c00000| Untracked 
| 107|0x00000000d7d00000, 0x00000000d7d00000, 0x00000000d7e00000|  0%| F|  |TAMS 0x00000000d7d00000, 0x00000000d7d00000| Untracked 
| 108|0x00000000d7e00000, 0x00000000d7e00000, 0x00000000d7f00000|  0%| F|  |TAMS 0x00000000d7e00000, 0x00000000d7e00000| Untracked 
| 109|0x00000000d7f00000, 0x00000000d7f00000, 0x00000000d8000000|  0%| F|  |TAMS 0x00000000d7f00000, 0x00000000d7f00000| Untracked 
| 110|0x00000000d8000000, 0x00000000d8000000, 0x00000000d8100000|  0%| F|  |TAMS 0x00000000d8000000, 0x00000000d8000000| Untracked 
| 111|0x00000000d8100000, 0x00000000d8100000, 0x00000000d8200000|  0%| F|  |TAMS 0x00000000d8100000, 0x00000000d8100000| Untracked 
| 112|0x00000000d8200000, 0x00000000d8200000, 0x00000000d8300000|  0%| F|  |TAMS 0x00000000d8200000, 0x00000000d8200000| Untracked 
| 113|0x00000000d8300000, 0x00000000d837c800, 0x00000000d8400000| 48%| E|  |TAMS 0x00000000d8300000, 0x00000000d8300000| Complete 
| 114|0x00000000d8400000, 0x00000000d8500000, 0x00000000d8500000|100%| E|CS|TAMS 0x00000000d8400000, 0x00000000d8400000| Complete 
| 115|0x00000000d8500000, 0x00000000d8600000, 0x00000000d8600000|100%| E|CS|TAMS 0x00000000d8500000, 0x00000000d8500000| Complete 
| 116|0x00000000d8600000, 0x00000000d8700000, 0x00000000d8700000|100%| E|CS|TAMS 0x00000000d8600000, 0x00000000d8600000| Complete 
| 117|0x00000000d8700000, 0x00000000d8800000, 0x00000000d8800000|100%| E|CS|TAMS 0x00000000d8700000, 0x00000000d8700000| Complete 
| 118|0x00000000d8800000, 0x00000000d8900000, 0x00000000d8900000|100%| E|CS|TAMS 0x00000000d8800000, 0x00000000d8800000| Complete 
| 119|0x00000000d8900000, 0x00000000d8a00000, 0x00000000d8a00000|100%| E|CS|TAMS 0x00000000d8900000, 0x00000000d8900000| Complete 
| 120|0x00000000d8a00000, 0x00000000d8b00000, 0x00000000d8b00000|100%| E|CS|TAMS 0x00000000d8a00000, 0x00000000d8a00000| Complete 
| 121|0x00000000d8b00000, 0x00000000d8c00000, 0x00000000d8c00000|100%| E|CS|TAMS 0x00000000d8b00000, 0x00000000d8b00000| Complete 
| 122|0x00000000d8c00000, 0x00000000d8d00000, 0x00000000d8d00000|100%| E|CS|TAMS 0x00000000d8c00000, 0x00000000d8c00000| Complete 
| 123|0x00000000d8d00000, 0x00000000d8e00000, 0x00000000d8e00000|100%| E|CS|TAMS 0x00000000d8d00000, 0x00000000d8d00000| Complete 
| 124|0x00000000d8e00000, 0x00000000d8f00000, 0x00000000d8f00000|100%| E|CS|TAMS 0x00000000d8e00000, 0x00000000d8e00000| Complete 
| 125|0x00000000d8f00000, 0x00000000d9000000, 0x00000000d9000000|100%| E|CS|TAMS 0x00000000d8f00000, 0x00000000d8f00000| Complete 
| 126|0x00000000d9000000, 0x00000000d9100000, 0x00000000d9100000|100%| E|CS|TAMS 0x00000000d9000000, 0x00000000d9000000| Complete 
| 127|0x00000000d9100000, 0x00000000d9200000, 0x00000000d9200000|100%| E|CS|TAMS 0x00000000d9100000, 0x00000000d9100000| Complete 

Card table byte_map: [0x00007f7da640c000,0x00007f7da6583000] _byte_map_base: 0x00007f7da5d83000

Marking Bits (Prev, Next): (CMBitMap*) 0x00007f7da0052a98, (CMBitMap*) 0x00007f7da0052ad0
 Prev Bits: [0x00007f7da56dd000, 0x00007f7da6295000)
 Next Bits: [0x00007f7da4b25000, 0x00007f7da56dd000)

Polling page: 0x00007f7da97be000

Metaspace:

Usage:
  Non-class:     10,88 MB capacity,    10,57 MB ( 97%) used,   264,81 KB (  2%) free+waste,    45,56 KB ( <1%) overhead. 
      Class:      1,45 MB capacity,     1,22 MB ( 84%) used,   207,27 KB ( 14%) free+waste,    23,44 KB (  2%) overhead. 
       Both:     12,32 MB capacity,    11,79 MB ( 96%) used,   472,09 KB (  4%) free+waste,    69,00 KB ( <1%) overhead. 

Virtual space:
  Non-class space:       12,00 MB reserved,      11,00 MB ( 92%) committed 
      Class space:        1,00 GB reserved,       1,50 MB ( <1%) committed 
             Both:        1,01 GB reserved,      12,50 MB (  1%) committed 

Chunk freelists:
   Non-Class:  108,00 KB
       Class:  21,00 KB
        Both:  129,00 KB

MaxMetaspaceSize: unlimited
CompressedClassSpaceSize: 1,00 GB
Initial GC threshold: 20,80 MB
Current GC threshold: 20,80 MB
CDS: off

CodeHeap 'non-profiled nmethods': size=120032Kb used=338Kb max_used=338Kb free=119693Kb
 bounds [0x00007f7d94e93000, 0x00007f7d95103000, 0x00007f7d9c3cb000]
CodeHeap 'profiled nmethods': size=120028Kb used=1490Kb max_used=1490Kb free=118537Kb
 bounds [0x00007f7d8d95c000, 0x00007f7d8dbcc000, 0x00007f7d94e93000]
CodeHeap 'non-nmethods': size=5700Kb used=1165Kb max_used=1190Kb free=4534Kb
 bounds [0x00007f7d8d3cb000, 0x00007f7d8d63b000, 0x00007f7d8d95c000]
 total_blobs=1331 nmethods=901 adapters=344
 compilation: enabled
              stopped_count=0, restarted_count=0
 full_count=0

Compilation events (20 events):
Event: 0,313 Thread 0x00007f7da0177000  887       3       java.util.concurrent.ConcurrentHashMap$BaseIterator::hasNext (13 bytes)
Event: 0,313 Thread 0x00007f7da0177000 nmethod 887 0x00007f7d8dab4290 code [0x00007f7d8dab4440, 0x00007f7d8dab4590]
Event: 0,314 Thread 0x00007f7da0177000  888 %     3       java.util.Properties$LineReader::readLine @ 53 (635 bytes)
Event: 0,315 Thread 0x00007f7da0175000 nmethod 886 0x00007f7d94ee4f90 code [0x00007f7d94ee5120, 0x00007f7d94ee53d8]
Event: 0,316 Thread 0x00007f7da0177000 nmethod 888% 0x00007f7d8dab4610 code [0x00007f7d8dab49e0, 0x00007f7d8dab7890]
Event: 0,316 Thread 0x00007f7da0177000  889       3       java.util.Properties::loadConvert (524 bytes)
Event: 0,316 Thread 0x00007f7d5804e000  892       4       java.lang.StringBuilder::append (8 bytes)
Event: 0,317 Thread 0x00007f7da0177000 nmethod 889 0x00007f7d8dab8610 code [0x00007f7d8dab8940, 0x00007f7d8dab9f50]
Event: 0,317 Thread 0x00007f7da0177000  891       3       java.util.Properties$LineReader::readLine (635 bytes)
Event: 0,317 Thread 0x00007f7d5c2c2000  893       4       java.util.Properties::loadConvert (524 bytes)
Event: 0,318 Thread 0x00007f7da0175000  894       4       java.util.concurrent.ConcurrentHashMap::setTabAt (20 bytes)
Event: 0,318 Thread 0x00007f7da0177000 nmethod 891 0x00007f7d8daba690 code [0x00007f7d8dabaa60, 0x00007f7d8dabd3b0]
Event: 0,318 Thread 0x00007f7da0177000  890  s    3       java.util.Properties::put (10 bytes)
Event: 0,318 Thread 0x00007f7da0177000 nmethod 890 0x00007f7d8dabe010 code [0x00007f7d8dabe1e0, 0x00007f7d8dabe4e0]
Event: 0,318 Thread 0x00007f7da0175000 nmethod 894 0x00007f7d94ee5590 code [0x00007f7d94ee5720, 0x00007f7d94ee5838]
Event: 0,318 Thread 0x00007f7da0175000  895 %     4       java.util.Properties$LineReader::readLine @ 53 (635 bytes)
Event: 0,319 Thread 0x00007f7da0177000  896 %     3       sun.nio.cs.UTF_8$Decoder::decodeArrayLoop @ 73 (691 bytes)
Event: 0,321 Thread 0x00007f7d5804e000 nmethod 892 0x00007f7d94ee5890 code [0x00007f7d94ee5a40, 0x00007f7d94ee5f38]
Event: 0,321 Thread 0x00007f7da0177000 nmethod 896% 0x00007f7d8dabe610 code [0x00007f7d8dabefa0, 0x00007f7d8dac4e40]
Event: 0,321 Thread 0x00007f7da0177000  897       3       sun.nio.cs.UTF_8$Decoder::decodeArrayLoop (691 bytes)

GC Heap History (0 events):
No events

Deoptimization events (20 events):
Event: 0,092 Thread 0x00007f7da0028000 DEOPT PACKING pc=0x00007f7d8d97760b sp=0x00007f7da7d677b0
Event: 0,092 Thread 0x00007f7da0028000 DEOPT UNPACKING pc=0x00007f7d8d41564a sp=0x00007f7da7d66c70 mode 0
Event: 0,092 Thread 0x00007f7da0028000 DEOPT PACKING pc=0x00007f7d8d97760b sp=0x00007f7da7d677b0
Event: 0,092 Thread 0x00007f7da0028000 DEOPT UNPACKING pc=0x00007f7d8d41564a sp=0x00007f7da7d66c70 mode 0
Event: 0,108 Thread 0x00007f7da0028000 Uncommon trap: trap_request=0xffffff4d fr.pc=0x00007f7d94e96c1c relative=0x000000000000017c
Event: 0,108 Thread 0x00007f7da0028000 Uncommon trap: reason=unstable_if action=reinterpret pc=0x00007f7d94e96c1c method=java.lang.String.hashCode()I @ 14 c2
Event: 0,108 Thread 0x00007f7da0028000 DEOPT PACKING pc=0x00007f7d94e96c1c sp=0x00007f7da7d69c30
Event: 0,108 Thread 0x00007f7da0028000 DEOPT UNPACKING pc=0x00007f7d8d414ea5 sp=0x00007f7da7d69be8 mode 2
Event: 0,299 Thread 0x00007f7d38001000 Uncommon trap: trap_request=0xffffff4d fr.pc=0x00007f7d94ec556c relative=0x00000000000004ac
Event: 0,299 Thread 0x00007f7d38001000 Uncommon trap: reason=unstable_if action=reinterpret pc=0x00007f7d94ec556c method=java.lang.StringLatin1.replace([BCC)Ljava/lang/String; @ 19 c2
Event: 0,299 Thread 0x00007f7d38001000 DEOPT PACKING pc=0x00007f7d94ec556c sp=0x00007f7d7c550300
Event: 0,299 Thread 0x00007f7d38001000 DEOPT UNPACKING pc=0x00007f7d8d414ea5 sp=0x00007f7d7c550290 mode 2
Event: 0,299 Thread 0x00007f7d38001000 Uncommon trap: trap_request=0xffffff4d fr.pc=0x00007f7d94ebf1b0 relative=0x00000000000001f0
Event: 0,299 Thread 0x00007f7d38001000 Uncommon trap: reason=unstable_if action=reinterpret pc=0x00007f7d94ebf1b0 method=jdk.internal.org.objectweb.asm.Type.getArgumentsAndReturnSizes(Ljava/lang/String;)I @ 88 c2
Event: 0,299 Thread 0x00007f7d38001000 DEOPT PACKING pc=0x00007f7d94ebf1b0 sp=0x00007f7d7c5502a0
Event: 0,299 Thread 0x00007f7d38001000 DEOPT UNPACKING pc=0x00007f7d8d414ea5 sp=0x00007f7d7c550248 mode 2
Event: 0,300 Thread 0x00007f7d38001000 Uncommon trap: trap_request=0xffffff4d fr.pc=0x00007f7d94ed87b4 relative=0x00000000000037b4
Event: 0,300 Thread 0x00007f7d38001000 Uncommon trap: reason=unstable_if action=reinterpret pc=0x00007f7d94ed87b4 method=jdk.internal.org.objectweb.asm.Frame.execute(IILjdk/internal/org/objectweb/asm/ClassWriter;Ljdk/internal/org/objectweb/asm/Item;)V @ 1 c2
Event: 0,300 Thread 0x00007f7d38001000 DEOPT PACKING pc=0x00007f7d94ed87b4 sp=0x00007f7d7c54fcf0
Event: 0,300 Thread 0x00007f7d38001000 DEOPT UNPACKING pc=0x00007f7d8d414ea5 sp=0x00007f7d7c54fc90 mode 2

Classes redefined (0 events):
No events

Internal exceptions (20 events):
Event: 0,202 Thread 0x00007f7da0028000 Exception <a 'java/lang/NoSuchMethodError'{0x00000000d8cc2ca8}: 'java.lang.Object java.lang.invoke.DirectMethodHandle$Holder.invokeStatic(java.lang.Object, java.lang.Object, java.lang.Object, java.lang.Object, java.lang.Object, java.lang.Object, java.lang.Object, java.lang.Object, java.lang.Object, java.lang.Object, java.lang.Object, java.lang.Object, java.lang.Object, int)'> (0x00000000d8cc2ca8) thrown at [src/hotspot/share/interpreter/linkResolver.cpp, line 773]
Event: 0,202 Thread 0x00007f7da0028000 Exception <a 'java/lang/NoSuchMethodError'{0x00000000d8ccf2b8}: 'java.lang.Object java.lang.invoke.DirectMethodHandle$Holder.invokeStatic(java.lang.Object, java.lang.Object, java.lang.Object, java.lang.Object, java.lang.Object, java.lang.Object, java.lang.Object, java.lang.Object, java.lang.Object, java.lang.Object, java.lang.Object, java.lang.Object, java.lang.Object, int, int)'> (0x00000000d8ccf2b8) thrown at [src/hotspot/share/interpreter/linkResolver.cpp, line 773]
Event: 0,203 Thread 0x00007f7da0028000 Exception <a 'java/lang/NoSuchMethodError'{0x00000000d8cdba28}: 'java.lang.Object java.lang.invoke.DirectMethodHandle$Holder.invokeStatic(java.lang.Object, java.lang.Object, java.lang.Object, java.lang.Object, java.lang.Object, java.lang.Object, java.lang.Object, java.lang.Object, java.lang.Object, java.lang.Object, java.lang.Object, java.lang.Object, java.lang.Object, int, int, java.lang.Object)'> (0x00000000d8cdba28) thrown at [src/hotspot/share/interpreter/linkResolver.cpp, line 773]
Event: 0,207 Thread 0x00007f7da0028000 Exception <a 'java/lang/NoSuchMethodError'{0x00000000d8b438b8}: 'java.lang.Object java.lang.invoke.DirectMethodHandle$Holder.invokeStatic(java.lang.Object, java.lang.Object, java.lang.Object, java.lang.Object, java.lang.Object, java.lang.Object, java.lang.Object, java.lang.Object, java.lang.Object, java.lang.Object, java.lang.Object, java.lang.Object, java.lang.Object, java.lang.Object, java.lang.Object)'> (0x00000000d8b438b8) thrown at [src/hotspot/share/interpreter/linkResolver.cpp, line 773]
Event: 0,208 Thread 0x00007f7da0028000 Exception <a 'java/lang/NoSuchMethodError'{0x00000000d8b51470}: 'java.lang.Object java.lang.invoke.DirectMethodHandle$Holder.invokeStatic(java.lang.Object, java.lang.Object, java.lang.Object, java.lang.Object, java.lang.Object, java.lang.Object, java.lang.Object, java.lang.Object, java.lang.Object, java.lang.Object, java.lang.Object, java.lang.Object, java.lang.Object, java.lang.Object, java.lang.Object, java.lang.Object)'> (0x00000000d8b51470) thrown at [src/hotspot/share/interpreter/linkResolver.cpp, lin
Event: 0,208 Thread 0x00007f7da0028000 Exception <a 'java/lang/NoSuchMethodError'{0x00000000d8b5f1a0}: 'java.lang.Object java.lang.invoke.DirectMethodHandle$Holder.invokeSpecial(java.lang.Object, java.lang.Object, int, int, java.lang.Object, java.lang.Object, java.lang.Object)'> (0x00000000d8b5f1a0) thrown at [src/hotspot/share/interpreter/linkResolver.cpp, line 773]
Event: 0,208 Thread 0x00007f7da0028000 Exception <a 'java/lang/NoSuchMethodError'{0x00000000d8b62730}: 'java.lang.Object java.lang.invoke.DelegatingMethodHandle$Holder.reinvoke_L(java.lang.Object, int, int, java.lang.Object, java.lang.Object, java.lang.Object)'> (0x00000000d8b62730) thrown at [src/hotspot/share/interpreter/linkResolver.cpp, line 773]
Event: 0,209 Thread 0x00007f7da0028000 Exception <a 'java/lang/NoSuchMethodError'{0x00000000d8b70948}: 'java.lang.Object java.lang.invoke.DirectMethodHandle$Holder.invokeStatic(java.lang.Object, java.lang.Object, java.lang.Object, java.lang.Object, java.lang.Object, java.lang.Object, int)'> (0x00000000d8b70948) thrown at [src/hotspot/share/interpreter/linkResolver.cpp, line 773]
Event: 0,216 Thread 0x00007f7da0028000 Exception <a 'java/lang/NoSuchMethodError'{0x00000000d8a457f8}: 'java.lang.Object java.lang.invoke.DirectMethodHandle$Holder.invokeSpecial(java.lang.Object, java.lang.Object, int, int, java.lang.Object, int, java.lang.Object, java.lang.Object)'> (0x00000000d8a457f8) thrown at [src/hotspot/share/interpreter/linkResolver.cpp, line 773]
Event: 0,216 Thread 0x00007f7da0028000 Exception <a 'java/lang/NoSuchMethodError'{0x00000000d8a48e38}: 'java.lang.Object java.lang.invoke.DelegatingMethodHandle$Holder.reinvoke_L(java.lang.Object, int, int, java.lang.Object, int, java.lang.Object, java.lang.Object)'> (0x00000000d8a48e38) thrown at [src/hotspot/share/interpreter/linkResolver.cpp, line 773]
Event: 0,218 Thread 0x00007f7da0028000 Exception <a 'java/lang/NoSuchMethodError'{0x00000000d8a730d0}: 'java.lang.Object java.lang.invoke.DirectMethodHandle$Holder.invokeStatic(java.lang.Object, java.lang.Object, java.lang.Object, java.lang.Object, java.lang.Object, java.lang.Object, java.lang.Object, java.lang.Object, int)'> (0x00000000d8a730d0) thrown at [src/hotspot/share/interpreter/linkResolver.cpp, line 773]
Event: 0,218 Thread 0x00007f7da0028000 Exception <a 'java/lang/NoSuchMethodError'{0x00000000d8a8d858}: 'java.lang.Object java.lang.invoke.DirectMethodHandle$Holder.invokeStatic(java.lang.Object, java.lang.Object, java.lang.Object, java.lang.Object, java.lang.Object, java.lang.Object, java.lang.Object, java.lang.Object, int, int)'> (0x00000000d8a8d858) thrown at [src/hotspot/share/interpreter/linkResolver.cpp, line 773]
Event: 0,219 Thread 0x00007f7da0028000 Exception <a 'java/lang/NoSuchMethodError'{0x00000000d8aa8db0}: 'java.lang.Object java.lang.invoke.DirectMethodHandle$Holder.invokeStatic(java.lang.Object, java.lang.Object, java.lang.Object, java.lang.Object, java.lang.Object, java.lang.Object, java.lang.Object, java.lang.Object, int, int, java.lang.Object)'> (0x00000000d8aa8db0) thrown at [src/hotspot/share/interpreter/linkResolver.cpp, line 773]
Event: 0,220 Thread 0x00007f7da0028000 Exception <a 'java/lang/NoSuchMethodError'{0x00000000d8ac5600}: 'java.lang.Object java.lang.invoke.DirectMethodHandle$Holder.invokeStatic(java.lang.Object, java.lang.Object, java.lang.Object, java.lang.Object, java.lang.Object, java.lang.Object, java.lang.Object, java.lang.Object, int, int, java.lang.Object, java.lang.Object)'> (0x00000000d8ac5600) thrown at [src/hotspot/share/interpreter/linkResolver.cpp, line 773]
Event: 0,224 Thread 0x00007f7da0028000 Exception <a 'java/lang/NoSuchMethodError'{0x00000000d8949d40}: 'java.lang.Object java.lang.invoke.DirectMethodHandle$Holder.invokeStatic(java.lang.Object, java.lang.Object, java.lang.Object, java.lang.Object, int)'> (0x00000000d8949d40) thrown at [src/hotspot/share/interpreter/linkResolver.cpp, line 773]
Event: 0,231 Thread 0x00007f7da0028000 Exception <a 'java/lang/NoSuchMethodError'{0x00000000d880e2d8}: 'java.lang.Object java.lang.invoke.DelegatingMethodHandle$Holder.reinvoke_L(java.lang.Object, java.lang.Object, long)'> (0x00000000d880e2d8) thrown at [src/hotspot/share/interpreter/linkResolver.cpp, line 773]
Event: 0,231 Thread 0x00007f7da0028000 Exception <a 'java/lang/NoSuchMethodError'{0x00000000d88114c8}: 'java.lang.Object java.lang.invoke.Invokers$Holder.linkToTargetMethod(java.lang.Object, long, java.lang.Object)'> (0x00000000d88114c8) thrown at [src/hotspot/share/interpreter/linkResolver.cpp, line 773]
Event: 0,239 Thread 0x00007f7d44001800 Exception <a 'java/lang/NoSuchMethodError'{0x00000000d8749348}: 'java.lang.Object java.lang.invoke.DelegatingMethodHandle$Holder.reinvoke_L(java.lang.Object, int, java.lang.Object)'> (0x00000000d8749348) thrown at [src/hotspot/share/interpreter/linkResolver.cpp, line 773]
Event: 0,263 Thread 0x00007f7d38001000 Exception <a 'java/lang/NoSuchMethodError'{0x00000000d8698f18}: <clinit>> (0x00000000d8698f18) thrown at [src/hotspot/share/prims/jni.cpp, line 1366]
Event: 0,299 Thread 0x00007f7d38001000 Exception <a 'java/lang/NoSuchMethodError'{0x00000000d84a6180}: 'int java.lang.invoke.DirectMethodHandle$Holder.invokeSpecialIFC(java.lang.Object, java.lang.Object, int)'> (0x00000000d84a6180) thrown at [src/hotspot/share/interpreter/linkResolver.cpp, line 773]

Events (20 events):
Event: 0,314 loading class sun/nio/fs/UnixFileKey
Event: 0,314 loading class sun/nio/fs/UnixFileKey done
Event: 0,314 Executing VM operation: RevokeBias
Event: 0,314 Executing VM operation: RevokeBias done
Event: 0,314 Executing VM operation: RevokeBias
Event: 0,314 Executing VM operation: RevokeBias done
Event: 0,314 loading class sun/net/www/protocol/jar/URLJarFile$URLJarFileEntry
Event: 0,314 loading class sun/net/www/protocol/jar/URLJarFile$URLJarFileEntry done
Event: 0,314 loading class sun/net/www/protocol/jar/JarURLConnection$JarURLInputStream
Event: 0,314 loading class sun/net/www/protocol/jar/JarURLConnection$JarURLInputStream done
Event: 0,314 loading class java/util/PropertyResourceBundle
Event: 0,314 loading class java/util/PropertyResourceBundle done
Event: 0,314 loading class sun/util/PropertyResourceBundleCharset
Event: 0,314 loading class sun/util/PropertyResourceBundleCharset done
Event: 0,314 loading class sun/util/PropertyResourceBundleCharset$PropertiesFileDecoder
Event: 0,314 loading class sun/util/PropertyResourceBundleCharset$PropertiesFileDecoder done
Event: 0,322 loading class java/util/ResourceBundle$BundleReference
Event: 0,322 loading class java/util/ResourceBundle$BundleReference done
Event: 0,322 loading class com/mysql/cj/LocalizedErrorMessages_en
Event: 0,322 loading class com/mysql/cj/LocalizedErrorMessages_en done


Dynamic libraries:
d1200000-d9200000 rw-p 00000000 00:00 0 
d9200000-100000000 ---p 00000000 00:00 0 
100000000-100180000 rw-p 00000000 00:00 0 
100180000-140000000 ---p 00000000 00:00 0 
560111a00000-560111a01000 r-xp 00000000 07:08 27                         /snap/phpstorm/260/jbr/bin/java
560111c01000-560111c02000 r--p 00001000 07:08 27                         /snap/phpstorm/260/jbr/bin/java
560111c02000-560111c03000 rw-p 00002000 07:08 27                         /snap/phpstorm/260/jbr/bin/java
560113511000-560113532000 rw-p 00000000 00:00 0                          [heap]
7f7d20000000-7f7d20021000 rw-p 00000000 00:00 0 
7f7d20021000-7f7d24000000 ---p 00000000 00:00 0 
7f7d27d8c000-7f7d28000000 rw-p 00000000 00:00 0 
7f7d28000000-7f7d280a3000 rw-p 00000000 00:00 0 
7f7d280a3000-7f7d2c000000 ---p 00000000 00:00 0 
7f7d2c000000-7f7d2c07f000 rw-p 00000000 00:00 0 
7f7d2c07f000-7f7d30000000 ---p 00000000 00:00 0 
7f7d30000000-7f7d30021000 rw-p 00000000 00:00 0 
7f7d30021000-7f7d34000000 ---p 00000000 00:00 0 
7f7d34000000-7f7d344dc000 rw-p 00000000 00:00 0 
7f7d344dc000-7f7d38000000 ---p 00000000 00:00 0 
7f7d38000000-7f7d38021000 rw-p 00000000 00:00 0 
7f7d38021000-7f7d3c000000 ---p 00000000 00:00 0 
7f7d3c000000-7f7d3c021000 rw-p 00000000 00:00 0 
7f7d3c021000-7f7d40000000 ---p 00000000 00:00 0 
7f7d40000000-7f7d40021000 rw-p 00000000 00:00 0 
7f7d40021000-7f7d44000000 ---p 00000000 00:00 0 
7f7d44000000-7f7d44021000 rw-p 00000000 00:00 0 
7f7d44021000-7f7d48000000 ---p 00000000 00:00 0 
7f7d48000000-7f7d48021000 rw-p 00000000 00:00 0 
7f7d48021000-7f7d4c000000 ---p 00000000 00:00 0 
7f7d4c000000-7f7d4c1f8000 rw-p 00000000 00:00 0 
7f7d4c1f8000-7f7d50000000 ---p 00000000 00:00 0 
7f7d50000000-7f7d50021000 rw-p 00000000 00:00 0 
7f7d50021000-7f7d54000000 ---p 00000000 00:00 0 
7f7d54000000-7f7d54021000 rw-p 00000000 00:00 0 
7f7d54021000-7f7d58000000 ---p 00000000 00:00 0 
7f7d58000000-7f7d58356000 rw-p 00000000 00:00 0 
7f7d58356000-7f7d5c000000 ---p 00000000 00:00 0 
7f7d5c000000-7f7d5c3bc000 rw-p 00000000 00:00 0 
7f7d5c3bc000-7f7d60000000 ---p 00000000 00:00 0 
7f7d60000000-7f7d60021000 rw-p 00000000 00:00 0 
7f7d60021000-7f7d64000000 ---p 00000000 00:00 0 
7f7d64000000-7f7d64021000 rw-p 00000000 00:00 0 
7f7d64021000-7f7d68000000 ---p 00000000 00:00 0 
7f7d68000000-7f7d68021000 rw-p 00000000 00:00 0 
7f7d68021000-7f7d6c000000 ---p 00000000 00:00 0 
7f7d6c000000-7f7d6c021000 rw-p 00000000 00:00 0 
7f7d6c021000-7f7d70000000 ---p 00000000 00:00 0 
7f7d70000000-7f7d70021000 rw-p 00000000 00:00 0 
7f7d70021000-7f7d74000000 ---p 00000000 00:00 0 
7f7d74000000-7f7d740b1000 rw-p 00000000 00:00 0 
7f7d740b1000-7f7d78000000 ---p 00000000 00:00 0 
7f7d78000000-7f7d78021000 rw-p 00000000 00:00 0 
7f7d78021000-7f7d7c000000 ---p 00000000 00:00 0 
7f7d7c005000-7f7d7c255000 rw-p 00000000 00:00 0 
7f7d7c255000-7f7d7c355000 ---p 00000000 00:00 0 
7f7d7c355000-7f7d7c359000 ---p 00000000 00:00 0 
7f7d7c359000-7f7d7c456000 rw-p 00000000 00:00 0 
7f7d7c456000-7f7d7c45a000 ---p 00000000 00:00 0 
7f7d7c45a000-7f7d7c557000 rw-p 00000000 00:00 0 
7f7d7c557000-7f7d7c55b000 ---p 00000000 00:00 0 
7f7d7c55b000-7f7d7c658000 rw-p 00000000 00:00 0 
7f7d7c658000-7f7d7c65c000 ---p 00000000 00:00 0 
7f7d7c65c000-7f7d7c959000 rw-p 00000000 00:00 0 
7f7d7c959000-7f7d7c95d000 ---p 00000000 00:00 0 
7f7d7c95d000-7f7d7ca5a000 rw-p 00000000 00:00 0 
7f7d7ca5a000-7f7d7ca5b000 r-xp 00000000 07:08 462                        /snap/phpstorm/260/jbr/lib/librmi.so
7f7d7ca5b000-7f7d7cc5a000 ---p 00001000 07:08 462                        /snap/phpstorm/260/jbr/lib/librmi.so
7f7d7cc5a000-7f7d7cc5b000 r--p 00000000 07:08 462                        /snap/phpstorm/260/jbr/lib/librmi.so
7f7d7cc5b000-7f7d7cc5c000 rw-p 00000000 00:00 0 
7f7d7cc5c000-7f7d7cc60000 ---p 00000000 00:00 0 
7f7d7cc60000-7f7d7cd5d000 rw-p 00000000 00:00 0 
7f7d7cd5d000-7f7d7cd61000 ---p 00000000 00:00 0 
7f7d7cd61000-7f7d7ce5e000 rw-p 00000000 00:00 0 
7f7d7ce5e000-7f7d7ce62000 ---p 00000000 00:00 0 
7f7d7ce62000-7f7d7cf5f000 rw-p 00000000 00:00 0 
7f7d7cf5f000-7f7d7cf61000 r-xp 00000000 07:08 431                        /snap/phpstorm/260/jbr/lib/libextnet.so
7f7d7cf61000-7f7d7d160000 ---p 00002000 07:08 431                        /snap/phpstorm/260/jbr/lib/libextnet.so
7f7d7d160000-7f7d7d161000 r--p 00001000 07:08 431                        /snap/phpstorm/260/jbr/lib/libextnet.so
7f7d7d161000-7f7d7d162000 rw-p 00000000 00:00 0 
7f7d7d162000-7f7d7d166000 ---p 00000000 00:00 0 
7f7d7d166000-7f7d7d263000 rw-p 00000000 00:00 0 
7f7d7d263000-7f7d7d267000 ---p 00000000 00:00 0 
7f7d7d267000-7f7d7d364000 rw-p 00000000 00:00 0 
7f7d7d364000-7f7d7d379000 r-xp 00000000 07:08 457                        /snap/phpstorm/260/jbr/lib/libnet.so
7f7d7d379000-7f7d7d578000 ---p 00015000 07:08 457                        /snap/phpstorm/260/jbr/lib/libnet.so
7f7d7d578000-7f7d7d579000 r--p 00014000 07:08 457                        /snap/phpstorm/260/jbr/lib/libnet.so
7f7d7d579000-7f7d7d57a000 rw-p 00015000 07:08 457                        /snap/phpstorm/260/jbr/lib/libnet.so
7f7d7d57a000-7f7d7d58a000 r-xp 00000000 07:08 460                        /snap/phpstorm/260/jbr/lib/libnio.so
7f7d7d58a000-7f7d7d789000 ---p 00010000 07:08 460                        /snap/phpstorm/260/jbr/lib/libnio.so
7f7d7d789000-7f7d7d78a000 r--p 0000f000 07:08 460                        /snap/phpstorm/260/jbr/lib/libnio.so
7f7d7d78a000-7f7d7d78b000 rw-p 00010000 07:08 460                        /snap/phpstorm/260/jbr/lib/libnio.so
7f7d7d78b000-7f7d7d78f000 ---p 00000000 00:00 0 
7f7d7d78f000-7f7d7d88c000 rw-p 00000000 00:00 0 
7f7d7d88c000-7f7d7d88d000 ---p 00000000 00:00 0 
7f7d7d88d000-7f7d7d98e000 rw-p 00000000 00:00 0 
7f7d7d98e000-7f7d7d992000 ---p 00000000 00:00 0 
7f7d7d992000-7f7d7da8f000 rw-p 00000000 00:00 0 
7f7d7da8f000-7f7d7e000000 r--p 00000000 08:02 47972820                   /usr/lib/locale/locale-archive
7f7d7e000000-7f7d80000000 rw-p 00000000 00:00 0 
7f7d80000000-7f7d80021000 rw-p 00000000 00:00 0 
7f7d80021000-7f7d84000000 ---p 00000000 00:00 0 
7f7d84000000-7f7d84021000 rw-p 00000000 00:00 0 
7f7d84021000-7f7d88000000 ---p 00000000 00:00 0 
7f7d88000000-7f7d88021000 rw-p 00000000 00:00 0 
7f7d88021000-7f7d8c000000 ---p 00000000 00:00 0 
7f7d8c00b000-7f7d8c03c000 rw-p 00000000 00:00 0 
7f7d8c03c000-7f7d8c040000 ---p 00000000 00:00 0 
7f7d8c040000-7f7d8c13d000 rw-p 00000000 00:00 0 
7f7d8c13d000-7f7d8c141000 ---p 00000000 00:00 0 
7f7d8c141000-7f7d8c23e000 rw-p 00000000 00:00 0 
7f7d8c23e000-7f7d8c242000 ---p 00000000 00:00 0 
7f7d8c242000-7f7d8c33f000 rw-p 00000000 00:00 0 
7f7d8c33f000-7f7d8c343000 ---p 00000000 00:00 0 
7f7d8c343000-7f7d8c440000 rw-p 00000000 00:00 0 
7f7d8c440000-7f7d8c444000 ---p 00000000 00:00 0 
7f7d8c444000-7f7d8c541000 rw-p 00000000 00:00 0 
7f7d8c541000-7f7d8c545000 ---p 00000000 00:00 0 
7f7d8c545000-7f7d8c642000 rw-p 00000000 00:00 0 
7f7d8c642000-7f7d8c643000 ---p 00000000 00:00 0 
7f7d8c643000-7f7d8cfc5000 rw-p 00000000 00:00 0 
7f7d8cfc5000-7f7d8cfc6000 ---p 00000000 00:00 0 
7f7d8cfc6000-7f7d8d0c7000 rw-p 00000000 00:00 0 
7f7d8d0c7000-7f7d8d0c8000 ---p 00000000 00:00 0 
7f7d8d0c8000-7f7d8d3cb000 rw-p 00000000 00:00 0 
7f7d8d3cb000-7f7d8d63b000 rwxp 00000000 00:00 0 
7f7d8d63b000-7f7d8d95c000 ---p 00000000 00:00 0 
7f7d8d95c000-7f7d8dbcc000 rwxp 00000000 00:00 0 
7f7d8dbcc000-7f7d94e93000 ---p 00000000 00:00 0 
7f7d94e93000-7f7d95103000 rwxp 00000000 00:00 0 
7f7d95103000-7f7d9c3cb000 ---p 00000000 00:00 0 
7f7d9c3cb000-7f7da0000000 r--s 00000000 07:08 524                        /snap/phpstorm/260/jbr/lib/modules
7f7da0000000-7f7da04ae000 rw-p 00000000 00:00 0 
7f7da04ae000-7f7da4000000 ---p 00000000 00:00 0 
7f7da4023000-7f7da48f0000 rw-p 00000000 00:00 0 
7f7da48f0000-7f7da48f1000 ---p 00000000 00:00 0 
7f7da48f1000-7f7da49f2000 rw-p 00000000 00:00 0 
7f7da49f2000-7f7da49f3000 ---p 00000000 00:00 0 
7f7da49f3000-7f7da4d25000 rw-p 00000000 00:00 0 
7f7da4d25000-7f7da56dd000 ---p 00000000 00:00 0 
7f7da56dd000-7f7da58dd000 rw-p 00000000 00:00 0 
7f7da58dd000-7f7da6295000 ---p 00000000 00:00 0 
7f7da6295000-7f7da62d5000 rw-p 00000000 00:00 0 
7f7da62d5000-7f7da640c000 ---p 00000000 00:00 0 
7f7da640c000-7f7da644c000 rw-p 00000000 00:00 0 
7f7da644c000-7f7da6583000 ---p 00000000 00:00 0 
7f7da6583000-7f7da65c3000 rw-p 00000000 00:00 0 
7f7da65c3000-7f7da66fa000 ---p 00000000 00:00 0 
7f7da66fa000-7f7da7104000 rw-p 00000000 00:00 0 
7f7da7104000-7f7da7105000 ---p 00000000 00:00 0 
7f7da7105000-7f7da720b000 rw-p 00000000 00:00 0 
7f7da720b000-7f7da72f1000 ---p 00000000 00:00 0 
7f7da72f1000-7f7da72f6000 rw-p 00000000 00:00 0 
7f7da72f6000-7f7da73dc000 ---p 00000000 00:00 0 
7f7da73dc000-7f7da73e4000 r-xp 00000000 07:08 469                        /snap/phpstorm/260/jbr/lib/libzip.so
7f7da73e4000-7f7da75e3000 ---p 00008000 07:08 469                        /snap/phpstorm/260/jbr/lib/libzip.so
7f7da75e3000-7f7da75e4000 r--p 00007000 07:08 469                        /snap/phpstorm/260/jbr/lib/libzip.so
7f7da75e4000-7f7da75e5000 rw-p 00000000 00:00 0 
7f7da75e5000-7f7da75e8000 r--p 00000000 08:02 47974559                   /usr/lib/x86_64-linux-gnu/libnss_files-2.31.so
7f7da75e8000-7f7da75ef000 r-xp 00003000 08:02 47974559                   /usr/lib/x86_64-linux-gnu/libnss_files-2.31.so
7f7da75ef000-7f7da75f1000 r--p 0000a000 08:02 47974559                   /usr/lib/x86_64-linux-gnu/libnss_files-2.31.so
7f7da75f1000-7f7da75f2000 r--p 0000b000 08:02 47974559                   /usr/lib/x86_64-linux-gnu/libnss_files-2.31.so
7f7da75f2000-7f7da75f3000 rw-p 0000c000 08:02 47974559                   /usr/lib/x86_64-linux-gnu/libnss_files-2.31.so
7f7da75f3000-7f7da75f9000 rw-p 00000000 00:00 0 
7f7da75fe000-7f7da7603000 rw-p 00000000 00:00 0 
7f7da7603000-7f7da760a000 ---p 00000000 00:00 0 
7f7da760a000-7f7da7625000 r-xp 00000000 07:08 444                        /snap/phpstorm/260/jbr/lib/libjimage.so
7f7da7625000-7f7da7824000 ---p 0001b000 07:08 444                        /snap/phpstorm/260/jbr/lib/libjimage.so
7f7da7824000-7f7da7826000 r--p 0001a000 07:08 444                        /snap/phpstorm/260/jbr/lib/libjimage.so
7f7da7826000-7f7da7827000 rw-p 0001c000 07:08 444                        /snap/phpstorm/260/jbr/lib/libjimage.so
7f7da7827000-7f7da7850000 r-xp 00000000 07:08 439                        /snap/phpstorm/260/jbr/lib/libjava.so
7f7da7850000-7f7da7a50000 ---p 00029000 07:08 439                        /snap/phpstorm/260/jbr/lib/libjava.so
7f7da7a50000-7f7da7a51000 r--p 00029000 07:08 439                        /snap/phpstorm/260/jbr/lib/libjava.so
7f7da7a51000-7f7da7a52000 rw-p 0002a000 07:08 439                        /snap/phpstorm/260/jbr/lib/libjava.so
7f7da7a52000-7f7da7a53000 rw-p 00000000 00:00 0 
7f7da7a53000-7f7da7a60000 r-xp 00000000 07:08 468                        /snap/phpstorm/260/jbr/lib/libverify.so
7f7da7a60000-7f7da7c5f000 ---p 0000d000 07:08 468                        /snap/phpstorm/260/jbr/lib/libverify.so
7f7da7c5f000-7f7da7c61000 r--p 0000c000 07:08 468                        /snap/phpstorm/260/jbr/lib/libverify.so
7f7da7c61000-7f7da7c62000 rw-p 00000000 00:00 0 
7f7da7c62000-7f7da7c64000 r--p 00000000 08:02 47974566                   /usr/lib/x86_64-linux-gnu/librt-2.31.so
7f7da7c64000-7f7da7c68000 r-xp 00002000 08:02 47974566                   /usr/lib/x86_64-linux-gnu/librt-2.31.so
7f7da7c68000-7f7da7c6a000 r--p 00006000 08:02 47974566                   /usr/lib/x86_64-linux-gnu/librt-2.31.so
7f7da7c6a000-7f7da7c6b000 r--p 00007000 08:02 47974566                   /usr/lib/x86_64-linux-gnu/librt-2.31.so
7f7da7c6b000-7f7da7c6c000 rw-p 00008000 08:02 47974566                   /usr/lib/x86_64-linux-gnu/librt-2.31.so
7f7da7c6c000-7f7da7c70000 ---p 00000000 00:00 0 
7f7da7c70000-7f7da7d6d000 rw-p 00000000 00:00 0 
7f7da7d6d000-7f7da7d7a000 r--p 00000000 08:02 47974553                   /usr/lib/x86_64-linux-gnu/libm-2.31.so
7f7da7d7a000-7f7da7e21000 r-xp 0000d000 08:02 47974553                   /usr/lib/x86_64-linux-gnu/libm-2.31.so
7f7da7e21000-7f7da7eba000 r--p 000b4000 08:02 47974553                   /usr/lib/x86_64-linux-gnu/libm-2.31.so
7f7da7eba000-7f7da7ebb000 r--p 0014c000 08:02 47974553                   /usr/lib/x86_64-linux-gnu/libm-2.31.so
7f7da7ebb000-7f7da7ebc000 rw-p 0014d000 08:02 47974553                   /usr/lib/x86_64-linux-gnu/libm-2.31.so
7f7da7ebc000-7f7da900d000 r-xp 00000000 07:08 535                        /snap/phpstorm/260/jbr/lib/server/libjvm.so
7f7da900d000-7f7da920d000 ---p 01151000 07:08 535                        /snap/phpstorm/260/jbr/lib/server/libjvm.so
7f7da920d000-7f7da92d2000 r--p 01151000 07:08 535                        /snap/phpstorm/260/jbr/lib/server/libjvm.so
7f7da92d2000-7f7da930d000 rw-p 01216000 07:08 535                        /snap/phpstorm/260/jbr/lib/server/libjvm.so
7f7da930d000-7f7da9366000 rw-p 00000000 00:00 0 
7f7da9366000-7f7da9388000 r--p 00000000 08:02 47974551                   /usr/lib/x86_64-linux-gnu/libc-2.31.so
7f7da9388000-7f7da9500000 r-xp 00022000 08:02 47974551                   /usr/lib/x86_64-linux-gnu/libc-2.31.so
7f7da9500000-7f7da954e000 r--p 0019a000 08:02 47974551                   /usr/lib/x86_64-linux-gnu/libc-2.31.so
7f7da954e000-7f7da9552000 r--p 001e7000 08:02 47974551                   /usr/lib/x86_64-linux-gnu/libc-2.31.so
7f7da9552000-7f7da9554000 rw-p 001eb000 08:02 47974551                   /usr/lib/x86_64-linux-gnu/libc-2.31.so
7f7da9554000-7f7da9558000 rw-p 00000000 00:00 0 
7f7da9558000-7f7da9559000 r--p 00000000 08:02 47974552                   /usr/lib/x86_64-linux-gnu/libdl-2.31.so
7f7da9559000-7f7da955b000 r-xp 00001000 08:02 47974552                   /usr/lib/x86_64-linux-gnu/libdl-2.31.so
7f7da955b000-7f7da955c000 r--p 00003000 08:02 47974552                   /usr/lib/x86_64-linux-gnu/libdl-2.31.so
7f7da955c000-7f7da955d000 r--p 00003000 08:02 47974552                   /usr/lib/x86_64-linux-gnu/libdl-2.31.so
7f7da955d000-7f7da955e000 rw-p 00004000 08:02 47974552                   /usr/lib/x86_64-linux-gnu/libdl-2.31.so
7f7da955e000-7f7da956d000 r-xp 00000000 07:08 419                        /snap/phpstorm/260/jbr/lib/jli/libjli.so
7f7da956d000-7f7da976c000 ---p 0000f000 07:08 419                        /snap/phpstorm/260/jbr/lib/jli/libjli.so
7f7da976c000-7f7da976d000 r--p 0000e000 07:08 419                        /snap/phpstorm/260/jbr/lib/jli/libjli.so
7f7da976d000-7f7da976e000 rw-p 0000f000 07:08 419                        /snap/phpstorm/260/jbr/lib/jli/libjli.so
7f7da976e000-7f7da9774000 r--p 00000000 08:02 47974564                   /usr/lib/x86_64-linux-gnu/libpthread-2.31.so
7f7da9774000-7f7da9785000 r-xp 00006000 08:02 47974564                   /usr/lib/x86_64-linux-gnu/libpthread-2.31.so
7f7da9785000-7f7da978b000 r--p 00017000 08:02 47974564                   /usr/lib/x86_64-linux-gnu/libpthread-2.31.so
7f7da978b000-7f7da978c000 r--p 0001c000 08:02 47974564                   /usr/lib/x86_64-linux-gnu/libpthread-2.31.so
7f7da978c000-7f7da978d000 rw-p 0001d000 08:02 47974564                   /usr/lib/x86_64-linux-gnu/libpthread-2.31.so
7f7da978d000-7f7da9791000 rw-p 00000000 00:00 0 
7f7da9791000-7f7da9793000 r--p 00000000 08:02 47972927                   /usr/lib/x86_64-linux-gnu/libz.so.1.2.11
7f7da9793000-7f7da97a4000 r-xp 00002000 08:02 47972927                   /usr/lib/x86_64-linux-gnu/libz.so.1.2.11
7f7da97a4000-7f7da97aa000 r--p 00013000 08:02 47972927                   /usr/lib/x86_64-linux-gnu/libz.so.1.2.11
7f7da97aa000-7f7da97ab000 ---p 00019000 08:02 47972927                   /usr/lib/x86_64-linux-gnu/libz.so.1.2.11
7f7da97ab000-7f7da97ac000 r--p 00019000 08:02 47972927                   /usr/lib/x86_64-linux-gnu/libz.so.1.2.11
7f7da97ac000-7f7da97ad000 rw-p 0001a000 08:02 47972927                   /usr/lib/x86_64-linux-gnu/libz.so.1.2.11
7f7da97ad000-7f7da97af000 rw-p 00000000 00:00 0 
7f7da97b6000-7f7da97be000 rw-s 00000000 08:02 7868621                    /tmp/hsperfdata_mike/266840
7f7da97be000-7f7da97bf000 ---p 00000000 00:00 0 
7f7da97bf000-7f7da97c0000 r--p 00000000 00:00 0 
7f7da97c0000-7f7da97c1000 r--p 00000000 08:02 47974544                   /usr/lib/x86_64-linux-gnu/ld-2.31.so
7f7da97c1000-7f7da97e4000 r-xp 00001000 08:02 47974544                   /usr/lib/x86_64-linux-gnu/ld-2.31.so
7f7da97e4000-7f7da97ec000 r--p 00024000 08:02 47974544                   /usr/lib/x86_64-linux-gnu/ld-2.31.so
7f7da97ed000-7f7da97ee000 r--p 0002c000 08:02 47974544                   /usr/lib/x86_64-linux-gnu/ld-2.31.so
7f7da97ee000-7f7da97ef000 rw-p 0002d000 08:02 47974544                   /usr/lib/x86_64-linux-gnu/ld-2.31.so
7f7da97ef000-7f7da97f0000 rw-p 00000000 00:00 0 
7ffc1fb01000-7ffc1fb22000 rw-p 00000000 00:00 0                          [stack]
7ffc1fb6c000-7ffc1fb70000 r--p 00000000 00:00 0                          [vvar]
7ffc1fb70000-7ffc1fb72000 r-xp 00000000 00:00 0                          [vdso]
ffffffffff600000-ffffffffff601000 --xp 00000000 00:00 0                  [vsyscall]


VM Arguments:
jvm_args: -Djava.rmi.server.hostname=127.0.0.1 -Duser.timezone=UTC -Xmx750m -Xms128m -Dfile.encoding=UTF-8 
java_command: com.intellij.database.remote.RemoteJdbcServer com.mysql.cj.jdbc.Driver
java_class_path (initial): /snap/phpstorm/260/lib/util.jar:/snap/phpstorm/260/lib/org_codehaus_groovy_groovy.jar:/snap/phpstorm/260/plugins/DatabaseTools/lib/jdbc-console.jar:/home/mike/.config/JetBrains/PhpStorm2021.3/jdbc-drivers/MySQL ConnectorJ/8.0.25/mysql-connector-java-8.0.25.jar
Launcher Type: SUN_STANDARD

[Global flags]
     intx CICompilerCount                          = 4                                         {product} {ergonomic}
     uint ConcGCThreads                            = 3                                         {product} {ergonomic}
     uint G1ConcRefinementThreads                  = 10                                        {product} {ergonomic}
   size_t G1HeapRegionSize                         = 1048576                                   {product} {ergonomic}
    uintx GCDrainStackTargetSize                   = 64                                        {product} {ergonomic}
   size_t InitialHeapSize                          = 134217728                                 {product} {command line}
   size_t MarkStackSize                            = 4194304                                   {product} {ergonomic}
   size_t MaxHeapSize                              = 786432000                                 {product} {command line}
   size_t MaxNewSize                               = 471859200                                 {product} {ergonomic}
   size_t MinHeapDeltaBytes                        = 1048576                                   {product} {ergonomic}
    uintx NonNMethodCodeHeapSize                   = 5836300                                {pd product} {ergonomic}
    uintx NonProfiledCodeHeapSize                  = 122910970                              {pd product} {ergonomic}
    uintx ProfiledCodeHeapSize                     = 122910970                              {pd product} {ergonomic}
    uintx ReservedCodeCacheSize                    = 251658240                              {pd product} {ergonomic}
     bool SegmentedCodeCache                       = true                                      {product} {ergonomic}
     bool UseCompressedClassPointers               = true                                 {lp64_product} {ergonomic}
     bool UseCompressedOops                        = true                                 {lp64_product} {ergonomic}
     bool UseG1GC                                  = true                                      {product} {ergonomic}

Logging:
Log output configuration:
 #0: stdout all=warning uptime,level,tags
 #1: stderr all=off uptime,level,tags

Environment Variables:
PATH=/usr/local/sbin:/usr/local/bin:/usr/sbin:/usr/bin:/sbin:/bin:/usr/games:/usr/local/games:/snap/bin
USERNAME=mike
SHELL=/bin/bash
DISPLAY=:0
LANG=en_US.UTF-8

Signal Handlers:
SIGSEGV: [libjvm.so+0xe6b990], sa_mask[0]=11111111011111111101111111111110, sa_flags=SA_RESTART|SA_SIGINFO
SIGBUS: [libjvm.so+0xe6b990], sa_mask[0]=11111111011111111101111111111110, sa_flags=SA_RESTART|SA_SIGINFO
SIGFPE: [libjvm.so+0xe6b990], sa_mask[0]=11111111011111111101111111111110, sa_flags=SA_RESTART|SA_SIGINFO
SIGPIPE: [libjvm.so+0xbc0060], sa_mask[0]=11111111011111111101111111111110, sa_flags=SA_RESTART|SA_SIGINFO
SIGXFSZ: [libjvm.so+0xbc0060], sa_mask[0]=11111111011111111101111111111110, sa_flags=SA_RESTART|SA_SIGINFO
SIGILL: [libjvm.so+0xe6b990], sa_mask[0]=11111111011111111101111111111110, sa_flags=SA_RESTART|SA_SIGINFO
SIGUSR2: [libjvm.so+0xbbfef0], sa_mask[0]=00100000000000000000000000000000, sa_flags=SA_RESTART|SA_SIGINFO
SIGHUP: [libjvm.so+0xbc03e0], sa_mask[0]=11111111011111111101111111111110, sa_flags=SA_RESTART|SA_SIGINFO
SIGINT: [libjvm.so+0xbc03e0], sa_mask[0]=11111111011111111101111111111110, sa_flags=SA_RESTART|SA_SIGINFO
SIGTERM: [libjvm.so+0xbc03e0], sa_mask[0]=11111111011111111101111111111110, sa_flags=SA_RESTART|SA_SIGINFO
SIGQUIT: [libjvm.so+0xbc03e0], sa_mask[0]=11111111011111111101111111111110, sa_flags=SA_RESTART|SA_SIGINFO


---------------  S Y S T E M  ---------------

OS:DISTRIB_ID=Ubuntu
DISTRIB_RELEASE=20.04
DISTRIB_CODENAME=focal
DISTRIB_DESCRIPTION="Ubuntu 20.04.4 LTS"
uname:Linux 5.13.0-39-generic #44~20.04.1-Ubuntu SMP Thu Mar 24 16:43:35 UTC 2022 x86_64
OS uptime: 1 days 12:59 hours
libc:glibc 2.31 NPTL 2.31 
rlimit (soft/hard): STACK 8192k/infinity , CORE 0k/infinity , NPROC 63506/63506 , NOFILE 1048576/1048576 , AS infinity/infinity , CPU infinity/infinity , DATA infinity/infinity , FSIZE infinity/infinity , MEMLOCK 65536k/65536k
load average:0,91 0,80 0,70

/proc/meminfo:
MemTotal:       16328244 kB
MemFree:         1325940 kB
MemAvailable:   10065952 kB
Buffers:          586496 kB
Cached:          8244124 kB
SwapCached:            0 kB
Active:          3309048 kB
Inactive:       10719720 kB
Active(anon):      63980 kB
Inactive(anon):  5329288 kB
Active(file):    3245068 kB
Inactive(file):  5390432 kB
Unevictable:          48 kB
Mlocked:              48 kB
SwapTotal:       2097148 kB
SwapFree:        2097148 kB
Dirty:             15316 kB
Writeback:             0 kB
AnonPages:       5198460 kB
Mapped:          1297092 kB
Shmem:            229088 kB
KReclaimable:     440068 kB
Slab:             646864 kB
SReclaimable:     440068 kB
SUnreclaim:       206796 kB
KernelStack:       21584 kB
PageTables:        48540 kB
NFS_Unstable:          0 kB
Bounce:                0 kB
WritebackTmp:          0 kB
CommitLimit:    10261268 kB
Committed_AS:   15918312 kB
VmallocTotal:   34359738367 kB
VmallocUsed:       46428 kB
VmallocChunk:          0 kB
Percpu:            43392 kB
HardwareCorrupted:     0 kB
AnonHugePages:         0 kB
ShmemHugePages:        0 kB
ShmemPmdMapped:        0 kB
FileHugePages:         0 kB
FilePmdMapped:         0 kB
HugePages_Total:       0
HugePages_Free:        0
HugePages_Rsvd:        0
HugePages_Surp:        0
Hugepagesize:       2048 kB
Hugetlb:               0 kB
DirectMap4k:      515812 kB
DirectMap2M:    14112768 kB
DirectMap1G:     3145728 kB

/sys/kernel/mm/transparent_hugepage/enabled:
always [madvise] never
/sys/kernel/mm/transparent_hugepage/defrag (defrag/compaction efforts parameter):
always defer defer+madvise [madvise] never

Process Memory:
Virtual Size: 4006332K (peak: 4065964K)
Resident Set Size: 82792K (peak: 82792K) (anon: 55444K, file: 27348K, shmem: 0K)
Swapped out: 0K
C-Heap outstanding allocations: 16462K

/proc/sys/kernel/threads-max (system-wide limit on the number of threads):
127013
/proc/sys/vm/max_map_count (maximum number of memory map areas a process may have):
65530
/proc/sys/kernel/pid_max (system-wide limit on number of process identifiers):
4194304

container (cgroup) information:
container_type: cgroupv1
cpu_cpuset_cpus: 0-11
cpu_memory_nodes: 0
active_processor_count: 12
cpu_quota: -1
cpu_period: 100000
cpu_shares: -1
memory_limit_in_bytes: -1
memory_and_swap_limit_in_bytes: -1
memory_soft_limit_in_bytes: -1
memory_usage_in_bytes: 10707267584
memory_max_usage_in_bytes: 11494121472

Steal ticks since vm start: 0
Steal ticks percentage since vm start:  0,000

CPU:total 12 (initial active 12) (12 cores per cpu, 2 threads per core) family 23 model 113 stepping 0 microcode 0x8701013, cmov, cx8, fxsr, mmx, sse, sse2, sse3, ssse3, sse4.1, sse4.2, popcnt, avx, avx2, aes, clmul, mmxext, 3dnowpref, lzcnt, sse4a, ht, tsc, tscinvbit, tscinv, bmi1, bmi2, adx, sha, fma
CPU Model and flags from /proc/cpuinfo:
model name	: AMD Ryzen 5 3600 6-Core Processor
flags		: fpu vme de pse tsc msr pae mce cx8 apic sep mtrr pge mca cmov pat pse36 clflush mmx fxsr sse sse2 ht syscall nx mmxext fxsr_opt pdpe1gb rdtscp lm constant_tsc rep_good nopl nonstop_tsc cpuid extd_apicid aperfmperf pni pclmulqdq monitor ssse3 fma cx16 sse4_1 sse4_2 movbe popcnt aes xsave avx f16c rdrand lahf_lm cmp_legacy svm extapic cr8_legacy abm sse4a misalignsse 3dnowprefetch osvw ibs skinit wdt tce topoext perfctr_core perfctr_nb bpext perfctr_llc mwaitx cpb cat_l3 cdp_l3 hw_pstate ssbd mba ibpb stibp vmmcall fsgsbase bmi1 avx2 smep bmi2 cqm rdt_a rdseed adx smap clflushopt clwb sha_ni xsaveopt xsavec xgetbv1 xsaves cqm_llc cqm_occup_llc cqm_mbm_total cqm_mbm_local clzero irperf xsaveerptr rdpru wbnoinvd arat npt lbrv svm_lock nrip_save tsc_scale vmcb_clean flushbyasid decodeassists pausefilter pfthreshold avic v_vmsave_vmload vgif v_spec_ctrl umip rdpid overflow_recov succor smca sme sev sev_es
Online cpus:
0-11
Offline cpus:
12-31
BIOS frequency limitation:
3600000
Frequency switch latency (ns):
0
Available cpu frequencies:
3600000 2800000 2200000 
Current governor:
ondemand
Core performance/turbo boost:
1

Memory: 4k page, physical 16328244k(1325940k free), swap 2097148k(2097148k free)

vm_info: OpenJDK 64-Bit Server VM (11.0.14.1+1-b1751.46) for linux-amd64 JRE (11.0.14.1+1-b1751.46), built on Feb 21 2022 12:01:19 by "" with gcc 8.3.1 20190311 (Red Hat 8.3.1-3)

END.
