#
# A fatal error has been detected by the Java Runtime Environment:
#
#  SIGSEGV (0xb) at pc=0x00007f3d61017633, pid=269475, tid=269477
#
# JRE version: OpenJDK Runtime Environment JBR-11.0.14.1.1-2043.25-jcef (11.0.14.1+1) (build 11.0.14.1+1-b2043.25)
# Java VM: OpenJDK 64-Bit Server VM JBR-11.0.14.1.1-2043.25-jcef (11.0.14.1+1-b2043.25, mixed mode, tiered, compressed oops, g1 gc, linux-amd64)
# Problematic frame:
# V  [libjvm.so+0x7ab633]  G1ParScanThreadState::copy_to_survivor_space(InCSetState, oopDesc*, markOopDesc*)+0x43
#
# Core dump will be written. Default location: Core dumps may be processed with "/usr/share/apport/apport %p %s %c %d %P %E" (or dumping to /home/mike/ParcerForOzon/docker-nginx-php-symfony/core.269475)
#
# If you would like to submit a bug report, please visit:
#   https://bugreport.java.com/bugreport/crash.jsp
#

---------------  S U M M A R Y ------------

Command Line: -Djava.rmi.server.hostname=127.0.0.1 -Duser.timezone=UTC -Xmx750m -Xms128m -Dfile.encoding=UTF-8 com.intellij.database.remote.RemoteJdbcServer com.mysql.cj.jdbc.Driver

Host: AMD Ryzen 5 3600 6-Core Processor, 12 cores, 15G, Ubuntu 20.04.4 LTS
Time: Sun Apr 17 21:23:56 2022 MSK elapsed time: 0.679378 seconds (0d 0h 0m 0s)

---------------  T H R E A D  ---------------

Current thread (0x00007f3d5c040000):  GCTaskThread "GC Thread#0" [stack: 0x00007f3d48db9000,0x00007f3d48eb9000] [id=269477]

Stack: [0x00007f3d48db9000,0x00007f3d48eb9000],  sp=0x00007f3d48eb79c0,  free space=1018k
Native frames: (J=compiled Java code, A=aot compiled Java code, j=interpreted, Vv=VM code, C=native code)
V  [libjvm.so+0x7ab633]  G1ParScanThreadState::copy_to_survivor_space(InCSetState, oopDesc*, markOopDesc*)+0x43
V  [libjvm.so+0x7a92b8]  G1ParScanThreadState::trim_queue_partially()+0x438
V  [libjvm.so+0x5e2992]  ClassLoaderData::ChunkedHandleList::oops_do(OopClosure*)+0x42
V  [libjvm.so+0x7a88a5]  G1CLDScanClosure::do_cld(ClassLoaderData*)+0x35
V  [libjvm.so+0x5e5369]  ClassLoaderDataGraph::roots_cld_do(CLDClosure*, CLDClosure*)+0x39
V  [libjvm.so+0x7c4695]  G1RootProcessor::process_java_roots(G1RootClosures*, G1GCPhaseTimes*, unsigned int)+0x65
V  [libjvm.so+0x7c4bd8]  G1RootProcessor::evacuate_roots(G1ParScanThreadState*, unsigned int)+0x68
V  [libjvm.so+0x77317c]  G1ParTask::work(unsigned int)+0xec
V  [libjvm.so+0xe9527d]  GangWorker::loop()+0x4d
V  [libjvm.so+0xe06649]  Thread::call_run()+0x149
V  [libjvm.so+0xbcaace]  thread_native_entry(Thread*)+0xee


siginfo: si_signo: 11 (SIGSEGV), si_code: 1 (SEGV_MAPERR), si_addr: 0x0000000140013398

Register to memory mapping:

RAX=0x0000000000000001 is an unknown value
RBX=
[error occurred during error reporting (printing register info), id 0xb, SIGSEGV (0xb) at pc=0x00007f3d61097ff5]

Registers:
RAX=0x0000000000000001, RBX=0x00000000d8883150, RCX=0x0000000000000003, RDX=0x00007f3d61ca4850
RSP=0x00007f3d48eb79c0, RBP=0x00007f3d48eb7a30, RSI=0x0000000000000001, RDI=0x0000000140013390
R8 =0x000000010006aeb8, R9 =0x0000000000000000, R10=0x0000000000000000, R11=0x0000000000000001
R12=0x0000000000000040, R13=0x00007f3d44000d50, R14=0x00007f3d44000be0, R15=0x00007f3d44000be0
RIP=0x00007f3d61017633, EFLAGS=0x0000000000010206, CSGSFS=0x002b000000000033, ERR=0x0000000000000004
  TRAPNO=0x000000000000000e

Top of Stack: (sp=0x00007f3d48eb79c0)
0x00007f3d48eb79c0:   0000000000000000 00007f3d48eb79f0
0x00007f3d48eb79d0:   00007f3d44001101 00007f3d6142ee01
0x00007f3d48eb79e0:   0000000000000008 0000000000000001
0x00007f3d48eb79f0:   00007f3d48eb7a30 00007f3d61682f7e 

Instructions: (pc=0x00007f3d61017633)
0x00007f3d61017533:   43 4d 8b 4d 10 49 8b 4d 08 49 8d bd 04 01 00 00
0x00007f3d61017543:   4d 8b 7d 50 4c 89 4d c0 48 89 4d c8 e8 7c b4 08
0x00007f3d61017553:   00 4c 8b 4d c0 48 8b 4d c8 4d 89 f8 48 89 c2 48
0x00007f3d61017563:   8d 35 40 59 78 00 48 8d 3d d8 00 78 00 31 c0 e8
0x00007f3d61017573:   b9 8e fa ff 49 8b 7c 24 08 41 8b b4 24 9c 01 00
0x00007f3d61017583:   00 4c 89 f1 48 89 da e8 31 21 fc ff 48 8d 05 16
0x00007f3d61017593:   a3 cb 00 4d 89 ac 24 90 01 00 00 49 8d bc 24 70
0x00007f3d610175a3:   01 00 00 80 38 00 74 3d 48 8d 05 9e d2 c8 00 8b
0x00007f3d610175b3:   53 08 8b 48 08 48 d3 e2 48 03 10 48 63 4a 0c 48
0x00007f3d610175c3:   8d 05 57 94 cb 00 48 89 de ff 14 c8 48 83 c4 18
0x00007f3d610175d3:   48 89 d8 5b 41 5c 41 5d 41 5e 41 5f 5d c3 0f 1f
0x00007f3d610175e3:   80 00 00 00 00 48 8b 53 08 eb d0 66 90 55 41 89
0x00007f3d610175f3:   f3 48 89 e5 41 57 41 56 49 89 fe 41 55 41 54 53
0x00007f3d61017603:   48 89 d3 48 83 ec 48 48 8d 05 9b a2 cb 00 48 89
0x00007f3d61017613:   4d b8 0f b6 00 84 c0 0f 84 e0 02 00 00 8b 7a 08
0x00007f3d61017623:   48 8d 15 26 d2 c8 00 8b 4a 08 48 d3 e7 48 03 3a
0x00007f3d61017633:   44 8b 6f 08 45 85 ed 0f 8e 90 02 00 00 41 f6 c5
0x00007f3d61017643:   01 0f 85 46 01 00 00 41 c1 fd 03 4d 63 fd 49 8b
0x00007f3d61017653:   46 08 48 89 da c7 45 b4 00 00 00 00 8b 88 c0 02
0x00007f3d61017663:   00 00 48 8b 80 b0 02 00 00 48 d3 ea 48 8b 04 d0
0x00007f3d61017673:   8b 80 40 01 00 00 89 45 b0 41 80 fb 01 0f 84 8a
0x00007f3d61017683:   02 00 00 49 0f be c3 41 80 be c8 01 00 00 00 45
0x00007f3d61017693:   0f b6 94 06 68 01 00 00 74 0a 41 80 fa 02 0f 84
0x00007f3d610176a3:   c0 02 00 00 41 80 fa 01 49 0f be c2 40 0f 95 c6
0x00007f3d610176b3:   49 8b 7e 60 48 8b 8c c7 10 01 00 00 8b 97 28 01
0x00007f3d610176c3:   00 00 48 8b 41 38 4c 8b 61 30 85 d2 74 09 40 84
0x00007f3d610176d3:   f6 0f 84 ae 02 00 00 4c 29 e0 48 c1 e8 03 4c 39
0x00007f3d610176e3:   f8 0f 82 56 04 00 00 4b 8d 04 fc 48 89 41 30 4d
0x00007f3d610176f3:   85 e4 0f 84 3c 04 00 00 48 8d 05 76 0f c7 00 48
0x00007f3d61017703:   8b 00 41 0f 18 0c 04 4c 89 e1 48 8b 13 48 83 c9
0x00007f3d61017713:   03 eb 1e 66 2e 0f 1f 84 00 00 00 00 00 48 89 d0
0x00007f3d61017723:   f0 48 0f b1 0b 48 39 c2 0f 84 97 00 00 00 48 89 


Stack slot to memory mapping:
stack at sp + 0 slots: 0x0 is NULL
stack at sp + 1 slots: 0x00007f3d48eb79f0 points into unknown readable memory: 0x00007f3d48eb7a30 | 30 7a eb 48 3d 7f 00 00
stack at sp + 2 slots: 0x00007f3d44001101 points into unknown readable memory: 00 00 00 00 00 00 00
stack at sp + 3 slots: 0x00007f3d6142ee01: <offset 0x0000000000bc2e01> in /snap/datagrip/137/jbr/lib/server/libjvm.so at 0x00007f3d6086c000
stack at sp + 4 slots: 0x0000000000000008 is an unknown value
stack at sp + 5 slots: 0x0000000000000001 is an unknown value
stack at sp + 6 slots: 0x00007f3d48eb7a30 points into unknown readable memory: 0x00007f3d48eb7ac0 | c0 7a eb 48 3d 7f 00 00
stack at sp + 7 slots: 0x00007f3d61682f7e: <offset 0x0000000000e16f7e> in /snap/datagrip/137/jbr/lib/server/libjvm.so at 0x00007f3d6086c000


---------------  P R O C E S S  ---------------

Threads class SMR info:
_java_thread_list=0x00007f3cf0002b70, length=18, elements={
0x00007f3d5c028000, 0x00007f3d5c156800, 0x00007f3d5c15a800, 0x00007f3d5c171000,
0x00007f3d5c172800, 0x00007f3d5c175000, 0x00007f3d5c177000, 0x00007f3d5c179000,
0x00007f3d5c248000, 0x00007f3d10066000, 0x00007f3d5c2c2000, 0x00007f3d5c362800,
0x00007f3d5c36c000, 0x00007f3d5c36e000, 0x00007f3d5c372800, 0x00007f3cfc001800,
0x00007f3cec057000, 0x00007f3cf0001000
}

Java Threads: ( => current thread )
  0x00007f3d5c028000 JavaThread "main" [_thread_blocked, id=269476, stack(0x00007f3d6061c000,0x00007f3d6071d000)]
  0x00007f3d5c156800 JavaThread "Reference Handler" daemon [_thread_blocked, id=269483, stack(0x00007f3d3ae73000,0x00007f3d3af74000)]
  0x00007f3d5c15a800 JavaThread "Finalizer" daemon [_thread_blocked, id=269484, stack(0x00007f3d3ad72000,0x00007f3d3ae73000)]
  0x00007f3d5c171000 JavaThread "Signal Dispatcher" daemon [_thread_blocked, id=269485, stack(0x00007f3d3a700000,0x00007f3d3a801000)]
  0x00007f3d5c172800 JavaThread "Service Thread" daemon [_thread_blocked, id=269486, stack(0x00007f3d3a5ff000,0x00007f3d3a700000)]
  0x00007f3d5c175000 JavaThread "C2 CompilerThread0" daemon [_thread_blocked, id=269487, stack(0x00007f3d3a4fe000,0x00007f3d3a5ff000)]
  0x00007f3d5c177000 JavaThread "C1 CompilerThread0" daemon [_thread_blocked, id=269488, stack(0x00007f3d3a3fd000,0x00007f3d3a4fe000)]
  0x00007f3d5c179000 JavaThread "Sweeper thread" daemon [_thread_blocked, id=269489, stack(0x00007f3d3a2fc000,0x00007f3d3a3fd000)]
  0x00007f3d5c248000 JavaThread "Common-Cleaner" daemon [_thread_blocked, id=269492, stack(0x00007f3d3a0f9000,0x00007f3d3a1fa000)]
  0x00007f3d10066000 JavaThread "C2 CompilerThread1" daemon [_thread_blocked, id=269493, stack(0x00007f3d39bd1000,0x00007f3d39cd2000)]
  0x00007f3d5c2c2000 JavaThread "mysql-cj-abandoned-connection-cleanup" daemon [_thread_blocked, id=269494, stack(0x00007f3d39ad0000,0x00007f3d39bd1000)]
  0x00007f3d5c362800 JavaThread "RMI TCP Accept-16104" daemon [_thread_in_native, id=269495, stack(0x00007f3d397cc000,0x00007f3d398cd000)]
  0x00007f3d5c36c000 JavaThread "RMI TCP Accept-0" daemon [_thread_in_native, id=269496, stack(0x00007f3d396cb000,0x00007f3d397cc000)]
  0x00007f3d5c36e000 JavaThread "RMI Reaper" [_thread_blocked, id=269497, stack(0x00007f3d395ca000,0x00007f3d396cb000)]
  0x00007f3d5c372800 JavaThread "RMI GC Daemon" daemon [_thread_blocked, id=269498, stack(0x00007f3d392c7000,0x00007f3d393c8000)]
  0x00007f3cfc001800 JavaThread "RMI TCP Connection(1)-127.0.0.1" daemon [_thread_in_native, id=269499, stack(0x00007f3d38fc6000,0x00007f3d390c7000)]
  0x00007f3cec057000 JavaThread "RMI Scheduler(0)" daemon [_thread_blocked, id=269500, stack(0x00007f3d38ec5000,0x00007f3d38fc6000)]
  0x00007f3cf0001000 JavaThread "RMI TCP Connection(2)-127.0.0.1" daemon [_thread_blocked, id=269504, stack(0x00007f3d38dc4000,0x00007f3d38ec5000)]

Other Threads:
  0x00007f3d5c14e000 VMThread "VM Thread" [stack: 0x00007f3d3af76000,0x00007f3d3b076000] [id=269482]
  0x00007f3d5c239000 WatcherThread [stack: 0x00007f3d3a1fc000,0x00007f3d3a2fc000] [id=269491]
=>0x00007f3d5c040000 GCTaskThread "GC Thread#0" [stack: 0x00007f3d48db9000,0x00007f3d48eb9000] [id=269477]
  0x00007f3d2c011000 GCTaskThread "GC Thread#1" [stack: 0x00007f3d3847e000,0x00007f3d3857e000] [id=269505]
  0x00007f3d2c012800 GCTaskThread "GC Thread#2" [stack: 0x00007f3d3837c000,0x00007f3d3847c000] [id=269506]
  0x00007f3d2c014000 GCTaskThread "GC Thread#3" [stack: 0x00007f3d3827a000,0x00007f3d3837a000] [id=269507]
  0x00007f3d5c056800 ConcurrentGCThread "G1 Main Marker" [stack: 0x00007f3d42619000,0x00007f3d42719000] [id=269478]
  0x00007f3d5c058800 ConcurrentGCThread "G1 Conc#0" [stack: 0x00007f3d42517000,0x00007f3d42617000] [id=269479]
  0x00007f3d5c0e8800 ConcurrentGCThread "G1 Refine#0" [stack: 0x00007f3d3b9fb000,0x00007f3d3bafb000] [id=269480]
  0x00007f3d5c0ea000 ConcurrentGCThread "G1 Young RemSet Sampling" [stack: 0x00007f3d3b8f9000,0x00007f3d3b9f9000] [id=269481]

Threads with active compile tasks:
C2 CompilerThread0    685 1295       4       java.util.regex.Matcher::search (154 bytes)
C2 CompilerThread1    685 1248       4       java.util.HashSet::add (20 bytes)

VM state:at safepoint (normal execution)

VM Mutex/Monitor currently owned by a thread:  ([mutex/lock_event])
[0x00007f3d5c024b20] Threads_lock - owner thread: 0x00007f3d5c14e000
[0x00007f3d5c025300] Heap_lock - owner thread: 0x00007f3cf0001000

Heap address: 0x00000000d1200000, size: 750 MB, Compressed Oops mode: 32-bit
Narrow klass base: 0x0000000000000000, Narrow klass shift: 3
Compressed class space size: 1073741824 Address: 0x0000000100000000

Heap:
 garbage-first heap   total 131072K, used 24576K [0x00000000d1200000, 0x0000000100000000)
  region size 1024K, 27 young (27648K), 3 survivors (3072K)
 Metaspace       used 17148K, capacity 17713K, committed 18048K, reserved 1064960K
  class space    used 1840K, capacity 2072K, committed 2176K, reserved 1048576K
Heap Regions: E=young(eden), S=young(survivor), O=old, HS=humongous(starts), HC=humongous(continues), CS=collection set, F=free, A=archive, TAMS=top-at-mark-start (previous, next)
|   0|0x00000000d1200000, 0x00000000d1300000, 0x00000000d1300000|100%| O|  |TAMS 0x00000000d1200000, 0x00000000d1200000| Untracked 
|   1|0x00000000d1300000, 0x00000000d1382298, 0x00000000d1400000| 50%| O|  |TAMS 0x00000000d1300000, 0x00000000d1300000| Untracked 
|   2|0x00000000d1400000, 0x00000000d1400000, 0x00000000d1500000|  0%| F|  |TAMS 0x00000000d1400000, 0x00000000d1400000| Untracked 
|   3|0x00000000d1500000, 0x00000000d1500000, 0x00000000d1600000|  0%| F|  |TAMS 0x00000000d1500000, 0x00000000d1500000| Untracked 
|   4|0x00000000d1600000, 0x00000000d1600000, 0x00000000d1700000|  0%| F|  |TAMS 0x00000000d1600000, 0x00000000d1600000| Untracked 
|   5|0x00000000d1700000, 0x00000000d1700000, 0x00000000d1800000|  0%| F|  |TAMS 0x00000000d1700000, 0x00000000d1700000| Untracked 
|   6|0x00000000d1800000, 0x00000000d1800000, 0x00000000d1900000|  0%| F|  |TAMS 0x00000000d1800000, 0x00000000d1800000| Untracked 
|   7|0x00000000d1900000, 0x00000000d1900000, 0x00000000d1a00000|  0%| F|  |TAMS 0x00000000d1900000, 0x00000000d1900000| Untracked 
|   8|0x00000000d1a00000, 0x00000000d1a00000, 0x00000000d1b00000|  0%| F|  |TAMS 0x00000000d1a00000, 0x00000000d1a00000| Untracked 
|   9|0x00000000d1b00000, 0x00000000d1b00000, 0x00000000d1c00000|  0%| F|  |TAMS 0x00000000d1b00000, 0x00000000d1b00000| Untracked 
|  10|0x00000000d1c00000, 0x00000000d1c00000, 0x00000000d1d00000|  0%| F|  |TAMS 0x00000000d1c00000, 0x00000000d1c00000| Untracked 
|  11|0x00000000d1d00000, 0x00000000d1d00000, 0x00000000d1e00000|  0%| F|  |TAMS 0x00000000d1d00000, 0x00000000d1d00000| Untracked 
|  12|0x00000000d1e00000, 0x00000000d1e00000, 0x00000000d1f00000|  0%| F|  |TAMS 0x00000000d1e00000, 0x00000000d1e00000| Untracked 
|  13|0x00000000d1f00000, 0x00000000d1f00000, 0x00000000d2000000|  0%| F|  |TAMS 0x00000000d1f00000, 0x00000000d1f00000| Untracked 
|  14|0x00000000d2000000, 0x00000000d2000000, 0x00000000d2100000|  0%| F|  |TAMS 0x00000000d2000000, 0x00000000d2000000| Untracked 
|  15|0x00000000d2100000, 0x00000000d2100000, 0x00000000d2200000|  0%| F|  |TAMS 0x00000000d2100000, 0x00000000d2100000| Untracked 
|  16|0x00000000d2200000, 0x00000000d2200000, 0x00000000d2300000|  0%| F|  |TAMS 0x00000000d2200000, 0x00000000d2200000| Untracked 
|  17|0x00000000d2300000, 0x00000000d2300000, 0x00000000d2400000|  0%| F|  |TAMS 0x00000000d2300000, 0x00000000d2300000| Untracked 
|  18|0x00000000d2400000, 0x00000000d2400000, 0x00000000d2500000|  0%| F|  |TAMS 0x00000000d2400000, 0x00000000d2400000| Untracked 
|  19|0x00000000d2500000, 0x00000000d2500000, 0x00000000d2600000|  0%| F|  |TAMS 0x00000000d2500000, 0x00000000d2500000| Untracked 
|  20|0x00000000d2600000, 0x00000000d2600000, 0x00000000d2700000|  0%| F|  |TAMS 0x00000000d2600000, 0x00000000d2600000| Untracked 
|  21|0x00000000d2700000, 0x00000000d2700000, 0x00000000d2800000|  0%| F|  |TAMS 0x00000000d2700000, 0x00000000d2700000| Untracked 
|  22|0x00000000d2800000, 0x00000000d2800000, 0x00000000d2900000|  0%| F|  |TAMS 0x00000000d2800000, 0x00000000d2800000| Untracked 
|  23|0x00000000d2900000, 0x00000000d2900000, 0x00000000d2a00000|  0%| F|  |TAMS 0x00000000d2900000, 0x00000000d2900000| Untracked 
|  24|0x00000000d2a00000, 0x00000000d2a00000, 0x00000000d2b00000|  0%| F|  |TAMS 0x00000000d2a00000, 0x00000000d2a00000| Untracked 
|  25|0x00000000d2b00000, 0x00000000d2b00000, 0x00000000d2c00000|  0%| F|  |TAMS 0x00000000d2b00000, 0x00000000d2b00000| Untracked 
|  26|0x00000000d2c00000, 0x00000000d2c00000, 0x00000000d2d00000|  0%| F|  |TAMS 0x00000000d2c00000, 0x00000000d2c00000| Untracked 
|  27|0x00000000d2d00000, 0x00000000d2d00000, 0x00000000d2e00000|  0%| F|  |TAMS 0x00000000d2d00000, 0x00000000d2d00000| Untracked 
|  28|0x00000000d2e00000, 0x00000000d2e00000, 0x00000000d2f00000|  0%| F|  |TAMS 0x00000000d2e00000, 0x00000000d2e00000| Untracked 
|  29|0x00000000d2f00000, 0x00000000d2f00000, 0x00000000d3000000|  0%| F|  |TAMS 0x00000000d2f00000, 0x00000000d2f00000| Untracked 
|  30|0x00000000d3000000, 0x00000000d3000000, 0x00000000d3100000|  0%| F|  |TAMS 0x00000000d3000000, 0x00000000d3000000| Untracked 
|  31|0x00000000d3100000, 0x00000000d3100000, 0x00000000d3200000|  0%| F|  |TAMS 0x00000000d3100000, 0x00000000d3100000| Untracked 
|  32|0x00000000d3200000, 0x00000000d3200000, 0x00000000d3300000|  0%| F|  |TAMS 0x00000000d3200000, 0x00000000d3200000| Untracked 
|  33|0x00000000d3300000, 0x00000000d3300000, 0x00000000d3400000|  0%| F|  |TAMS 0x00000000d3300000, 0x00000000d3300000| Untracked 
|  34|0x00000000d3400000, 0x00000000d3400000, 0x00000000d3500000|  0%| F|  |TAMS 0x00000000d3400000, 0x00000000d3400000| Untracked 
|  35|0x00000000d3500000, 0x00000000d3500000, 0x00000000d3600000|  0%| F|  |TAMS 0x00000000d3500000, 0x00000000d3500000| Untracked 
|  36|0x00000000d3600000, 0x00000000d3600000, 0x00000000d3700000|  0%| F|  |TAMS 0x00000000d3600000, 0x00000000d3600000| Untracked 
|  37|0x00000000d3700000, 0x00000000d3700000, 0x00000000d3800000|  0%| F|  |TAMS 0x00000000d3700000, 0x00000000d3700000| Untracked 
|  38|0x00000000d3800000, 0x00000000d3800000, 0x00000000d3900000|  0%| F|  |TAMS 0x00000000d3800000, 0x00000000d3800000| Untracked 
|  39|0x00000000d3900000, 0x00000000d3900000, 0x00000000d3a00000|  0%| F|  |TAMS 0x00000000d3900000, 0x00000000d3900000| Untracked 
|  40|0x00000000d3a00000, 0x00000000d3a00000, 0x00000000d3b00000|  0%| F|  |TAMS 0x00000000d3a00000, 0x00000000d3a00000| Untracked 
|  41|0x00000000d3b00000, 0x00000000d3b00000, 0x00000000d3c00000|  0%| F|  |TAMS 0x00000000d3b00000, 0x00000000d3b00000| Untracked 
|  42|0x00000000d3c00000, 0x00000000d3c00000, 0x00000000d3d00000|  0%| F|  |TAMS 0x00000000d3c00000, 0x00000000d3c00000| Untracked 
|  43|0x00000000d3d00000, 0x00000000d3d00000, 0x00000000d3e00000|  0%| F|  |TAMS 0x00000000d3d00000, 0x00000000d3d00000| Untracked 
|  44|0x00000000d3e00000, 0x00000000d3e00000, 0x00000000d3f00000|  0%| F|  |TAMS 0x00000000d3e00000, 0x00000000d3e00000| Untracked 
|  45|0x00000000d3f00000, 0x00000000d3f00000, 0x00000000d4000000|  0%| F|  |TAMS 0x00000000d3f00000, 0x00000000d3f00000| Untracked 
|  46|0x00000000d4000000, 0x00000000d4000000, 0x00000000d4100000|  0%| F|  |TAMS 0x00000000d4000000, 0x00000000d4000000| Untracked 
|  47|0x00000000d4100000, 0x00000000d4100000, 0x00000000d4200000|  0%| F|  |TAMS 0x00000000d4100000, 0x00000000d4100000| Untracked 
|  48|0x00000000d4200000, 0x00000000d4200000, 0x00000000d4300000|  0%| F|  |TAMS 0x00000000d4200000, 0x00000000d4200000| Untracked 
|  49|0x00000000d4300000, 0x00000000d4300000, 0x00000000d4400000|  0%| F|  |TAMS 0x00000000d4300000, 0x00000000d4300000| Untracked 
|  50|0x00000000d4400000, 0x00000000d4400000, 0x00000000d4500000|  0%| F|  |TAMS 0x00000000d4400000, 0x00000000d4400000| Untracked 
|  51|0x00000000d4500000, 0x00000000d4500000, 0x00000000d4600000|  0%| F|  |TAMS 0x00000000d4500000, 0x00000000d4500000| Untracked 
|  52|0x00000000d4600000, 0x00000000d4600000, 0x00000000d4700000|  0%| F|  |TAMS 0x00000000d4600000, 0x00000000d4600000| Untracked 
|  53|0x00000000d4700000, 0x00000000d4700000, 0x00000000d4800000|  0%| F|  |TAMS 0x00000000d4700000, 0x00000000d4700000| Untracked 
|  54|0x00000000d4800000, 0x00000000d4800000, 0x00000000d4900000|  0%| F|  |TAMS 0x00000000d4800000, 0x00000000d4800000| Untracked 
|  55|0x00000000d4900000, 0x00000000d4900000, 0x00000000d4a00000|  0%| F|  |TAMS 0x00000000d4900000, 0x00000000d4900000| Untracked 
|  56|0x00000000d4a00000, 0x00000000d4a00000, 0x00000000d4b00000|  0%| F|  |TAMS 0x00000000d4a00000, 0x00000000d4a00000| Untracked 
|  57|0x00000000d4b00000, 0x00000000d4b00000, 0x00000000d4c00000|  0%| F|  |TAMS 0x00000000d4b00000, 0x00000000d4b00000| Untracked 
|  58|0x00000000d4c00000, 0x00000000d4c00000, 0x00000000d4d00000|  0%| F|  |TAMS 0x00000000d4c00000, 0x00000000d4c00000| Untracked 
|  59|0x00000000d4d00000, 0x00000000d4d00000, 0x00000000d4e00000|  0%| F|  |TAMS 0x00000000d4d00000, 0x00000000d4d00000| Untracked 
|  60|0x00000000d4e00000, 0x00000000d4e00000, 0x00000000d4f00000|  0%| F|  |TAMS 0x00000000d4e00000, 0x00000000d4e00000| Untracked 
|  61|0x00000000d4f00000, 0x00000000d4f00000, 0x00000000d5000000|  0%| F|  |TAMS 0x00000000d4f00000, 0x00000000d4f00000| Untracked 
|  62|0x00000000d5000000, 0x00000000d5000000, 0x00000000d5100000|  0%| F|  |TAMS 0x00000000d5000000, 0x00000000d5000000| Untracked 
|  63|0x00000000d5100000, 0x00000000d5100000, 0x00000000d5200000|  0%| F|  |TAMS 0x00000000d5100000, 0x00000000d5100000| Untracked 
|  64|0x00000000d5200000, 0x00000000d5200000, 0x00000000d5300000|  0%| F|  |TAMS 0x00000000d5200000, 0x00000000d5200000| Untracked 
|  65|0x00000000d5300000, 0x00000000d5300000, 0x00000000d5400000|  0%| F|  |TAMS 0x00000000d5300000, 0x00000000d5300000| Untracked 
|  66|0x00000000d5400000, 0x00000000d5400000, 0x00000000d5500000|  0%| F|  |TAMS 0x00000000d5400000, 0x00000000d5400000| Untracked 
|  67|0x00000000d5500000, 0x00000000d5500000, 0x00000000d5600000|  0%| F|  |TAMS 0x00000000d5500000, 0x00000000d5500000| Untracked 
|  68|0x00000000d5600000, 0x00000000d5600000, 0x00000000d5700000|  0%| F|  |TAMS 0x00000000d5600000, 0x00000000d5600000| Untracked 
|  69|0x00000000d5700000, 0x00000000d5700000, 0x00000000d5800000|  0%| F|  |TAMS 0x00000000d5700000, 0x00000000d5700000| Untracked 
|  70|0x00000000d5800000, 0x00000000d5800000, 0x00000000d5900000|  0%| F|  |TAMS 0x00000000d5800000, 0x00000000d5800000| Untracked 
|  71|0x00000000d5900000, 0x00000000d5900000, 0x00000000d5a00000|  0%| F|  |TAMS 0x00000000d5900000, 0x00000000d5900000| Untracked 
|  72|0x00000000d5a00000, 0x00000000d5a00000, 0x00000000d5b00000|  0%| F|  |TAMS 0x00000000d5a00000, 0x00000000d5a00000| Untracked 
|  73|0x00000000d5b00000, 0x00000000d5b00000, 0x00000000d5c00000|  0%| F|  |TAMS 0x00000000d5b00000, 0x00000000d5b00000| Untracked 
|  74|0x00000000d5c00000, 0x00000000d5c00000, 0x00000000d5d00000|  0%| F|  |TAMS 0x00000000d5c00000, 0x00000000d5c00000| Untracked 
|  75|0x00000000d5d00000, 0x00000000d5d00000, 0x00000000d5e00000|  0%| F|  |TAMS 0x00000000d5d00000, 0x00000000d5d00000| Untracked 
|  76|0x00000000d5e00000, 0x00000000d5e00000, 0x00000000d5f00000|  0%| F|  |TAMS 0x00000000d5e00000, 0x00000000d5e00000| Untracked 
|  77|0x00000000d5f00000, 0x00000000d5f00000, 0x00000000d6000000|  0%| F|  |TAMS 0x00000000d5f00000, 0x00000000d5f00000| Untracked 
|  78|0x00000000d6000000, 0x00000000d6000000, 0x00000000d6100000|  0%| F|  |TAMS 0x00000000d6000000, 0x00000000d6000000| Untracked 
|  79|0x00000000d6100000, 0x00000000d6100000, 0x00000000d6200000|  0%| F|  |TAMS 0x00000000d6100000, 0x00000000d6100000| Untracked 
|  80|0x00000000d6200000, 0x00000000d6200000, 0x00000000d6300000|  0%| F|  |TAMS 0x00000000d6200000, 0x00000000d6200000| Untracked 
|  81|0x00000000d6300000, 0x00000000d6300000, 0x00000000d6400000|  0%| F|  |TAMS 0x00000000d6300000, 0x00000000d6300000| Untracked 
|  82|0x00000000d6400000, 0x00000000d6400000, 0x00000000d6500000|  0%| F|  |TAMS 0x00000000d6400000, 0x00000000d6400000| Untracked 
|  83|0x00000000d6500000, 0x00000000d6500000, 0x00000000d6600000|  0%| F|  |TAMS 0x00000000d6500000, 0x00000000d6500000| Untracked 
|  84|0x00000000d6600000, 0x00000000d6600000, 0x00000000d6700000|  0%| F|  |TAMS 0x00000000d6600000, 0x00000000d6600000| Untracked 
|  85|0x00000000d6700000, 0x00000000d6700000, 0x00000000d6800000|  0%| F|  |TAMS 0x00000000d6700000, 0x00000000d6700000| Untracked 
|  86|0x00000000d6800000, 0x00000000d6800000, 0x00000000d6900000|  0%| F|  |TAMS 0x00000000d6800000, 0x00000000d6800000| Untracked 
|  87|0x00000000d6900000, 0x00000000d6900000, 0x00000000d6a00000|  0%| F|  |TAMS 0x00000000d6900000, 0x00000000d6900000| Untracked 
|  88|0x00000000d6a00000, 0x00000000d6a00000, 0x00000000d6b00000|  0%| F|  |TAMS 0x00000000d6a00000, 0x00000000d6a00000| Untracked 
|  89|0x00000000d6b00000, 0x00000000d6b00000, 0x00000000d6c00000|  0%| F|  |TAMS 0x00000000d6b00000, 0x00000000d6b00000| Untracked 
|  90|0x00000000d6c00000, 0x00000000d6c00000, 0x00000000d6d00000|  0%| F|  |TAMS 0x00000000d6c00000, 0x00000000d6c00000| Untracked 
|  91|0x00000000d6d00000, 0x00000000d6d00000, 0x00000000d6e00000|  0%| F|  |TAMS 0x00000000d6d00000, 0x00000000d6d00000| Untracked 
|  92|0x00000000d6e00000, 0x00000000d6e00000, 0x00000000d6f00000|  0%| F|  |TAMS 0x00000000d6e00000, 0x00000000d6e00000| Untracked 
|  93|0x00000000d6f00000, 0x00000000d6f00000, 0x00000000d7000000|  0%| F|  |TAMS 0x00000000d6f00000, 0x00000000d6f00000| Untracked 
|  94|0x00000000d7000000, 0x00000000d7000000, 0x00000000d7100000|  0%| F|  |TAMS 0x00000000d7000000, 0x00000000d7000000| Untracked 
|  95|0x00000000d7100000, 0x00000000d7100000, 0x00000000d7200000|  0%| F|  |TAMS 0x00000000d7100000, 0x00000000d7100000| Untracked 
|  96|0x00000000d7200000, 0x00000000d7200000, 0x00000000d7300000|  0%| F|  |TAMS 0x00000000d7200000, 0x00000000d7200000| Untracked 
|  97|0x00000000d7300000, 0x00000000d7300000, 0x00000000d7400000|  0%| F|  |TAMS 0x00000000d7300000, 0x00000000d7300000| Untracked 
|  98|0x00000000d7400000, 0x00000000d7400000, 0x00000000d7500000|  0%| F|  |TAMS 0x00000000d7400000, 0x00000000d7400000| Untracked 
|  99|0x00000000d7500000, 0x00000000d7500000, 0x00000000d7600000|  0%| F|  |TAMS 0x00000000d7500000, 0x00000000d7500000| Untracked 
| 100|0x00000000d7600000, 0x00000000d7600000, 0x00000000d7700000|  0%| F|  |TAMS 0x00000000d7600000, 0x00000000d7600000| Untracked 
| 101|0x00000000d7700000, 0x00000000d7800000, 0x00000000d7800000|100%| S|  |TAMS 0x00000000d7700000, 0x00000000d7700000| Complete 
| 102|0x00000000d7800000, 0x00000000d7900000, 0x00000000d7900000|100%| S|  |TAMS 0x00000000d7800000, 0x00000000d7800000| Complete 
| 103|0x00000000d7900000, 0x00000000d7a00000, 0x00000000d7a00000|100%| S|  |TAMS 0x00000000d7900000, 0x00000000d7900000| Complete 
| 104|0x00000000d7a00000, 0x00000000d7b00000, 0x00000000d7b00000|100%| E|CS|TAMS 0x00000000d7a00000, 0x00000000d7a00000| Complete 
| 105|0x00000000d7b00000, 0x00000000d7c00000, 0x00000000d7c00000|100%| E|CS|TAMS 0x00000000d7b00000, 0x00000000d7b00000| Complete 
| 106|0x00000000d7c00000, 0x00000000d7d00000, 0x00000000d7d00000|100%| E|CS|TAMS 0x00000000d7c00000, 0x00000000d7c00000| Complete 
| 107|0x00000000d7d00000, 0x00000000d7e00000, 0x00000000d7e00000|100%| E|CS|TAMS 0x00000000d7d00000, 0x00000000d7d00000| Complete 
| 108|0x00000000d7e00000, 0x00000000d7f00000, 0x00000000d7f00000|100%| E|CS|TAMS 0x00000000d7e00000, 0x00000000d7e00000| Complete 
| 109|0x00000000d7f00000, 0x00000000d8000000, 0x00000000d8000000|100%| E|CS|TAMS 0x00000000d7f00000, 0x00000000d7f00000| Complete 
| 110|0x00000000d8000000, 0x00000000d8100000, 0x00000000d8100000|100%| E|CS|TAMS 0x00000000d8000000, 0x00000000d8000000| Complete 
| 111|0x00000000d8100000, 0x00000000d8200000, 0x00000000d8200000|100%| E|CS|TAMS 0x00000000d8100000, 0x00000000d8100000| Complete 
| 112|0x00000000d8200000, 0x00000000d8300000, 0x00000000d8300000|100%| E|CS|TAMS 0x00000000d8200000, 0x00000000d8200000| Complete 
| 113|0x00000000d8300000, 0x00000000d8400000, 0x00000000d8400000|100%| E|CS|TAMS 0x00000000d8300000, 0x00000000d8300000| Complete 
| 114|0x00000000d8400000, 0x00000000d8500000, 0x00000000d8500000|100%| E|CS|TAMS 0x00000000d8400000, 0x00000000d8400000| Complete 
| 115|0x00000000d8500000, 0x00000000d8600000, 0x00000000d8600000|100%| E|CS|TAMS 0x00000000d8500000, 0x00000000d8500000| Complete 
| 116|0x00000000d8600000, 0x00000000d8700000, 0x00000000d8700000|100%| E|CS|TAMS 0x00000000d8600000, 0x00000000d8600000| Complete 
| 117|0x00000000d8700000, 0x00000000d8800000, 0x00000000d8800000|100%| E|CS|TAMS 0x00000000d8700000, 0x00000000d8700000| Complete 
| 118|0x00000000d8800000, 0x00000000d8900000, 0x00000000d8900000|100%| E|CS|TAMS 0x00000000d8800000, 0x00000000d8800000| Complete 
| 119|0x00000000d8900000, 0x00000000d8a00000, 0x00000000d8a00000|100%| E|CS|TAMS 0x00000000d8900000, 0x00000000d8900000| Complete 
| 120|0x00000000d8a00000, 0x00000000d8b00000, 0x00000000d8b00000|100%| E|CS|TAMS 0x00000000d8a00000, 0x00000000d8a00000| Complete 
| 121|0x00000000d8b00000, 0x00000000d8c00000, 0x00000000d8c00000|100%| E|CS|TAMS 0x00000000d8b00000, 0x00000000d8b00000| Complete 
| 122|0x00000000d8c00000, 0x00000000d8d00000, 0x00000000d8d00000|100%| E|CS|TAMS 0x00000000d8c00000, 0x00000000d8c00000| Complete 
| 123|0x00000000d8d00000, 0x00000000d8e00000, 0x00000000d8e00000|100%| E|CS|TAMS 0x00000000d8d00000, 0x00000000d8d00000| Complete 
| 124|0x00000000d8e00000, 0x00000000d8f00000, 0x00000000d8f00000|100%| E|CS|TAMS 0x00000000d8e00000, 0x00000000d8e00000| Complete 
| 125|0x00000000d8f00000, 0x00000000d9000000, 0x00000000d9000000|100%| E|CS|TAMS 0x00000000d8f00000, 0x00000000d8f00000| Complete 
| 126|0x00000000d9000000, 0x00000000d9100000, 0x00000000d9100000|100%| E|CS|TAMS 0x00000000d9000000, 0x00000000d9000000| Complete 
| 127|0x00000000d9100000, 0x00000000d9200000, 0x00000000d9200000|100%| E|CS|TAMS 0x00000000d9100000, 0x00000000d9100000| Complete 

Card table byte_map: [0x00007f3d480bf000,0x00007f3d48236000] _byte_map_base: 0x00007f3d47a36000

Marking Bits (Prev, Next): (CMBitMap*) 0x00007f3d5c052aa8, (CMBitMap*) 0x00007f3d5c052ae0
 Prev Bits: [0x00007f3d432d1000, 0x00007f3d43e89000)
 Next Bits: [0x00007f3d42719000, 0x00007f3d432d1000)

Polling page: 0x00007f3d6216f000

Metaspace:

Usage:
  Non-class:     15,27 MB capacity,    14,95 MB ( 98%) used,   277,87 KB (  2%) free+waste,    55,44 KB ( <1%) overhead. 
      Class:      2,02 MB capacity,     1,80 MB ( 89%) used,   203,90 KB ( 10%) free+waste,    27,31 KB (  1%) overhead. 
       Both:     17,30 MB capacity,    16,75 MB ( 97%) used,   481,77 KB (  3%) free+waste,    82,75 KB ( <1%) overhead. 

Virtual space:
  Non-class space:       16,00 MB reserved,      15,50 MB ( 97%) committed 
      Class space:        1,00 GB reserved,       2,12 MB ( <1%) committed 
             Both:        1,02 GB reserved,      17,62 MB (  2%) committed 

Chunk freelists:
   Non-Class:  47,00 KB
       Class:  8,00 KB
        Both:  55,00 KB

MaxMetaspaceSize: unlimited
CompressedClassSpaceSize: 1,00 GB
Initial GC threshold: 20,80 MB
Current GC threshold: 20,80 MB
CDS: off

CodeHeap 'non-profiled nmethods': size=120032Kb used=531Kb max_used=531Kb free=119500Kb
 bounds [0x00007f3d50a6c000, 0x00007f3d50cdc000, 0x00007f3d57fa4000]
CodeHeap 'profiled nmethods': size=120028Kb used=2338Kb max_used=2338Kb free=117689Kb
 bounds [0x00007f3d49535000, 0x00007f3d497a5000, 0x00007f3d50a6c000]
CodeHeap 'non-nmethods': size=5700Kb used=1219Kb max_used=1228Kb free=4480Kb
 bounds [0x00007f3d48fa4000, 0x00007f3d49214000, 0x00007f3d49535000]
 total_blobs=1791 nmethods=1296 adapters=408
 compilation: enabled
              stopped_count=0, restarted_count=0
 full_count=0

Compilation events (20 events):
Event: 0,652 Thread 0x00007f3d5c175000 1286       4       java.util.TreeMap::containsKey (14 bytes)
Event: 0,653 Thread 0x00007f3d5c175000 nmethod 1286 0x00007f3d50aee710 code [0x00007f3d50aee8a0, 0x00007f3d50aee928]
Event: 0,653 Thread 0x00007f3d5c175000 1290       4       java.lang.String::isEmpty (14 bytes)
Event: 0,653 Thread 0x00007f3d5c175000 nmethod 1290 0x00007f3d50aeea10 code [0x00007f3d50aeeba0, 0x00007f3d50aeec18]
Event: 0,653 Thread 0x00007f3d5c177000 nmethod 1293 0x00007f3d4976ca90 code [0x00007f3d4976d7e0, 0x00007f3d49776950]
Event: 0,653 Thread 0x00007f3d5c177000 1291       3       sun.security.util.AlgorithmDecomposer::decompose (336 bytes)
Event: 0,654 Thread 0x00007f3d5c177000 nmethod 1291 0x00007f3d49778f10 code [0x00007f3d49779360, 0x00007f3d4977b520]
Event: 0,654 Thread 0x00007f3d5c177000 1287       3       java.lang.String::split (7 bytes)
Event: 0,654 Thread 0x00007f3d5c177000 nmethod 1287 0x00007f3d4977ba90 code [0x00007f3d4977bc40, 0x00007f3d4977bd60]
Event: 0,654 Thread 0x00007f3d5c177000 1294       1       java.lang.Boolean::booleanValue (5 bytes)
Event: 0,654 Thread 0x00007f3d5c177000 nmethod 1294 0x00007f3d50aeed10 code [0x00007f3d50aeeec0, 0x00007f3d50aeef70]
Event: 0,654 Thread 0x00007f3d5c177000 1281       1       java.lang.reflect.Constructor::getSharedParameterTypes (5 bytes)
Event: 0,654 Thread 0x00007f3d5c177000 nmethod 1281 0x00007f3d50aef010 code [0x00007f3d50aef1c0, 0x00007f3d50aef270]
Event: 0,654 Thread 0x00007f3d5c177000 1280       1       java.lang.invoke.MethodHandleNatives::isPullModeBSM (2 bytes)
Event: 0,654 Thread 0x00007f3d5c177000 nmethod 1280 0x00007f3d50aef310 code [0x00007f3d50aef4c0, 0x00007f3d50aef550]
Event: 0,654 Thread 0x00007f3d5c175000 1295       4       java.util.regex.Matcher::search (154 bytes)
Event: 0,654 Thread 0x00007f3d5c177000 1296       3       java.util.ArrayList::indexOfRange (71 bytes)
Event: 0,654 Thread 0x00007f3d5c177000 nmethod 1296 0x00007f3d4977be10 code [0x00007f3d4977c000, 0x00007f3d4977c480]
Event: 0,655 Thread 0x00007f3d5c177000 1297       3       java.security.Provider::ensureLegacyParsed (123 bytes)
Event: 0,655 Thread 0x00007f3d5c177000 nmethod 1297 0x00007f3d4977c690 code [0x00007f3d4977c920, 0x00007f3d4977d640]

GC Heap History (1 events):
Event: 0,655 GC heap before
{Heap before GC invocations=0 (full 0):
 garbage-first heap   total 131072K, used 23552K [0x00000000d1200000, 0x0000000100000000)
  region size 1024K, 24 young (24576K), 0 survivors (0K)
 Metaspace       used 17148K, capacity 17713K, committed 18048K, reserved 1064960K
  class space    used 1840K, capacity 2072K, committed 2176K, reserved 1048576K
}

Deoptimization events (20 events):
Event: 0,605 Thread 0x00007f3cf0001000 Uncommon trap: trap_request=0xffffffc6 fr.pc=0x00007f3d50adfebc relative=0x00000000000005dc
Event: 0,605 Thread 0x00007f3cf0001000 Uncommon trap: reason=bimorphic_or_optimized_type_check action=maybe_recompile pc=0x00007f3d50adfebc method=java.util.regex.Pattern$BmpCharProperty.match(Ljava/util/regex/Matcher;ILjava/lang/CharSequence;)Z @ 36 c2
Event: 0,605 Thread 0x00007f3cf0001000 DEOPT PACKING pc=0x00007f3d50adfebc sp=0x00007f3d38ebb060
Event: 0,605 Thread 0x00007f3cf0001000 DEOPT UNPACKING pc=0x00007f3d48fedea5 sp=0x00007f3d38ebb048 mode 2
Event: 0,636 Thread 0x00007f3cf0001000 Uncommon trap: trap_request=0xffffff7e fr.pc=0x00007f3d50ae85c8 relative=0x0000000000000288
Event: 0,636 Thread 0x00007f3cf0001000 Uncommon trap: reason=predicate action=maybe_recompile pc=0x00007f3d50ae85c8 method=java.util.regex.Pattern$SliceI.match(Ljava/util/regex/Matcher;ILjava/lang/CharSequence;)Z @ 18 c2
Event: 0,636 Thread 0x00007f3cf0001000 DEOPT PACKING pc=0x00007f3d50ae85c8 sp=0x00007f3d38ebee00
Event: 0,636 Thread 0x00007f3cf0001000 DEOPT UNPACKING pc=0x00007f3d48fedea5 sp=0x00007f3d38ebed98 mode 2
Event: 0,644 Thread 0x00007f3cf0001000 Uncommon trap: trap_request=0xffffff4d fr.pc=0x00007f3d50ae7010 relative=0x00000000000002f0
Event: 0,644 Thread 0x00007f3cf0001000 Uncommon trap: reason=unstable_if action=reinterpret pc=0x00007f3d50ae7010 method=java.util.HashMap.putVal(ILjava/lang/Object;Ljava/lang/Object;ZZ)Ljava/lang/Object; @ 162 c2
Event: 0,644 Thread 0x00007f3cf0001000 DEOPT PACKING pc=0x00007f3d50ae7010 sp=0x00007f3d38ebdaf0
Event: 0,644 Thread 0x00007f3cf0001000 DEOPT UNPACKING pc=0x00007f3d48fedea5 sp=0x00007f3d38ebda90 mode 2
Event: 0,645 Thread 0x00007f3cf0001000 Uncommon trap: trap_request=0xffffff4d fr.pc=0x00007f3d50aeacb8 relative=0x0000000000000458
Event: 0,645 Thread 0x00007f3cf0001000 Uncommon trap: reason=unstable_if action=reinterpret pc=0x00007f3d50aeacb8 method=java.util.regex.Pattern$SliceI.match(Ljava/util/regex/Matcher;ILjava/lang/CharSequence;)Z @ 29 c2
Event: 0,645 Thread 0x00007f3cf0001000 DEOPT PACKING pc=0x00007f3d50aeacb8 sp=0x00007f3d38ebec50
Event: 0,645 Thread 0x00007f3cf0001000 DEOPT UNPACKING pc=0x00007f3d48fedea5 sp=0x00007f3d38ebebf8 mode 2
Event: 0,653 Thread 0x00007f3cf0001000 Uncommon trap: trap_request=0xffffffcc fr.pc=0x00007f3d50aecbe4 relative=0x0000000000000324
Event: 0,653 Thread 0x00007f3cf0001000 Uncommon trap: reason=intrinsic_or_type_checked_inlining action=make_not_entrant pc=0x00007f3d50aecbe4 method=java.util.Arrays.copyOf([Ljava/lang/Object;ILjava/lang/Class;)[Ljava/lang/Object; @ 35 c2
Event: 0,653 Thread 0x00007f3cf0001000 DEOPT PACKING pc=0x00007f3d50aecbe4 sp=0x00007f3d38ebf400
Event: 0,653 Thread 0x00007f3cf0001000 DEOPT UNPACKING pc=0x00007f3d48fedea5 sp=0x00007f3d38ebf3a8 mode 2

Classes redefined (0 events):
No events

Internal exceptions (20 events):
Event: 0,265 Thread 0x00007f3d5c028000 Exception <a 'java/lang/NoSuchMethodError'{0x00000000d8be24d0}: 'java.lang.Object java.lang.invoke.DirectMethodHandle$Holder.invokeSpecial(java.lang.Object, java.lang.Object, int, int, java.lang.Object, java.lang.Object, java.lang.Object)'> (0x00000000d8be24d0) thrown at [src/hotspot/share/interpreter/linkResolver.cpp, line 773]
Event: 0,265 Thread 0x00007f3d5c028000 Exception <a 'java/lang/NoSuchMethodError'{0x00000000d8be5a60}: 'java.lang.Object java.lang.invoke.DelegatingMethodHandle$Holder.reinvoke_L(java.lang.Object, int, int, java.lang.Object, java.lang.Object, java.lang.Object)'> (0x00000000d8be5a60) thrown at [src/hotspot/share/interpreter/linkResolver.cpp, line 773]
Event: 0,266 Thread 0x00007f3d5c028000 Exception <a 'java/lang/NoSuchMethodError'{0x00000000d8bf3c78}: 'java.lang.Object java.lang.invoke.DirectMethodHandle$Holder.invokeStatic(java.lang.Object, java.lang.Object, java.lang.Object, java.lang.Object, java.lang.Object, java.lang.Object, int)'> (0x00000000d8bf3c78) thrown at [src/hotspot/share/interpreter/linkResolver.cpp, line 773]
Event: 0,276 Thread 0x00007f3d5c028000 Exception <a 'java/lang/NoSuchMethodError'{0x00000000d8ac8a38}: 'java.lang.Object java.lang.invoke.DirectMethodHandle$Holder.invokeSpecial(java.lang.Object, java.lang.Object, int, int, java.lang.Object, int, java.lang.Object, java.lang.Object)'> (0x00000000d8ac8a38) thrown at [src/hotspot/share/interpreter/linkResolver.cpp, line 773]
Event: 0,278 Thread 0x00007f3d5c028000 Exception <a 'java/lang/NoSuchMethodError'{0x00000000d8acc078}: 'java.lang.Object java.lang.invoke.DelegatingMethodHandle$Holder.reinvoke_L(java.lang.Object, int, int, java.lang.Object, int, java.lang.Object, java.lang.Object)'> (0x00000000d8acc078) thrown at [src/hotspot/share/interpreter/linkResolver.cpp, line 773]
Event: 0,280 Thread 0x00007f3d5c028000 Exception <a 'java/lang/NoSuchMethodError'{0x00000000d8af6310}: 'java.lang.Object java.lang.invoke.DirectMethodHandle$Holder.invokeStatic(java.lang.Object, java.lang.Object, java.lang.Object, java.lang.Object, java.lang.Object, java.lang.Object, java.lang.Object, java.lang.Object, int)'> (0x00000000d8af6310) thrown at [src/hotspot/share/interpreter/linkResolver.cpp, line 773]
Event: 0,285 Thread 0x00007f3d5c028000 Exception <a 'java/lang/NoSuchMethodError'{0x00000000d8910fc8}: 'java.lang.Object java.lang.invoke.DirectMethodHandle$Holder.invokeStatic(java.lang.Object, java.lang.Object, java.lang.Object, java.lang.Object, java.lang.Object, java.lang.Object, java.lang.Object, java.lang.Object, int, int)'> (0x00000000d8910fc8) thrown at [src/hotspot/share/interpreter/linkResolver.cpp, line 773]
Event: 0,286 Thread 0x00007f3d5c028000 Exception <a 'java/lang/NoSuchMethodError'{0x00000000d892c520}: 'java.lang.Object java.lang.invoke.DirectMethodHandle$Holder.invokeStatic(java.lang.Object, java.lang.Object, java.lang.Object, java.lang.Object, java.lang.Object, java.lang.Object, java.lang.Object, java.lang.Object, int, int, java.lang.Object)'> (0x00000000d892c520) thrown at [src/hotspot/share/interpreter/linkResolver.cpp, line 773]
Event: 0,287 Thread 0x00007f3d5c028000 Exception <a 'java/lang/NoSuchMethodError'{0x00000000d8948d70}: 'java.lang.Object java.lang.invoke.DirectMethodHandle$Holder.invokeStatic(java.lang.Object, java.lang.Object, java.lang.Object, java.lang.Object, java.lang.Object, java.lang.Object, java.lang.Object, java.lang.Object, int, int, java.lang.Object, java.lang.Object)'> (0x00000000d8948d70) thrown at [src/hotspot/share/interpreter/linkResolver.cpp, line 773]
Event: 0,294 Thread 0x00007f3d5c028000 Exception <a 'java/lang/NoSuchMethodError'{0x00000000d89ccfb0}: 'java.lang.Object java.lang.invoke.DirectMethodHandle$Holder.invokeStatic(java.lang.Object, java.lang.Object, java.lang.Object, java.lang.Object, int)'> (0x00000000d89ccfb0) thrown at [src/hotspot/share/interpreter/linkResolver.cpp, line 773]
Event: 0,302 Thread 0x00007f3d5c028000 Exception <a 'java/lang/NoSuchMethodError'{0x00000000d8891560}: 'java.lang.Object java.lang.invoke.DelegatingMethodHandle$Holder.reinvoke_L(java.lang.Object, java.lang.Object, long)'> (0x00000000d8891560) thrown at [src/hotspot/share/interpreter/linkResolver.cpp, line 773]
Event: 0,302 Thread 0x00007f3d5c028000 Exception <a 'java/lang/NoSuchMethodError'{0x00000000d8894750}: 'java.lang.Object java.lang.invoke.Invokers$Holder.linkToTargetMethod(java.lang.Object, long, java.lang.Object)'> (0x00000000d8894750) thrown at [src/hotspot/share/interpreter/linkResolver.cpp, line 773]
Event: 0,323 Thread 0x00007f3cfc001800 Exception <a 'java/lang/NoSuchMethodError'{0x00000000d8749598}: 'java.lang.Object java.lang.invoke.DelegatingMethodHandle$Holder.reinvoke_L(java.lang.Object, int, java.lang.Object)'> (0x00000000d8749598) thrown at [src/hotspot/share/interpreter/linkResolver.cpp, line 773]
Event: 0,388 Thread 0x00007f3cf0001000 Exception <a 'java/lang/NoSuchMethodError'{0x00000000d8627ba0}: <clinit>> (0x00000000d8627ba0) thrown at [src/hotspot/share/prims/jni.cpp, line 1366]
Event: 0,450 Thread 0x00007f3cf0001000 Exception <a 'java/lang/NoSuchMethodError'{0x00000000d8446920}: 'int java.lang.invoke.DirectMethodHandle$Holder.invokeSpecialIFC(java.lang.Object, java.lang.Object, int)'> (0x00000000d8446920) thrown at [src/hotspot/share/interpreter/linkResolver.cpp, line 773]
Event: 0,482 Thread 0x00007f3cf0001000 Exception <a 'java/lang/NoSuchMethodError'{0x00000000d8341c08}: 'java.lang.Object java.lang.invoke.DirectMethodHandle$Holder.invokeVirtual(java.lang.Object, java.lang.Object, java.lang.Object)'> (0x00000000d8341c08) thrown at [src/hotspot/share/interpreter/linkResolver.cpp, line 773]
Event: 0,547 Thread 0x00007f3cf0001000 Exception <a 'java/lang/NoSuchMethodError'{0x00000000d7fa5150}: 'void java.lang.invoke.DirectMethodHandle$Holder.invokeStaticInit(java.lang.Object, java.lang.Object)'> (0x00000000d7fa5150) thrown at [src/hotspot/share/interpreter/linkResolver.cpp, line 773]
Event: 0,606 Thread 0x00007f3cf0001000 Exception <a 'java/lang/NoSuchMethodError'{0x00000000d7c6c8a8}: 'int java.lang.invoke.DirectMethodHandle$Holder.invokeStaticInit(java.lang.Object, java.lang.Object, java.lang.Object, java.lang.Object)'> (0x00000000d7c6c8a8) thrown at [src/hotspot/share/interpreter/linkResolver.cpp, line 773]
Event: 0,607 Thread 0x00007f3cf0001000 Exception <a 'java/lang/IncompatibleClassChangeError'{0x00000000d7c75ad8}: Found class java.lang.Object, but interface was expected> (0x00000000d7c75ad8) thrown at [src/hotspot/share/interpreter/linkResolver.cpp, line 839]
Event: 0,607 Thread 0x00007f3cf0001000 Exception <a 'java/lang/NoSuchMethodError'{0x00000000d7c7b138}: 'int java.lang.invoke.DirectMethodHandle$Holder.invokeStaticInit(java.lang.Object, java.lang.Object)'> (0x00000000d7c7b138) thrown at [src/hotspot/share/interpreter/linkResolver.cpp, line 773]

Events (20 events):
Event: 0,654 loading class sun/security/ssl/CertStatusExtension$OCSPStatusRequest done
Event: 0,654 loading class sun/security/ssl/CertStatusExtension$CertStatusRequestType
Event: 0,654 loading class sun/security/ssl/CertStatusExtension$CertStatusRequestType done
Event: 0,654 loading class sun/security/ssl/SupportedGroupsExtension$SupportedGroupsSpec
Event: 0,654 loading class sun/security/ssl/SupportedGroupsExtension$SupportedGroupsSpec done
Event: 0,654 loading class sun/security/ssl/ECPointFormatsExtension$ECPointFormatsSpec
Event: 0,654 loading class sun/security/ssl/ECPointFormatsExtension$ECPointFormatsSpec done
Event: 0,654 loading class sun/security/ssl/ECPointFormatsExtension$ECPointFormat
Event: 0,654 loading class sun/security/ssl/ECPointFormatsExtension$ECPointFormat done
Event: 0,654 loading class sun/security/ssl/SignatureScheme
Event: 0,654 loading class sun/security/ssl/SignatureScheme done
Event: 0,655 loading class sun/security/provider/SHA2$SHA256
Event: 0,655 loading class sun/security/provider/SHA2
Event: 0,655 loading class sun/security/provider/SHA2 done
Event: 0,655 loading class sun/security/provider/SHA2$SHA256 done
Event: 0,655 loading class sun/security/provider/SHA5$SHA384
Event: 0,655 loading class sun/security/provider/SHA5
Event: 0,655 loading class sun/security/provider/SHA5 done
Event: 0,655 loading class sun/security/provider/SHA5$SHA384 done
Event: 0,655 Executing VM operation: G1CollectForAllocation


Dynamic libraries:
d1200000-d9200000 rw-p 00000000 00:00 0 
d9200000-100000000 ---p 00000000 00:00 0 
100000000-100220000 rw-p 00000000 00:00 0 
100220000-140000000 ---p 00000000 00:00 0 
557b78000000-557b78001000 r-xp 00000000 07:06 32                         /snap/datagrip/137/jbr/bin/java
557b78201000-557b78202000 r--p 00001000 07:06 32                         /snap/datagrip/137/jbr/bin/java
557b78202000-557b78203000 rw-p 00002000 07:06 32                         /snap/datagrip/137/jbr/bin/java
557b79215000-557b79236000 rw-p 00000000 00:00 0                          [heap]
7f3cd0000000-7f3cd0021000 rw-p 00000000 00:00 0 
7f3cd0021000-7f3cd4000000 ---p 00000000 00:00 0 
7f3cd7d8c000-7f3cd8000000 rw-p 00000000 00:00 0 
7f3cd8000000-7f3cd8021000 rw-p 00000000 00:00 0 
7f3cd8021000-7f3cdc000000 ---p 00000000 00:00 0 
7f3cdc000000-7f3cdc021000 rw-p 00000000 00:00 0 
7f3cdc021000-7f3ce0000000 ---p 00000000 00:00 0 
7f3ce0000000-7f3ce0021000 rw-p 00000000 00:00 0 
7f3ce0021000-7f3ce4000000 ---p 00000000 00:00 0 
7f3ce4000000-7f3ce41d1000 rw-p 00000000 00:00 0 
7f3ce41d1000-7f3ce8000000 ---p 00000000 00:00 0 
7f3ce8000000-7f3ce8021000 rw-p 00000000 00:00 0 
7f3ce8021000-7f3cec000000 ---p 00000000 00:00 0 
7f3cec000000-7f3cec05b000 rw-p 00000000 00:00 0 
7f3cec05b000-7f3cf0000000 ---p 00000000 00:00 0 
7f3cf0000000-7f3cf0021000 rw-p 00000000 00:00 0 
7f3cf0021000-7f3cf4000000 ---p 00000000 00:00 0 
7f3cf4000000-7f3cf4021000 rw-p 00000000 00:00 0 
7f3cf4021000-7f3cf8000000 ---p 00000000 00:00 0 
7f3cf8000000-7f3cf8021000 rw-p 00000000 00:00 0 
7f3cf8021000-7f3cfc000000 ---p 00000000 00:00 0 
7f3cfc000000-7f3cfc021000 rw-p 00000000 00:00 0 
7f3cfc021000-7f3d00000000 ---p 00000000 00:00 0 
7f3d00000000-7f3d00021000 rw-p 00000000 00:00 0 
7f3d00021000-7f3d04000000 ---p 00000000 00:00 0 
7f3d04000000-7f3d0449c000 rw-p 00000000 00:00 0 
7f3d0449c000-7f3d08000000 ---p 00000000 00:00 0 
7f3d08000000-7f3d08021000 rw-p 00000000 00:00 0 
7f3d08021000-7f3d0c000000 ---p 00000000 00:00 0 
7f3d0c000000-7f3d0c021000 rw-p 00000000 00:00 0 
7f3d0c021000-7f3d10000000 ---p 00000000 00:00 0 
7f3d10000000-7f3d107d2000 rw-p 00000000 00:00 0 
7f3d107d2000-7f3d14000000 ---p 00000000 00:00 0 
7f3d14000000-7f3d143fe000 rw-p 00000000 00:00 0 
7f3d143fe000-7f3d18000000 ---p 00000000 00:00 0 
7f3d18000000-7f3d18021000 rw-p 00000000 00:00 0 
7f3d18021000-7f3d1c000000 ---p 00000000 00:00 0 
7f3d1c000000-7f3d1c021000 rw-p 00000000 00:00 0 
7f3d1c021000-7f3d20000000 ---p 00000000 00:00 0 
7f3d20000000-7f3d20021000 rw-p 00000000 00:00 0 
7f3d20021000-7f3d24000000 ---p 00000000 00:00 0 
7f3d24000000-7f3d24021000 rw-p 00000000 00:00 0 
7f3d24021000-7f3d28000000 ---p 00000000 00:00 0 
7f3d28000000-7f3d28021000 rw-p 00000000 00:00 0 
7f3d28021000-7f3d2c000000 ---p 00000000 00:00 0 
7f3d2c000000-7f3d2c021000 rw-p 00000000 00:00 0 
7f3d2c021000-7f3d30000000 ---p 00000000 00:00 0 
7f3d30000000-7f3d30021000 rw-p 00000000 00:00 0 
7f3d30021000-7f3d34000000 ---p 00000000 00:00 0 
7f3d34000000-7f3d34021000 rw-p 00000000 00:00 0 
7f3d34021000-7f3d38000000 ---p 00000000 00:00 0 
7f3d38128000-7f3d38278000 rw-p 00000000 00:00 0 
7f3d38278000-7f3d38279000 ---p 00000000 00:00 0 
7f3d38279000-7f3d3837a000 rw-p 00000000 00:00 0 
7f3d3837a000-7f3d3837b000 ---p 00000000 00:00 0 
7f3d3837b000-7f3d3847c000 rw-p 00000000 00:00 0 
7f3d3847c000-7f3d3847d000 ---p 00000000 00:00 0 
7f3d3847d000-7f3d386fe000 rw-p 00000000 00:00 0 
7f3d386fe000-7f3d3877e000 ---p 00000000 00:00 0 
7f3d3877e000-7f3d387be000 r-xp 00000000 07:06 468                        /snap/datagrip/137/jbr/lib/libsunec.so
7f3d387be000-7f3d389bd000 ---p 00040000 07:06 468                        /snap/datagrip/137/jbr/lib/libsunec.so
7f3d389bd000-7f3d389c2000 r--p 0003f000 07:06 468                        /snap/datagrip/137/jbr/lib/libsunec.so
7f3d389c2000-7f3d389c4000 rw-p 00044000 07:06 468                        /snap/datagrip/137/jbr/lib/libsunec.so
7f3d389c4000-7f3d38bc4000 rw-p 00000000 00:00 0 
7f3d38bc4000-7f3d38dc4000 rw-p 00000000 00:00 0 
7f3d38dc4000-7f3d38dc8000 ---p 00000000 00:00 0 
7f3d38dc8000-7f3d38ec5000 rw-p 00000000 00:00 0 
7f3d38ec5000-7f3d38ec9000 ---p 00000000 00:00 0 
7f3d38ec9000-7f3d38fc6000 rw-p 00000000 00:00 0 
7f3d38fc6000-7f3d38fca000 ---p 00000000 00:00 0 
7f3d38fca000-7f3d392c7000 rw-p 00000000 00:00 0 
7f3d392c7000-7f3d392cb000 ---p 00000000 00:00 0 
7f3d392cb000-7f3d393c8000 rw-p 00000000 00:00 0 
7f3d393c8000-7f3d393c9000 r-xp 00000000 07:06 464                        /snap/datagrip/137/jbr/lib/librmi.so
7f3d393c9000-7f3d395c8000 ---p 00001000 07:06 464                        /snap/datagrip/137/jbr/lib/librmi.so
7f3d395c8000-7f3d395c9000 r--p 00000000 07:06 464                        /snap/datagrip/137/jbr/lib/librmi.so
7f3d395c9000-7f3d395ca000 rw-p 00000000 00:00 0 
7f3d395ca000-7f3d395ce000 ---p 00000000 00:00 0 
7f3d395ce000-7f3d396cb000 rw-p 00000000 00:00 0 
7f3d396cb000-7f3d396cf000 ---p 00000000 00:00 0 
7f3d396cf000-7f3d397cc000 rw-p 00000000 00:00 0 
7f3d397cc000-7f3d397d0000 ---p 00000000 00:00 0 
7f3d397d0000-7f3d398cd000 rw-p 00000000 00:00 0 
7f3d398cd000-7f3d398cf000 r-xp 00000000 07:06 433                        /snap/datagrip/137/jbr/lib/libextnet.so
7f3d398cf000-7f3d39ace000 ---p 00002000 07:06 433                        /snap/datagrip/137/jbr/lib/libextnet.so
7f3d39ace000-7f3d39acf000 r--p 00001000 07:06 433                        /snap/datagrip/137/jbr/lib/libextnet.so
7f3d39acf000-7f3d39ad0000 rw-p 00000000 00:00 0 
7f3d39ad0000-7f3d39ad4000 ---p 00000000 00:00 0 
7f3d39ad4000-7f3d39bd1000 rw-p 00000000 00:00 0 
7f3d39bd1000-7f3d39bd5000 ---p 00000000 00:00 0 
7f3d39bd5000-7f3d39cd2000 rw-p 00000000 00:00 0 
7f3d39cd2000-7f3d39ce7000 r-xp 00000000 07:06 459                        /snap/datagrip/137/jbr/lib/libnet.so
7f3d39ce7000-7f3d39ee6000 ---p 00015000 07:06 459                        /snap/datagrip/137/jbr/lib/libnet.so
7f3d39ee6000-7f3d39ee7000 r--p 00014000 07:06 459                        /snap/datagrip/137/jbr/lib/libnet.so
7f3d39ee7000-7f3d39ee8000 rw-p 00015000 07:06 459                        /snap/datagrip/137/jbr/lib/libnet.so
7f3d39ee8000-7f3d39ef8000 r-xp 00000000 07:06 462                        /snap/datagrip/137/jbr/lib/libnio.so
7f3d39ef8000-7f3d3a0f7000 ---p 00010000 07:06 462                        /snap/datagrip/137/jbr/lib/libnio.so
7f3d3a0f7000-7f3d3a0f8000 r--p 0000f000 07:06 462                        /snap/datagrip/137/jbr/lib/libnio.so
7f3d3a0f8000-7f3d3a0f9000 rw-p 00010000 07:06 462                        /snap/datagrip/137/jbr/lib/libnio.so
7f3d3a0f9000-7f3d3a0fd000 ---p 00000000 00:00 0 
7f3d3a0fd000-7f3d3a1fa000 rw-p 00000000 00:00 0 
7f3d3a1fa000-7f3d3a1fb000 ---p 00000000 00:00 0 
7f3d3a1fb000-7f3d3a2fc000 rw-p 00000000 00:00 0 
7f3d3a2fc000-7f3d3a300000 ---p 00000000 00:00 0 
7f3d3a300000-7f3d3a3fd000 rw-p 00000000 00:00 0 
7f3d3a3fd000-7f3d3a401000 ---p 00000000 00:00 0 
7f3d3a401000-7f3d3a4fe000 rw-p 00000000 00:00 0 
7f3d3a4fe000-7f3d3a502000 ---p 00000000 00:00 0 
7f3d3a502000-7f3d3a5ff000 rw-p 00000000 00:00 0 
7f3d3a5ff000-7f3d3a603000 ---p 00000000 00:00 0 
7f3d3a603000-7f3d3a700000 rw-p 00000000 00:00 0 
7f3d3a700000-7f3d3a704000 ---p 00000000 00:00 0 
7f3d3a704000-7f3d3a801000 rw-p 00000000 00:00 0 
7f3d3a801000-7f3d3ad72000 r--p 00000000 08:02 47972820                   /usr/lib/locale/locale-archive
7f3d3ad72000-7f3d3ad76000 ---p 00000000 00:00 0 
7f3d3ad76000-7f3d3ae73000 rw-p 00000000 00:00 0 
7f3d3ae73000-7f3d3ae77000 ---p 00000000 00:00 0 
7f3d3ae77000-7f3d3af74000 rw-p 00000000 00:00 0 
7f3d3af74000-7f3d3af75000 ---p 00000000 00:00 0 
7f3d3af75000-7f3d3b8f7000 rw-p 00000000 00:00 0 
7f3d3b8f7000-7f3d3b8f8000 ---p 00000000 00:00 0 
7f3d3b8f8000-7f3d3b9f9000 rw-p 00000000 00:00 0 
7f3d3b9f9000-7f3d3b9fa000 ---p 00000000 00:00 0 
7f3d3b9fa000-7f3d3c000000 rw-p 00000000 00:00 0 
7f3d3c000000-7f3d3c021000 rw-p 00000000 00:00 0 
7f3d3c021000-7f3d40000000 ---p 00000000 00:00 0 
7f3d40010000-7f3d42515000 rw-p 00000000 00:00 0 
7f3d42515000-7f3d42516000 ---p 00000000 00:00 0 
7f3d42516000-7f3d42617000 rw-p 00000000 00:00 0 
7f3d42617000-7f3d42618000 ---p 00000000 00:00 0 
7f3d42618000-7f3d42919000 rw-p 00000000 00:00 0 
7f3d42919000-7f3d432d1000 ---p 00000000 00:00 0 
7f3d432d1000-7f3d434d1000 rw-p 00000000 00:00 0 
7f3d434d1000-7f3d43e89000 ---p 00000000 00:00 0 
7f3d43e89000-7f3d43ec9000 rw-p 00000000 00:00 0 
7f3d43ec9000-7f3d44000000 ---p 00000000 00:00 0 
7f3d44000000-7f3d44021000 rw-p 00000000 00:00 0 
7f3d44021000-7f3d48000000 ---p 00000000 00:00 0 
7f3d48033000-7f3d480ff000 rw-p 00000000 00:00 0 
7f3d480ff000-7f3d48236000 ---p 00000000 00:00 0 
7f3d48236000-7f3d48276000 rw-p 00000000 00:00 0 
7f3d48276000-7f3d483ad000 ---p 00000000 00:00 0 
7f3d483ad000-7f3d48db7000 rw-p 00000000 00:00 0 
7f3d48db7000-7f3d48db8000 ---p 00000000 00:00 0 
7f3d48db8000-7f3d48ebe000 rw-p 00000000 00:00 0 
7f3d48ebe000-7f3d48fa4000 ---p 00000000 00:00 0 
7f3d48fa4000-7f3d49214000 rwxp 00000000 00:00 0 
7f3d49214000-7f3d49535000 ---p 00000000 00:00 0 
7f3d49535000-7f3d497a5000 rwxp 00000000 00:00 0 
7f3d497a5000-7f3d50a6c000 ---p 00000000 00:00 0 
7f3d50a6c000-7f3d50cdc000 rwxp 00000000 00:00 0 
7f3d50cdc000-7f3d57fa4000 ---p 00000000 00:00 0 
7f3d57fa4000-7f3d5bbda000 r--s 00000000 07:06 528                        /snap/datagrip/137/jbr/lib/modules
7f3d5bbda000-7f3d5bbe2000 r-xp 00000000 07:06 473                        /snap/datagrip/137/jbr/lib/libzip.so
7f3d5bbe2000-7f3d5bde1000 ---p 00008000 07:06 473                        /snap/datagrip/137/jbr/lib/libzip.so
7f3d5bde1000-7f3d5bde2000 r--p 00007000 07:06 473                        /snap/datagrip/137/jbr/lib/libzip.so
7f3d5bde2000-7f3d5bde3000 rw-p 00000000 00:00 0 
7f3d5bde3000-7f3d5bdfe000 r-xp 00000000 07:06 446                        /snap/datagrip/137/jbr/lib/libjimage.so
7f3d5bdfe000-7f3d5bffd000 ---p 0001b000 07:06 446                        /snap/datagrip/137/jbr/lib/libjimage.so
7f3d5bffd000-7f3d5bfff000 r--p 0001a000 07:06 446                        /snap/datagrip/137/jbr/lib/libjimage.so
7f3d5bfff000-7f3d5c000000 rw-p 0001c000 07:06 446                        /snap/datagrip/137/jbr/lib/libjimage.so
7f3d5c000000-7f3d5c465000 rw-p 00000000 00:00 0 
7f3d5c465000-7f3d60000000 ---p 00000000 00:00 0 
7f3d6002c000-7f3d600cc000 rw-p 00000000 00:00 0 
7f3d600cc000-7f3d601b2000 ---p 00000000 00:00 0 
7f3d601b2000-7f3d601b5000 r--p 00000000 08:02 47974559                   /usr/lib/x86_64-linux-gnu/libnss_files-2.31.so
7f3d601b5000-7f3d601bc000 r-xp 00003000 08:02 47974559                   /usr/lib/x86_64-linux-gnu/libnss_files-2.31.so
7f3d601bc000-7f3d601be000 r--p 0000a000 08:02 47974559                   /usr/lib/x86_64-linux-gnu/libnss_files-2.31.so
7f3d601be000-7f3d601bf000 r--p 0000b000 08:02 47974559                   /usr/lib/x86_64-linux-gnu/libnss_files-2.31.so
7f3d601bf000-7f3d601c0000 rw-p 0000c000 08:02 47974559                   /usr/lib/x86_64-linux-gnu/libnss_files-2.31.so
7f3d601c0000-7f3d601c6000 rw-p 00000000 00:00 0 
7f3d601cb000-7f3d601d0000 rw-p 00000000 00:00 0 
7f3d601d0000-7f3d601d7000 ---p 00000000 00:00 0 
7f3d601d7000-7f3d60200000 r-xp 00000000 07:06 441                        /snap/datagrip/137/jbr/lib/libjava.so
7f3d60200000-7f3d60400000 ---p 00029000 07:06 441                        /snap/datagrip/137/jbr/lib/libjava.so
7f3d60400000-7f3d60401000 r--p 00029000 07:06 441                        /snap/datagrip/137/jbr/lib/libjava.so
7f3d60401000-7f3d60402000 rw-p 0002a000 07:06 441                        /snap/datagrip/137/jbr/lib/libjava.so
7f3d60402000-7f3d60403000 rw-p 00000000 00:00 0 
7f3d60403000-7f3d60410000 r-xp 00000000 07:06 470                        /snap/datagrip/137/jbr/lib/libverify.so
7f3d60410000-7f3d6060f000 ---p 0000d000 07:06 470                        /snap/datagrip/137/jbr/lib/libverify.so
7f3d6060f000-7f3d60611000 r--p 0000c000 07:06 470                        /snap/datagrip/137/jbr/lib/libverify.so
7f3d60611000-7f3d60612000 rw-p 00000000 00:00 0 
7f3d60612000-7f3d60614000 r--p 00000000 08:02 47974566                   /usr/lib/x86_64-linux-gnu/librt-2.31.so
7f3d60614000-7f3d60618000 r-xp 00002000 08:02 47974566                   /usr/lib/x86_64-linux-gnu/librt-2.31.so
7f3d60618000-7f3d6061a000 r--p 00006000 08:02 47974566                   /usr/lib/x86_64-linux-gnu/librt-2.31.so
7f3d6061a000-7f3d6061b000 r--p 00007000 08:02 47974566                   /usr/lib/x86_64-linux-gnu/librt-2.31.so
7f3d6061b000-7f3d6061c000 rw-p 00008000 08:02 47974566                   /usr/lib/x86_64-linux-gnu/librt-2.31.so
7f3d6061c000-7f3d60620000 ---p 00000000 00:00 0 
7f3d60620000-7f3d6071d000 rw-p 00000000 00:00 0 
7f3d6071d000-7f3d6072a000 r--p 00000000 08:02 47974553                   /usr/lib/x86_64-linux-gnu/libm-2.31.so
7f3d6072a000-7f3d607d1000 r-xp 0000d000 08:02 47974553                   /usr/lib/x86_64-linux-gnu/libm-2.31.so
7f3d607d1000-7f3d6086a000 r--p 000b4000 08:02 47974553                   /usr/lib/x86_64-linux-gnu/libm-2.31.so
7f3d6086a000-7f3d6086b000 r--p 0014c000 08:02 47974553                   /usr/lib/x86_64-linux-gnu/libm-2.31.so
7f3d6086b000-7f3d6086c000 rw-p 0014d000 08:02 47974553                   /usr/lib/x86_64-linux-gnu/libm-2.31.so
7f3d6086c000-7f3d619be000 r-xp 00000000 07:06 540                        /snap/datagrip/137/jbr/lib/server/libjvm.so
7f3d619be000-7f3d61bbe000 ---p 01152000 07:06 540                        /snap/datagrip/137/jbr/lib/server/libjvm.so
7f3d61bbe000-7f3d61c83000 r--p 01152000 07:06 540                        /snap/datagrip/137/jbr/lib/server/libjvm.so
7f3d61c83000-7f3d61cbe000 rw-p 01217000 07:06 540                        /snap/datagrip/137/jbr/lib/server/libjvm.so
7f3d61cbe000-7f3d61d17000 rw-p 00000000 00:00 0 
7f3d61d17000-7f3d61d39000 r--p 00000000 08:02 47974551                   /usr/lib/x86_64-linux-gnu/libc-2.31.so
7f3d61d39000-7f3d61eb1000 r-xp 00022000 08:02 47974551                   /usr/lib/x86_64-linux-gnu/libc-2.31.so
7f3d61eb1000-7f3d61eff000 r--p 0019a000 08:02 47974551                   /usr/lib/x86_64-linux-gnu/libc-2.31.so
7f3d61eff000-7f3d61f03000 r--p 001e7000 08:02 47974551                   /usr/lib/x86_64-linux-gnu/libc-2.31.so
7f3d61f03000-7f3d61f05000 rw-p 001eb000 08:02 47974551                   /usr/lib/x86_64-linux-gnu/libc-2.31.so
7f3d61f05000-7f3d61f09000 rw-p 00000000 00:00 0 
7f3d61f09000-7f3d61f0a000 r--p 00000000 08:02 47974552                   /usr/lib/x86_64-linux-gnu/libdl-2.31.so
7f3d61f0a000-7f3d61f0c000 r-xp 00001000 08:02 47974552                   /usr/lib/x86_64-linux-gnu/libdl-2.31.so
7f3d61f0c000-7f3d61f0d000 r--p 00003000 08:02 47974552                   /usr/lib/x86_64-linux-gnu/libdl-2.31.so
7f3d61f0d000-7f3d61f0e000 r--p 00003000 08:02 47974552                   /usr/lib/x86_64-linux-gnu/libdl-2.31.so
7f3d61f0e000-7f3d61f0f000 rw-p 00004000 08:02 47974552                   /usr/lib/x86_64-linux-gnu/libdl-2.31.so
7f3d61f0f000-7f3d61f1e000 r-xp 00000000 07:06 421                        /snap/datagrip/137/jbr/lib/jli/libjli.so
7f3d61f1e000-7f3d6211d000 ---p 0000f000 07:06 421                        /snap/datagrip/137/jbr/lib/jli/libjli.so
7f3d6211d000-7f3d6211e000 r--p 0000e000 07:06 421                        /snap/datagrip/137/jbr/lib/jli/libjli.so
7f3d6211e000-7f3d6211f000 rw-p 0000f000 07:06 421                        /snap/datagrip/137/jbr/lib/jli/libjli.so
7f3d6211f000-7f3d62125000 r--p 00000000 08:02 47974564                   /usr/lib/x86_64-linux-gnu/libpthread-2.31.so
7f3d62125000-7f3d62136000 r-xp 00006000 08:02 47974564                   /usr/lib/x86_64-linux-gnu/libpthread-2.31.so
7f3d62136000-7f3d6213c000 r--p 00017000 08:02 47974564                   /usr/lib/x86_64-linux-gnu/libpthread-2.31.so
7f3d6213c000-7f3d6213d000 r--p 0001c000 08:02 47974564                   /usr/lib/x86_64-linux-gnu/libpthread-2.31.so
7f3d6213d000-7f3d6213e000 rw-p 0001d000 08:02 47974564                   /usr/lib/x86_64-linux-gnu/libpthread-2.31.so
7f3d6213e000-7f3d62142000 rw-p 00000000 00:00 0 
7f3d62142000-7f3d62144000 r--p 00000000 08:02 47972927                   /usr/lib/x86_64-linux-gnu/libz.so.1.2.11
7f3d62144000-7f3d62155000 r-xp 00002000 08:02 47972927                   /usr/lib/x86_64-linux-gnu/libz.so.1.2.11
7f3d62155000-7f3d6215b000 r--p 00013000 08:02 47972927                   /usr/lib/x86_64-linux-gnu/libz.so.1.2.11
7f3d6215b000-7f3d6215c000 ---p 00019000 08:02 47972927                   /usr/lib/x86_64-linux-gnu/libz.so.1.2.11
7f3d6215c000-7f3d6215d000 r--p 00019000 08:02 47972927                   /usr/lib/x86_64-linux-gnu/libz.so.1.2.11
7f3d6215d000-7f3d6215e000 rw-p 0001a000 08:02 47972927                   /usr/lib/x86_64-linux-gnu/libz.so.1.2.11
7f3d6215e000-7f3d62160000 rw-p 00000000 00:00 0 
7f3d62167000-7f3d6216f000 rw-s 00000000 08:02 7868646                    /tmp/hsperfdata_mike/269475
7f3d6216f000-7f3d62170000 ---p 00000000 00:00 0 
7f3d62170000-7f3d62171000 r--p 00000000 00:00 0 
7f3d62171000-7f3d62172000 r--p 00000000 08:02 47974544                   /usr/lib/x86_64-linux-gnu/ld-2.31.so
7f3d62172000-7f3d62195000 r-xp 00001000 08:02 47974544                   /usr/lib/x86_64-linux-gnu/ld-2.31.so
7f3d62195000-7f3d6219d000 r--p 00024000 08:02 47974544                   /usr/lib/x86_64-linux-gnu/ld-2.31.so
7f3d6219e000-7f3d6219f000 r--p 0002c000 08:02 47974544                   /usr/lib/x86_64-linux-gnu/ld-2.31.so
7f3d6219f000-7f3d621a0000 rw-p 0002d000 08:02 47974544                   /usr/lib/x86_64-linux-gnu/ld-2.31.so
7f3d621a0000-7f3d621a1000 rw-p 00000000 00:00 0 
7fff30d94000-7fff30db5000 rw-p 00000000 00:00 0                          [stack]
7fff30dd7000-7fff30ddb000 r--p 00000000 00:00 0                          [vvar]
7fff30ddb000-7fff30ddd000 r-xp 00000000 00:00 0                          [vdso]
ffffffffff600000-ffffffffff601000 --xp 00000000 00:00 0                  [vsyscall]


VM Arguments:
jvm_args: -Djava.rmi.server.hostname=127.0.0.1 -Duser.timezone=UTC -Xmx750m -Xms128m -Dfile.encoding=UTF-8 
java_command: com.intellij.database.remote.RemoteJdbcServer com.mysql.cj.jdbc.Driver
java_class_path (initial): /snap/datagrip/137/lib/util_rt.jar:/snap/datagrip/137/lib/util.jar:/snap/datagrip/137/lib/groovy.jar:/snap/datagrip/137/plugins/DatabaseTools/lib/jdbc-console.jar:/home/mike/.config/JetBrains/DataGrip2022.1/jdbc-drivers/MySQL ConnectorJ/8.0.25/mysql-connector-java-8.0.25.jar
Launcher Type: SUN_STANDARD

[Global flags]
     intx CICompilerCount                          = 4                                         {product} {ergonomic}
     uint ConcGCThreads                            = 3                                         {product} {ergonomic}
     uint G1ConcRefinementThreads                  = 10                                        {product} {ergonomic}
   size_t G1HeapRegionSize                         = 1048576                                   {product} {ergonomic}
    uintx GCDrainStackTargetSize                   = 64                                        {product} {ergonomic}
   size_t InitialHeapSize                          = 134217728                                 {product} {command line}
   size_t MarkStackSize                            = 4194304                                   {product} {ergonomic}
   size_t MaxHeapSize                              = 786432000                                 {product} {command line}
   size_t MaxNewSize                               = 471859200                                 {product} {ergonomic}
   size_t MinHeapDeltaBytes                        = 1048576                                   {product} {ergonomic}
    uintx NonNMethodCodeHeapSize                   = 5836300                                {pd product} {ergonomic}
    uintx NonProfiledCodeHeapSize                  = 122910970                              {pd product} {ergonomic}
    uintx ProfiledCodeHeapSize                     = 122910970                              {pd product} {ergonomic}
    uintx ReservedCodeCacheSize                    = 251658240                              {pd product} {ergonomic}
     bool SegmentedCodeCache                       = true                                      {product} {ergonomic}
     bool UseCompressedClassPointers               = true                                 {lp64_product} {ergonomic}
     bool UseCompressedOops                        = true                                 {lp64_product} {ergonomic}
     bool UseG1GC                                  = true                                      {product} {ergonomic}

Logging:
Log output configuration:
 #0: stdout all=warning uptime,level,tags
 #1: stderr all=off uptime,level,tags

Environment Variables:
PATH=/usr/local/sbin:/usr/local/bin:/usr/sbin:/usr/bin:/sbin:/bin:/usr/games:/usr/local/games:/snap/bin
USERNAME=mike
SHELL=/bin/bash
DISPLAY=:0
LANG=en_US.UTF-8

Signal Handlers:
SIGSEGV: [libjvm.so+0xe6c550], sa_mask[0]=11111111011111111101111111111110, sa_flags=SA_RESTART|SA_SIGINFO
SIGBUS: [libjvm.so+0xe6c550], sa_mask[0]=11111111011111111101111111111110, sa_flags=SA_RESTART|SA_SIGINFO
SIGFPE: [libjvm.so+0xe6c550], sa_mask[0]=11111111011111111101111111111110, sa_flags=SA_RESTART|SA_SIGINFO
SIGPIPE: [libjvm.so+0xbc0c20], sa_mask[0]=11111111011111111101111111111110, sa_flags=SA_RESTART|SA_SIGINFO
SIGXFSZ: [libjvm.so+0xbc0c20], sa_mask[0]=11111111011111111101111111111110, sa_flags=SA_RESTART|SA_SIGINFO
SIGILL: [libjvm.so+0xe6c550], sa_mask[0]=11111111011111111101111111111110, sa_flags=SA_RESTART|SA_SIGINFO
SIGUSR2: [libjvm.so+0xbc0ab0], sa_mask[0]=00100000000000000000000000000000, sa_flags=SA_RESTART|SA_SIGINFO
SIGHUP: [libjvm.so+0xbc0fa0], sa_mask[0]=11111111011111111101111111111110, sa_flags=SA_RESTART|SA_SIGINFO
SIGINT: [libjvm.so+0xbc0fa0], sa_mask[0]=11111111011111111101111111111110, sa_flags=SA_RESTART|SA_SIGINFO
SIGTERM: [libjvm.so+0xbc0fa0], sa_mask[0]=11111111011111111101111111111110, sa_flags=SA_RESTART|SA_SIGINFO
SIGQUIT: [libjvm.so+0xbc0fa0], sa_mask[0]=11111111011111111101111111111110, sa_flags=SA_RESTART|SA_SIGINFO


---------------  S Y S T E M  ---------------

OS:DISTRIB_ID=Ubuntu
DISTRIB_RELEASE=20.04
DISTRIB_CODENAME=focal
DISTRIB_DESCRIPTION="Ubuntu 20.04.4 LTS"
uname:Linux 5.13.0-39-generic #44~20.04.1-Ubuntu SMP Thu Mar 24 16:43:35 UTC 2022 x86_64
OS uptime: 1 days 13:07 hours
libc:glibc 2.31 NPTL 2.31 
rlimit (soft/hard): STACK 8192k/infinity , CORE 0k/infinity , NPROC 63506/63506 , NOFILE 1048576/1048576 , AS infinity/infinity , CPU infinity/infinity , DATA infinity/infinity , FSIZE infinity/infinity , MEMLOCK 65536k/65536k
load average:0,90 0,76 0,72

/proc/meminfo:
MemTotal:       16328244 kB
MemFree:          414244 kB
MemAvailable:    9182300 kB
Buffers:          589948 kB
Cached:          8196312 kB
SwapCached:            0 kB
Active:          3261376 kB
Inactive:       11668452 kB
Active(anon):       3220 kB
Inactive(anon):  6263164 kB
Active(file):    3258156 kB
Inactive(file):  5405288 kB
Unevictable:          64 kB
Mlocked:              64 kB
SwapTotal:       2097148 kB
SwapFree:        2097148 kB
Dirty:              6140 kB
Writeback:             0 kB
AnonPages:       6144216 kB
Mapped:          1591824 kB
Shmem:            152560 kB
KReclaimable:     440168 kB
Slab:             646628 kB
SReclaimable:     440168 kB
SUnreclaim:       206460 kB
KernelStack:       23776 kB
PageTables:        53428 kB
NFS_Unstable:          0 kB
Bounce:                0 kB
WritebackTmp:          0 kB
CommitLimit:    10261268 kB
Committed_AS:   17206764 kB
VmallocTotal:   34359738367 kB
VmallocUsed:       48880 kB
VmallocChunk:          0 kB
Percpu:            43776 kB
HardwareCorrupted:     0 kB
AnonHugePages:         0 kB
ShmemHugePages:        0 kB
ShmemPmdMapped:        0 kB
FileHugePages:         0 kB
FilePmdMapped:         0 kB
HugePages_Total:       0
HugePages_Free:        0
HugePages_Rsvd:        0
HugePages_Surp:        0
Hugepagesize:       2048 kB
Hugetlb:               0 kB
DirectMap4k:      515812 kB
DirectMap2M:    14112768 kB
DirectMap1G:     3145728 kB

/sys/kernel/mm/transparent_hugepage/enabled:
always [madvise] never
/sys/kernel/mm/transparent_hugepage/defrag (defrag/compaction efforts parameter):
always defer defer+madvise [madvise] never

Process Memory:
Virtual Size: 4145904K (peak: 4207584K)
Resident Set Size: 109172K (peak: 109172K) (anon: 78352K, file: 30820K, shmem: 0K)
Swapped out: 0K
C-Heap outstanding allocations: 18296K

/proc/sys/kernel/threads-max (system-wide limit on the number of threads):
127013
/proc/sys/vm/max_map_count (maximum number of memory map areas a process may have):
65530
/proc/sys/kernel/pid_max (system-wide limit on number of process identifiers):
4194304

container (cgroup) information:
container_type: cgroupv1
cpu_cpuset_cpus: 0-11
cpu_memory_nodes: 0
active_processor_count: 12
cpu_quota: -1
cpu_period: 100000
cpu_shares: -1
memory_limit_in_bytes: -1
memory_and_swap_limit_in_bytes: -1
memory_soft_limit_in_bytes: -1
memory_usage_in_bytes: 11746115584
memory_max_usage_in_bytes: 11746115584

Steal ticks since vm start: 0
Steal ticks percentage since vm start:  0,000

CPU:total 12 (initial active 12) (12 cores per cpu, 2 threads per core) family 23 model 113 stepping 0 microcode 0x8701013, cmov, cx8, fxsr, mmx, sse, sse2, sse3, ssse3, sse4.1, sse4.2, popcnt, avx, avx2, aes, clmul, mmxext, 3dnowpref, lzcnt, sse4a, ht, tsc, tscinvbit, tscinv, bmi1, bmi2, adx, sha, fma
CPU Model and flags from /proc/cpuinfo:
model name	: AMD Ryzen 5 3600 6-Core Processor
flags		: fpu vme de pse tsc msr pae mce cx8 apic sep mtrr pge mca cmov pat pse36 clflush mmx fxsr sse sse2 ht syscall nx mmxext fxsr_opt pdpe1gb rdtscp lm constant_tsc rep_good nopl nonstop_tsc cpuid extd_apicid aperfmperf pni pclmulqdq monitor ssse3 fma cx16 sse4_1 sse4_2 movbe popcnt aes xsave avx f16c rdrand lahf_lm cmp_legacy svm extapic cr8_legacy abm sse4a misalignsse 3dnowprefetch osvw ibs skinit wdt tce topoext perfctr_core perfctr_nb bpext perfctr_llc mwaitx cpb cat_l3 cdp_l3 hw_pstate ssbd mba ibpb stibp vmmcall fsgsbase bmi1 avx2 smep bmi2 cqm rdt_a rdseed adx smap clflushopt clwb sha_ni xsaveopt xsavec xgetbv1 xsaves cqm_llc cqm_occup_llc cqm_mbm_total cqm_mbm_local clzero irperf xsaveerptr rdpru wbnoinvd arat npt lbrv svm_lock nrip_save tsc_scale vmcb_clean flushbyasid decodeassists pausefilter pfthreshold avic v_vmsave_vmload vgif v_spec_ctrl umip rdpid overflow_recov succor smca sme sev sev_es
Online cpus:
0-11
Offline cpus:
12-31
BIOS frequency limitation:
3600000
Frequency switch latency (ns):
0
Available cpu frequencies:
3600000 2800000 2200000 
Current governor:
ondemand
Core performance/turbo boost:
1

Memory: 4k page, physical 16328244k(414244k free), swap 2097148k(2097148k free)

vm_info: OpenJDK 64-Bit Server VM (11.0.14.1+1-b2043.25) for linux-amd64 JRE (11.0.14.1+1-b2043.25), built on Mar 30 2022 00:36:07 by "" with gcc 8.3.1 20190311 (Red Hat 8.3.1-3)

END.
